{"/Users/dani/Desktop/skylab/skylab-bootcamp-201809/staff/daniel-villegas/partyup/partyup-api/logic/index.spec.js":{"path":"/Users/dani/Desktop/skylab/skylab-bootcamp-201809/staff/daniel-villegas/partyup/partyup-api/logic/index.spec.js","statementMap":{"0":{"start":{"line":1,"column":14},"end":{"line":1,"column":26}},"1":{"start":{"line":2,"column":60},"end":{"line":2,"column":83}},"2":{"start":{"line":3,"column":19},"end":{"line":3,"column":34}},"3":{"start":{"line":4,"column":14},"end":{"line":4,"column":32}},"4":{"start":{"line":7,"column":18},"end":{"line":7,"column":58}},"5":{"start":{"line":9,"column":0},"end":{"line":1142,"column":2}},"6":{"start":{"line":10,"column":4},"end":{"line":10,"column":77}},"7":{"start":{"line":10,"column":17},"end":{"line":10,"column":76}},"8":{"start":{"line":12,"column":4},"end":{"line":12,"column":101}},"9":{"start":{"line":12,"column":21},"end":{"line":12,"column":100}},"10":{"start":{"line":14,"column":4},"end":{"line":1140,"column":6}},"11":{"start":{"line":15,"column":8},"end":{"line":136,"column":10}},"12":{"start":{"line":18,"column":12},"end":{"line":24,"column":14}},"13":{"start":{"line":19,"column":16},"end":{"line":19,"column":46}},"14":{"start":{"line":20,"column":16},"end":{"line":20,"column":52}},"15":{"start":{"line":21,"column":16},"end":{"line":21,"column":46}},"16":{"start":{"line":22,"column":16},"end":{"line":22,"column":54}},"17":{"start":{"line":23,"column":16},"end":{"line":23,"column":54}},"18":{"start":{"line":26,"column":12},"end":{"line":44,"column":14}},"19":{"start":{"line":27,"column":28},"end":{"line":27,"column":93}},"20":{"start":{"line":29,"column":16},"end":{"line":29,"column":43}},"21":{"start":{"line":31,"column":31},"end":{"line":31,"column":48}},"22":{"start":{"line":33,"column":16},"end":{"line":33,"column":49}},"23":{"start":{"line":35,"column":31},"end":{"line":35,"column":37}},"24":{"start":{"line":37,"column":16},"end":{"line":37,"column":49}},"25":{"start":{"line":38,"column":16},"end":{"line":38,"column":48}},"26":{"start":{"line":39,"column":16},"end":{"line":39,"column":54}},"27":{"start":{"line":40,"column":16},"end":{"line":40,"column":48}},"28":{"start":{"line":41,"column":16},"end":{"line":41,"column":56}},"29":{"start":{"line":42,"column":16},"end":{"line":42,"column":56}},"30":{"start":{"line":48,"column":12},"end":{"line":50,"column":14}},"31":{"start":{"line":49,"column":16},"end":{"line":49,"column":143}},"32":{"start":{"line":49,"column":29},"end":{"line":49,"column":93}},"33":{"start":{"line":52,"column":12},"end":{"line":54,"column":14}},"34":{"start":{"line":53,"column":16},"end":{"line":53,"column":131}},"35":{"start":{"line":53,"column":29},"end":{"line":53,"column":88}},"36":{"start":{"line":56,"column":12},"end":{"line":58,"column":14}},"37":{"start":{"line":57,"column":16},"end":{"line":57,"column":123}},"38":{"start":{"line":57,"column":29},"end":{"line":57,"column":85}},"39":{"start":{"line":60,"column":12},"end":{"line":62,"column":14}},"40":{"start":{"line":61,"column":16},"end":{"line":61,"column":131}},"41":{"start":{"line":61,"column":29},"end":{"line":61,"column":89}},"42":{"start":{"line":66,"column":12},"end":{"line":68,"column":14}},"43":{"start":{"line":67,"column":16},"end":{"line":67,"column":140}},"44":{"start":{"line":67,"column":29},"end":{"line":67,"column":90}},"45":{"start":{"line":70,"column":12},"end":{"line":72,"column":14}},"46":{"start":{"line":71,"column":16},"end":{"line":71,"column":131}},"47":{"start":{"line":71,"column":29},"end":{"line":71,"column":85}},"48":{"start":{"line":74,"column":12},"end":{"line":76,"column":14}},"49":{"start":{"line":75,"column":16},"end":{"line":75,"column":120}},"50":{"start":{"line":75,"column":29},"end":{"line":75,"column":82}},"51":{"start":{"line":78,"column":12},"end":{"line":80,"column":14}},"52":{"start":{"line":79,"column":16},"end":{"line":79,"column":128}},"53":{"start":{"line":79,"column":29},"end":{"line":79,"column":86}},"54":{"start":{"line":84,"column":12},"end":{"line":86,"column":14}},"55":{"start":{"line":85,"column":16},"end":{"line":85,"column":143}},"56":{"start":{"line":85,"column":29},"end":{"line":85,"column":93}},"57":{"start":{"line":88,"column":12},"end":{"line":90,"column":14}},"58":{"start":{"line":89,"column":16},"end":{"line":89,"column":131}},"59":{"start":{"line":89,"column":29},"end":{"line":89,"column":88}},"60":{"start":{"line":92,"column":12},"end":{"line":94,"column":14}},"61":{"start":{"line":93,"column":16},"end":{"line":93,"column":123}},"62":{"start":{"line":93,"column":29},"end":{"line":93,"column":85}},"63":{"start":{"line":96,"column":12},"end":{"line":98,"column":14}},"64":{"start":{"line":97,"column":16},"end":{"line":97,"column":131}},"65":{"start":{"line":97,"column":29},"end":{"line":97,"column":89}},"66":{"start":{"line":102,"column":12},"end":{"line":104,"column":14}},"67":{"start":{"line":103,"column":16},"end":{"line":103,"column":139}},"68":{"start":{"line":103,"column":29},"end":{"line":103,"column":89}},"69":{"start":{"line":106,"column":12},"end":{"line":108,"column":14}},"70":{"start":{"line":107,"column":16},"end":{"line":107,"column":131}},"71":{"start":{"line":107,"column":29},"end":{"line":107,"column":84}},"72":{"start":{"line":110,"column":12},"end":{"line":112,"column":14}},"73":{"start":{"line":111,"column":16},"end":{"line":111,"column":119}},"74":{"start":{"line":111,"column":29},"end":{"line":111,"column":81}},"75":{"start":{"line":114,"column":12},"end":{"line":116,"column":14}},"76":{"start":{"line":115,"column":16},"end":{"line":115,"column":125}},"77":{"start":{"line":115,"column":29},"end":{"line":115,"column":84}},"78":{"start":{"line":120,"column":12},"end":{"line":122,"column":14}},"79":{"start":{"line":121,"column":16},"end":{"line":121,"column":139}},"80":{"start":{"line":121,"column":29},"end":{"line":121,"column":89}},"81":{"start":{"line":124,"column":12},"end":{"line":126,"column":14}},"82":{"start":{"line":125,"column":16},"end":{"line":125,"column":131}},"83":{"start":{"line":125,"column":29},"end":{"line":125,"column":84}},"84":{"start":{"line":128,"column":12},"end":{"line":130,"column":14}},"85":{"start":{"line":129,"column":16},"end":{"line":129,"column":121}},"86":{"start":{"line":129,"column":29},"end":{"line":129,"column":82}},"87":{"start":{"line":132,"column":12},"end":{"line":134,"column":14}},"88":{"start":{"line":133,"column":16},"end":{"line":133,"column":127}},"89":{"start":{"line":133,"column":29},"end":{"line":133,"column":85}},"90":{"start":{"line":138,"column":8},"end":{"line":198,"column":10}},"91":{"start":{"line":140,"column":12},"end":{"line":144,"column":14}},"92":{"start":{"line":141,"column":16},"end":{"line":141,"column":196}},"93":{"start":{"line":143,"column":16},"end":{"line":143,"column":34}},"94":{"start":{"line":146,"column":12},"end":{"line":161,"column":14}},"95":{"start":{"line":147,"column":47},"end":{"line":147,"column":51}},"96":{"start":{"line":149,"column":16},"end":{"line":160,"column":22}},"97":{"start":{"line":151,"column":24},"end":{"line":151,"column":43}},"98":{"start":{"line":152,"column":24},"end":{"line":152,"column":52}},"99":{"start":{"line":154,"column":24},"end":{"line":159,"column":30}},"100":{"start":{"line":156,"column":48},"end":{"line":156,"column":54}},"101":{"start":{"line":158,"column":32},"end":{"line":158,"column":61}},"102":{"start":{"line":165,"column":12},"end":{"line":167,"column":14}},"103":{"start":{"line":166,"column":16},"end":{"line":166,"column":127}},"104":{"start":{"line":166,"column":29},"end":{"line":166,"column":77}},"105":{"start":{"line":169,"column":12},"end":{"line":171,"column":14}},"106":{"start":{"line":170,"column":16},"end":{"line":170,"column":120}},"107":{"start":{"line":170,"column":29},"end":{"line":170,"column":73}},"108":{"start":{"line":173,"column":12},"end":{"line":175,"column":14}},"109":{"start":{"line":174,"column":16},"end":{"line":174,"column":107}},"110":{"start":{"line":174,"column":29},"end":{"line":174,"column":69}},"111":{"start":{"line":177,"column":12},"end":{"line":179,"column":14}},"112":{"start":{"line":178,"column":16},"end":{"line":178,"column":113}},"113":{"start":{"line":178,"column":29},"end":{"line":178,"column":72}},"114":{"start":{"line":183,"column":12},"end":{"line":185,"column":14}},"115":{"start":{"line":184,"column":16},"end":{"line":184,"column":127}},"116":{"start":{"line":184,"column":29},"end":{"line":184,"column":77}},"117":{"start":{"line":187,"column":12},"end":{"line":189,"column":14}},"118":{"start":{"line":188,"column":16},"end":{"line":188,"column":120}},"119":{"start":{"line":188,"column":29},"end":{"line":188,"column":73}},"120":{"start":{"line":191,"column":12},"end":{"line":193,"column":14}},"121":{"start":{"line":192,"column":16},"end":{"line":192,"column":107}},"122":{"start":{"line":192,"column":29},"end":{"line":192,"column":69}},"123":{"start":{"line":195,"column":12},"end":{"line":197,"column":14}},"124":{"start":{"line":196,"column":16},"end":{"line":196,"column":113}},"125":{"start":{"line":196,"column":29},"end":{"line":196,"column":72}},"126":{"start":{"line":200,"column":8},"end":{"line":243,"column":10}},"127":{"start":{"line":202,"column":12},"end":{"line":206,"column":14}},"128":{"start":{"line":203,"column":16},"end":{"line":203,"column":196}},"129":{"start":{"line":205,"column":16},"end":{"line":205,"column":34}},"130":{"start":{"line":208,"column":12},"end":{"line":223,"column":14}},"131":{"start":{"line":209,"column":31},"end":{"line":209,"column":35}},"132":{"start":{"line":211,"column":16},"end":{"line":222,"column":22}},"133":{"start":{"line":213,"column":24},"end":{"line":213,"column":47}},"134":{"start":{"line":214,"column":24},"end":{"line":214,"column":67}},"135":{"start":{"line":216,"column":24},"end":{"line":221,"column":30}},"136":{"start":{"line":218,"column":48},"end":{"line":218,"column":54}},"137":{"start":{"line":220,"column":32},"end":{"line":220,"column":79}},"138":{"start":{"line":227,"column":12},"end":{"line":229,"column":14}},"139":{"start":{"line":228,"column":16},"end":{"line":228,"column":114}},"140":{"start":{"line":228,"column":29},"end":{"line":228,"column":64}},"141":{"start":{"line":231,"column":12},"end":{"line":233,"column":14}},"142":{"start":{"line":232,"column":16},"end":{"line":232,"column":101}},"143":{"start":{"line":232,"column":29},"end":{"line":232,"column":60}},"144":{"start":{"line":235,"column":12},"end":{"line":237,"column":14}},"145":{"start":{"line":236,"column":16},"end":{"line":236,"column":94}},"146":{"start":{"line":236,"column":29},"end":{"line":236,"column":56}},"147":{"start":{"line":239,"column":12},"end":{"line":241,"column":14}},"148":{"start":{"line":240,"column":16},"end":{"line":240,"column":98}},"149":{"start":{"line":240,"column":29},"end":{"line":240,"column":57}},"150":{"start":{"line":245,"column":8},"end":{"line":264,"column":10}},"151":{"start":{"line":248,"column":12},"end":{"line":252,"column":14}},"152":{"start":{"line":249,"column":16},"end":{"line":249,"column":196}},"153":{"start":{"line":251,"column":16},"end":{"line":251,"column":34}},"154":{"start":{"line":254,"column":12},"end":{"line":263,"column":14}},"155":{"start":{"line":255,"column":30},"end":{"line":255,"column":65}},"156":{"start":{"line":257,"column":16},"end":{"line":257,"column":50}},"157":{"start":{"line":258,"column":16},"end":{"line":258,"column":54}},"158":{"start":{"line":259,"column":16},"end":{"line":259,"column":60}},"159":{"start":{"line":260,"column":16},"end":{"line":260,"column":54}},"160":{"start":{"line":261,"column":16},"end":{"line":261,"column":62}},"161":{"start":{"line":262,"column":16},"end":{"line":262,"column":62}},"162":{"start":{"line":266,"column":8},"end":{"line":286,"column":10}},"163":{"start":{"line":269,"column":12},"end":{"line":273,"column":14}},"164":{"start":{"line":270,"column":16},"end":{"line":270,"column":196}},"165":{"start":{"line":272,"column":16},"end":{"line":272,"column":34}},"166":{"start":{"line":275,"column":12},"end":{"line":285,"column":14}},"167":{"start":{"line":276,"column":30},"end":{"line":276,"column":71}},"168":{"start":{"line":278,"column":16},"end":{"line":278,"column":50}},"169":{"start":{"line":279,"column":16},"end":{"line":279,"column":54}},"170":{"start":{"line":280,"column":16},"end":{"line":280,"column":60}},"171":{"start":{"line":281,"column":16},"end":{"line":281,"column":54}},"172":{"start":{"line":282,"column":16},"end":{"line":282,"column":62}},"173":{"start":{"line":283,"column":16},"end":{"line":283,"column":62}},"174":{"start":{"line":284,"column":16},"end":{"line":284,"column":56}},"175":{"start":{"line":288,"column":8},"end":{"line":316,"column":10}},"176":{"start":{"line":291,"column":12},"end":{"line":295,"column":14}},"177":{"start":{"line":292,"column":16},"end":{"line":292,"column":196}},"178":{"start":{"line":294,"column":16},"end":{"line":294,"column":34}},"179":{"start":{"line":297,"column":12},"end":{"line":315,"column":14}},"180":{"start":{"line":298,"column":30},"end":{"line":298,"column":65}},"181":{"start":{"line":300,"column":16},"end":{"line":300,"column":38}},"182":{"start":{"line":301,"column":16},"end":{"line":301,"column":50}},"183":{"start":{"line":302,"column":16},"end":{"line":302,"column":54}},"184":{"start":{"line":303,"column":16},"end":{"line":303,"column":60}},"185":{"start":{"line":304,"column":16},"end":{"line":304,"column":54}},"186":{"start":{"line":305,"column":16},"end":{"line":305,"column":59}},"187":{"start":{"line":306,"column":16},"end":{"line":306,"column":59}},"188":{"start":{"line":308,"column":31},"end":{"line":308,"column":62}},"189":{"start":{"line":310,"column":16},"end":{"line":310,"column":46}},"190":{"start":{"line":312,"column":32},"end":{"line":312,"column":49}},"191":{"start":{"line":314,"column":16},"end":{"line":314,"column":49}},"192":{"start":{"line":318,"column":8},"end":{"line":940,"column":10}},"193":{"start":{"line":319,"column":12},"end":{"line":466,"column":14}},"194":{"start":{"line":322,"column":16},"end":{"line":333,"column":18}},"195":{"start":{"line":323,"column":20},"end":{"line":323,"column":200}},"196":{"start":{"line":324,"column":20},"end":{"line":324,"column":36}},"197":{"start":{"line":325,"column":20},"end":{"line":325,"column":53}},"198":{"start":{"line":326,"column":20},"end":{"line":326,"column":37}},"199":{"start":{"line":327,"column":20},"end":{"line":327,"column":31}},"200":{"start":{"line":328,"column":20},"end":{"line":328,"column":36}},"201":{"start":{"line":329,"column":20},"end":{"line":329,"column":31}},"202":{"start":{"line":332,"column":20},"end":{"line":332,"column":38}},"203":{"start":{"line":335,"column":16},"end":{"line":363,"column":18}},"204":{"start":{"line":336,"column":32},"end":{"line":336,"column":111}},"205":{"start":{"line":338,"column":20},"end":{"line":338,"column":47}},"206":{"start":{"line":340,"column":38},"end":{"line":340,"column":58}},"207":{"start":{"line":342,"column":20},"end":{"line":342,"column":56}},"208":{"start":{"line":344,"column":38},"end":{"line":344,"column":47}},"209":{"start":{"line":346,"column":20},"end":{"line":346,"column":57}},"210":{"start":{"line":347,"column":20},"end":{"line":347,"column":59}},"211":{"start":{"line":349,"column":20},"end":{"line":349,"column":69}},"212":{"start":{"line":350,"column":20},"end":{"line":350,"column":65}},"213":{"start":{"line":355,"column":20},"end":{"line":355,"column":55}},"214":{"start":{"line":356,"column":20},"end":{"line":356,"column":58}},"215":{"start":{"line":358,"column":20},"end":{"line":358,"column":57}},"216":{"start":{"line":359,"column":20},"end":{"line":359,"column":59}},"217":{"start":{"line":361,"column":20},"end":{"line":361,"column":55}},"218":{"start":{"line":362,"column":20},"end":{"line":362,"column":58}},"219":{"start":{"line":366,"column":16},"end":{"line":368,"column":18}},"220":{"start":{"line":367,"column":20},"end":{"line":367,"column":160}},"221":{"start":{"line":367,"column":33},"end":{"line":367,"column":110}},"222":{"start":{"line":370,"column":16},"end":{"line":372,"column":18}},"223":{"start":{"line":371,"column":20},"end":{"line":371,"column":149}},"224":{"start":{"line":371,"column":33},"end":{"line":371,"column":105}},"225":{"start":{"line":374,"column":16},"end":{"line":376,"column":18}},"226":{"start":{"line":375,"column":20},"end":{"line":375,"column":140}},"227":{"start":{"line":375,"column":33},"end":{"line":375,"column":102}},"228":{"start":{"line":378,"column":16},"end":{"line":380,"column":18}},"229":{"start":{"line":379,"column":20},"end":{"line":379,"column":146}},"230":{"start":{"line":379,"column":33},"end":{"line":379,"column":105}},"231":{"start":{"line":383,"column":16},"end":{"line":385,"column":18}},"232":{"start":{"line":384,"column":20},"end":{"line":384,"column":154}},"233":{"start":{"line":384,"column":33},"end":{"line":384,"column":104}},"234":{"start":{"line":387,"column":16},"end":{"line":389,"column":18}},"235":{"start":{"line":388,"column":20},"end":{"line":388,"column":149}},"236":{"start":{"line":388,"column":33},"end":{"line":388,"column":99}},"237":{"start":{"line":391,"column":16},"end":{"line":393,"column":18}},"238":{"start":{"line":392,"column":20},"end":{"line":392,"column":134}},"239":{"start":{"line":392,"column":33},"end":{"line":392,"column":96}},"240":{"start":{"line":395,"column":16},"end":{"line":397,"column":18}},"241":{"start":{"line":396,"column":20},"end":{"line":396,"column":140}},"242":{"start":{"line":396,"column":33},"end":{"line":396,"column":99}},"243":{"start":{"line":400,"column":16},"end":{"line":402,"column":18}},"244":{"start":{"line":401,"column":20},"end":{"line":401,"column":161}},"245":{"start":{"line":401,"column":33},"end":{"line":401,"column":111}},"246":{"start":{"line":404,"column":16},"end":{"line":406,"column":18}},"247":{"start":{"line":405,"column":20},"end":{"line":405,"column":149}},"248":{"start":{"line":405,"column":33},"end":{"line":405,"column":106}},"249":{"start":{"line":408,"column":16},"end":{"line":410,"column":18}},"250":{"start":{"line":409,"column":20},"end":{"line":409,"column":141}},"251":{"start":{"line":409,"column":33},"end":{"line":409,"column":103}},"252":{"start":{"line":412,"column":16},"end":{"line":414,"column":18}},"253":{"start":{"line":413,"column":20},"end":{"line":413,"column":147}},"254":{"start":{"line":413,"column":33},"end":{"line":413,"column":106}},"255":{"start":{"line":417,"column":16},"end":{"line":419,"column":18}},"256":{"start":{"line":418,"column":20},"end":{"line":418,"column":160}},"257":{"start":{"line":418,"column":33},"end":{"line":418,"column":110}},"258":{"start":{"line":421,"column":16},"end":{"line":423,"column":18}},"259":{"start":{"line":422,"column":20},"end":{"line":422,"column":149}},"260":{"start":{"line":422,"column":33},"end":{"line":422,"column":105}},"261":{"start":{"line":425,"column":16},"end":{"line":427,"column":18}},"262":{"start":{"line":426,"column":20},"end":{"line":426,"column":140}},"263":{"start":{"line":426,"column":33},"end":{"line":426,"column":102}},"264":{"start":{"line":429,"column":16},"end":{"line":431,"column":18}},"265":{"start":{"line":430,"column":20},"end":{"line":430,"column":146}},"266":{"start":{"line":430,"column":33},"end":{"line":430,"column":105}},"267":{"start":{"line":434,"column":16},"end":{"line":436,"column":18}},"268":{"start":{"line":435,"column":20},"end":{"line":435,"column":161}},"269":{"start":{"line":435,"column":33},"end":{"line":435,"column":111}},"270":{"start":{"line":438,"column":16},"end":{"line":440,"column":18}},"271":{"start":{"line":439,"column":20},"end":{"line":439,"column":149}},"272":{"start":{"line":439,"column":33},"end":{"line":439,"column":106}},"273":{"start":{"line":442,"column":16},"end":{"line":444,"column":18}},"274":{"start":{"line":443,"column":20},"end":{"line":443,"column":141}},"275":{"start":{"line":443,"column":33},"end":{"line":443,"column":103}},"276":{"start":{"line":446,"column":16},"end":{"line":448,"column":18}},"277":{"start":{"line":447,"column":20},"end":{"line":447,"column":147}},"278":{"start":{"line":447,"column":33},"end":{"line":447,"column":106}},"279":{"start":{"line":451,"column":16},"end":{"line":453,"column":18}},"280":{"start":{"line":452,"column":20},"end":{"line":452,"column":158}},"281":{"start":{"line":452,"column":33},"end":{"line":452,"column":108}},"282":{"start":{"line":455,"column":16},"end":{"line":457,"column":18}},"283":{"start":{"line":456,"column":20},"end":{"line":456,"column":148}},"284":{"start":{"line":456,"column":33},"end":{"line":456,"column":103}},"285":{"start":{"line":459,"column":16},"end":{"line":461,"column":18}},"286":{"start":{"line":460,"column":20},"end":{"line":460,"column":138}},"287":{"start":{"line":460,"column":33},"end":{"line":460,"column":100}},"288":{"start":{"line":463,"column":16},"end":{"line":465,"column":18}},"289":{"start":{"line":464,"column":20},"end":{"line":464,"column":144}},"290":{"start":{"line":464,"column":33},"end":{"line":464,"column":103}},"291":{"start":{"line":468,"column":12},"end":{"line":879,"column":14}},"292":{"start":{"line":471,"column":16},"end":{"line":479,"column":18}},"293":{"start":{"line":473,"column":20},"end":{"line":473,"column":200}},"294":{"start":{"line":474,"column":20},"end":{"line":474,"column":189}},"295":{"start":{"line":475,"column":20},"end":{"line":475,"column":193}},"296":{"start":{"line":476,"column":20},"end":{"line":476,"column":32}},"297":{"start":{"line":477,"column":20},"end":{"line":477,"column":28}},"298":{"start":{"line":478,"column":20},"end":{"line":478,"column":86}},"299":{"start":{"line":481,"column":16},"end":{"line":522,"column":17}},"300":{"start":{"line":482,"column":20},"end":{"line":521,"column":26}},"301":{"start":{"line":484,"column":28},"end":{"line":520,"column":34}},"302":{"start":{"line":486,"column":36},"end":{"line":486,"column":71}},"303":{"start":{"line":488,"column":36},"end":{"line":488,"column":86}},"304":{"start":{"line":489,"column":66},"end":{"line":489,"column":75}},"305":{"start":{"line":491,"column":36},"end":{"line":491,"column":76}},"306":{"start":{"line":492,"column":36},"end":{"line":492,"column":82}},"307":{"start":{"line":493,"column":36},"end":{"line":493,"column":94}},"308":{"start":{"line":494,"column":36},"end":{"line":494,"column":82}},"309":{"start":{"line":495,"column":36},"end":{"line":495,"column":80}},"310":{"start":{"line":496,"column":36},"end":{"line":496,"column":80}},"311":{"start":{"line":498,"column":36},"end":{"line":498,"column":78}},"312":{"start":{"line":499,"column":36},"end":{"line":499,"column":84}},"313":{"start":{"line":500,"column":36},"end":{"line":500,"column":96}},"314":{"start":{"line":501,"column":36},"end":{"line":501,"column":84}},"315":{"start":{"line":502,"column":36},"end":{"line":502,"column":82}},"316":{"start":{"line":503,"column":36},"end":{"line":503,"column":82}},"317":{"start":{"line":505,"column":68},"end":{"line":505,"column":76}},"318":{"start":{"line":507,"column":36},"end":{"line":507,"column":78}},"319":{"start":{"line":508,"column":36},"end":{"line":508,"column":84}},"320":{"start":{"line":509,"column":36},"end":{"line":509,"column":81}},"321":{"start":{"line":510,"column":36},"end":{"line":510,"column":84}},"322":{"start":{"line":511,"column":36},"end":{"line":511,"column":82}},"323":{"start":{"line":512,"column":36},"end":{"line":512,"column":71}},"324":{"start":{"line":514,"column":36},"end":{"line":514,"column":80}},"325":{"start":{"line":515,"column":36},"end":{"line":515,"column":86}},"326":{"start":{"line":516,"column":36},"end":{"line":516,"column":79}},"327":{"start":{"line":517,"column":36},"end":{"line":517,"column":86}},"328":{"start":{"line":518,"column":36},"end":{"line":518,"column":84}},"329":{"start":{"line":519,"column":36},"end":{"line":519,"column":72}},"330":{"start":{"line":524,"column":16},"end":{"line":526,"column":18}},"331":{"start":{"line":525,"column":20},"end":{"line":525,"column":121}},"332":{"start":{"line":525,"column":33},"end":{"line":525,"column":71}},"333":{"start":{"line":528,"column":16},"end":{"line":530,"column":18}},"334":{"start":{"line":529,"column":20},"end":{"line":529,"column":112}},"335":{"start":{"line":529,"column":33},"end":{"line":529,"column":67}},"336":{"start":{"line":532,"column":16},"end":{"line":534,"column":18}},"337":{"start":{"line":533,"column":20},"end":{"line":533,"column":109}},"338":{"start":{"line":533,"column":33},"end":{"line":533,"column":65}},"339":{"start":{"line":536,"column":16},"end":{"line":538,"column":18}},"340":{"start":{"line":537,"column":20},"end":{"line":537,"column":111}},"341":{"start":{"line":537,"column":33},"end":{"line":537,"column":66}},"342":{"start":{"line":540,"column":16},"end":{"line":585,"column":17}},"343":{"start":{"line":541,"column":20},"end":{"line":583,"column":26}},"344":{"start":{"line":544,"column":28},"end":{"line":582,"column":34}},"345":{"start":{"line":547,"column":36},"end":{"line":547,"column":70}},"346":{"start":{"line":549,"column":36},"end":{"line":549,"column":85}},"347":{"start":{"line":551,"column":66},"end":{"line":551,"column":75}},"348":{"start":{"line":553,"column":36},"end":{"line":553,"column":79}},"349":{"start":{"line":554,"column":36},"end":{"line":554,"column":85}},"350":{"start":{"line":555,"column":36},"end":{"line":555,"column":97}},"351":{"start":{"line":556,"column":36},"end":{"line":556,"column":85}},"352":{"start":{"line":557,"column":36},"end":{"line":557,"column":83}},"353":{"start":{"line":558,"column":36},"end":{"line":558,"column":83}},"354":{"start":{"line":560,"column":36},"end":{"line":560,"column":78}},"355":{"start":{"line":561,"column":36},"end":{"line":561,"column":84}},"356":{"start":{"line":562,"column":36},"end":{"line":562,"column":96}},"357":{"start":{"line":563,"column":36},"end":{"line":563,"column":84}},"358":{"start":{"line":564,"column":36},"end":{"line":564,"column":82}},"359":{"start":{"line":565,"column":36},"end":{"line":565,"column":82}},"360":{"start":{"line":567,"column":68},"end":{"line":567,"column":75}},"361":{"start":{"line":569,"column":36},"end":{"line":569,"column":78}},"362":{"start":{"line":570,"column":36},"end":{"line":570,"column":84}},"363":{"start":{"line":571,"column":36},"end":{"line":571,"column":96}},"364":{"start":{"line":572,"column":36},"end":{"line":572,"column":84}},"365":{"start":{"line":573,"column":36},"end":{"line":573,"column":82}},"366":{"start":{"line":574,"column":36},"end":{"line":574,"column":82}},"367":{"start":{"line":576,"column":36},"end":{"line":576,"column":80}},"368":{"start":{"line":577,"column":36},"end":{"line":577,"column":86}},"369":{"start":{"line":578,"column":36},"end":{"line":578,"column":98}},"370":{"start":{"line":579,"column":36},"end":{"line":579,"column":86}},"371":{"start":{"line":580,"column":36},"end":{"line":580,"column":84}},"372":{"start":{"line":581,"column":36},"end":{"line":581,"column":84}},"373":{"start":{"line":587,"column":16},"end":{"line":589,"column":18}},"374":{"start":{"line":588,"column":20},"end":{"line":588,"column":140}},"375":{"start":{"line":588,"column":33},"end":{"line":588,"column":90}},"376":{"start":{"line":591,"column":16},"end":{"line":593,"column":18}},"377":{"start":{"line":592,"column":20},"end":{"line":592,"column":132}},"378":{"start":{"line":592,"column":33},"end":{"line":592,"column":87}},"379":{"start":{"line":595,"column":16},"end":{"line":597,"column":18}},"380":{"start":{"line":596,"column":20},"end":{"line":596,"column":128}},"381":{"start":{"line":596,"column":33},"end":{"line":596,"column":87}},"382":{"start":{"line":599,"column":16},"end":{"line":601,"column":18}},"383":{"start":{"line":600,"column":20},"end":{"line":600,"column":130}},"384":{"start":{"line":600,"column":33},"end":{"line":600,"column":85}},"385":{"start":{"line":604,"column":16},"end":{"line":606,"column":18}},"386":{"start":{"line":605,"column":20},"end":{"line":605,"column":143}},"387":{"start":{"line":605,"column":33},"end":{"line":605,"column":93}},"388":{"start":{"line":608,"column":16},"end":{"line":610,"column":18}},"389":{"start":{"line":609,"column":20},"end":{"line":609,"column":135}},"390":{"start":{"line":609,"column":33},"end":{"line":609,"column":90}},"391":{"start":{"line":612,"column":16},"end":{"line":614,"column":18}},"392":{"start":{"line":613,"column":20},"end":{"line":613,"column":131}},"393":{"start":{"line":613,"column":33},"end":{"line":613,"column":90}},"394":{"start":{"line":616,"column":16},"end":{"line":618,"column":18}},"395":{"start":{"line":617,"column":20},"end":{"line":617,"column":132}},"396":{"start":{"line":617,"column":33},"end":{"line":617,"column":87}},"397":{"start":{"line":621,"column":16},"end":{"line":623,"column":18}},"398":{"start":{"line":622,"column":20},"end":{"line":622,"column":128}},"399":{"start":{"line":622,"column":33},"end":{"line":622,"column":85}},"400":{"start":{"line":625,"column":16},"end":{"line":627,"column":18}},"401":{"start":{"line":626,"column":20},"end":{"line":626,"column":128}},"402":{"start":{"line":626,"column":33},"end":{"line":626,"column":83}},"403":{"start":{"line":630,"column":16},"end":{"line":632,"column":18}},"404":{"start":{"line":631,"column":20},"end":{"line":631,"column":128}},"405":{"start":{"line":631,"column":33},"end":{"line":631,"column":85}},"406":{"start":{"line":634,"column":16},"end":{"line":636,"column":18}},"407":{"start":{"line":635,"column":20},"end":{"line":635,"column":128}},"408":{"start":{"line":635,"column":33},"end":{"line":635,"column":83}},"409":{"start":{"line":638,"column":16},"end":{"line":668,"column":18}},"410":{"start":{"line":641,"column":20},"end":{"line":649,"column":22}},"411":{"start":{"line":643,"column":24},"end":{"line":643,"column":204}},"412":{"start":{"line":644,"column":24},"end":{"line":644,"column":188}},"413":{"start":{"line":646,"column":24},"end":{"line":647,"column":70}},"414":{"start":{"line":647,"column":40},"end":{"line":647,"column":69}},"415":{"start":{"line":651,"column":20},"end":{"line":667,"column":21}},"416":{"start":{"line":652,"column":24},"end":{"line":666,"column":30}},"417":{"start":{"line":654,"column":32},"end":{"line":665,"column":38}},"418":{"start":{"line":656,"column":40},"end":{"line":656,"column":65}},"419":{"start":{"line":657,"column":40},"end":{"line":657,"column":75}},"420":{"start":{"line":659,"column":40},"end":{"line":659,"column":89}},"421":{"start":{"line":660,"column":40},"end":{"line":660,"column":101}},"422":{"start":{"line":661,"column":40},"end":{"line":661,"column":87}},"423":{"start":{"line":662,"column":40},"end":{"line":662,"column":89}},"424":{"start":{"line":663,"column":40},"end":{"line":663,"column":87}},"425":{"start":{"line":664,"column":40},"end":{"line":664,"column":109}},"426":{"start":{"line":670,"column":16},"end":{"line":720,"column":18}},"427":{"start":{"line":673,"column":20},"end":{"line":679,"column":22}},"428":{"start":{"line":675,"column":24},"end":{"line":675,"column":204}},"429":{"start":{"line":676,"column":24},"end":{"line":676,"column":178}},"430":{"start":{"line":678,"column":24},"end":{"line":678,"column":73}},"431":{"start":{"line":681,"column":20},"end":{"line":701,"column":21}},"432":{"start":{"line":682,"column":24},"end":{"line":699,"column":29}},"433":{"start":{"line":684,"column":32},"end":{"line":698,"column":38}},"434":{"start":{"line":686,"column":40},"end":{"line":697,"column":46}},"435":{"start":{"line":688,"column":48},"end":{"line":688,"column":73}},"436":{"start":{"line":689,"column":48},"end":{"line":689,"column":83}},"437":{"start":{"line":691,"column":48},"end":{"line":691,"column":98}},"438":{"start":{"line":692,"column":48},"end":{"line":692,"column":110}},"439":{"start":{"line":693,"column":48},"end":{"line":693,"column":96}},"440":{"start":{"line":694,"column":48},"end":{"line":694,"column":98}},"441":{"start":{"line":695,"column":48},"end":{"line":695,"column":96}},"442":{"start":{"line":696,"column":48},"end":{"line":696,"column":118}},"443":{"start":{"line":703,"column":20},"end":{"line":705,"column":22}},"444":{"start":{"line":704,"column":24},"end":{"line":704,"column":123}},"445":{"start":{"line":704,"column":37},"end":{"line":704,"column":73}},"446":{"start":{"line":707,"column":20},"end":{"line":709,"column":22}},"447":{"start":{"line":708,"column":24},"end":{"line":708,"column":112}},"448":{"start":{"line":708,"column":37},"end":{"line":708,"column":67}},"449":{"start":{"line":711,"column":20},"end":{"line":713,"column":22}},"450":{"start":{"line":712,"column":24},"end":{"line":712,"column":107}},"451":{"start":{"line":712,"column":37},"end":{"line":712,"column":65}},"452":{"start":{"line":715,"column":20},"end":{"line":717,"column":22}},"453":{"start":{"line":716,"column":24},"end":{"line":716,"column":115}},"454":{"start":{"line":716,"column":37},"end":{"line":716,"column":69}},"455":{"start":{"line":722,"column":16},"end":{"line":781,"column":18}},"456":{"start":{"line":725,"column":20},"end":{"line":733,"column":22}},"457":{"start":{"line":727,"column":24},"end":{"line":727,"column":204}},"458":{"start":{"line":728,"column":24},"end":{"line":728,"column":185}},"459":{"start":{"line":730,"column":24},"end":{"line":731,"column":70}},"460":{"start":{"line":731,"column":40},"end":{"line":731,"column":69}},"461":{"start":{"line":735,"column":20},"end":{"line":746,"column":21}},"462":{"start":{"line":736,"column":24},"end":{"line":745,"column":30}},"463":{"start":{"line":738,"column":32},"end":{"line":738,"column":77}},"464":{"start":{"line":740,"column":55},"end":{"line":740,"column":62}},"465":{"start":{"line":742,"column":32},"end":{"line":742,"column":69}},"466":{"start":{"line":744,"column":32},"end":{"line":744,"column":71}},"467":{"start":{"line":749,"column":24},"end":{"line":751,"column":26}},"468":{"start":{"line":750,"column":28},"end":{"line":750,"column":135}},"469":{"start":{"line":750,"column":41},"end":{"line":750,"column":85}},"470":{"start":{"line":753,"column":24},"end":{"line":755,"column":26}},"471":{"start":{"line":754,"column":28},"end":{"line":754,"column":124}},"472":{"start":{"line":754,"column":41},"end":{"line":754,"column":79}},"473":{"start":{"line":757,"column":24},"end":{"line":759,"column":26}},"474":{"start":{"line":758,"column":28},"end":{"line":758,"column":119}},"475":{"start":{"line":758,"column":41},"end":{"line":758,"column":77}},"476":{"start":{"line":761,"column":24},"end":{"line":763,"column":26}},"477":{"start":{"line":762,"column":28},"end":{"line":762,"column":127}},"478":{"start":{"line":762,"column":41},"end":{"line":762,"column":81}},"479":{"start":{"line":766,"column":24},"end":{"line":768,"column":26}},"480":{"start":{"line":767,"column":28},"end":{"line":767,"column":132}},"481":{"start":{"line":767,"column":41},"end":{"line":767,"column":82}},"482":{"start":{"line":770,"column":24},"end":{"line":772,"column":26}},"483":{"start":{"line":771,"column":28},"end":{"line":771,"column":124}},"484":{"start":{"line":771,"column":41},"end":{"line":771,"column":76}},"485":{"start":{"line":774,"column":24},"end":{"line":776,"column":26}},"486":{"start":{"line":775,"column":28},"end":{"line":775,"column":116}},"487":{"start":{"line":775,"column":41},"end":{"line":775,"column":74}},"488":{"start":{"line":778,"column":24},"end":{"line":780,"column":26}},"489":{"start":{"line":779,"column":28},"end":{"line":779,"column":124}},"490":{"start":{"line":779,"column":41},"end":{"line":779,"column":78}},"491":{"start":{"line":783,"column":16},"end":{"line":852,"column":18}},"492":{"start":{"line":786,"column":20},"end":{"line":792,"column":22}},"493":{"start":{"line":788,"column":24},"end":{"line":788,"column":204}},"494":{"start":{"line":789,"column":24},"end":{"line":789,"column":192}},"495":{"start":{"line":791,"column":24},"end":{"line":791,"column":73}},"496":{"start":{"line":794,"column":20},"end":{"line":817,"column":21}},"497":{"start":{"line":795,"column":24},"end":{"line":816,"column":30}},"498":{"start":{"line":798,"column":32},"end":{"line":798,"column":77}},"499":{"start":{"line":800,"column":55},"end":{"line":800,"column":62}},"500":{"start":{"line":802,"column":32},"end":{"line":802,"column":69}},"501":{"start":{"line":804,"column":32},"end":{"line":804,"column":71}},"502":{"start":{"line":806,"column":32},"end":{"line":815,"column":38}},"503":{"start":{"line":808,"column":40},"end":{"line":814,"column":46}},"504":{"start":{"line":810,"column":48},"end":{"line":810,"column":72}},"505":{"start":{"line":811,"column":48},"end":{"line":811,"column":84}},"506":{"start":{"line":813,"column":48},"end":{"line":813,"column":92}},"507":{"start":{"line":820,"column":20},"end":{"line":822,"column":22}},"508":{"start":{"line":821,"column":24},"end":{"line":821,"column":134}},"509":{"start":{"line":821,"column":37},"end":{"line":821,"column":84}},"510":{"start":{"line":824,"column":20},"end":{"line":826,"column":22}},"511":{"start":{"line":825,"column":24},"end":{"line":825,"column":123}},"512":{"start":{"line":825,"column":37},"end":{"line":825,"column":78}},"513":{"start":{"line":828,"column":20},"end":{"line":830,"column":22}},"514":{"start":{"line":829,"column":24},"end":{"line":829,"column":118}},"515":{"start":{"line":829,"column":37},"end":{"line":829,"column":76}},"516":{"start":{"line":832,"column":20},"end":{"line":834,"column":22}},"517":{"start":{"line":833,"column":24},"end":{"line":833,"column":126}},"518":{"start":{"line":833,"column":37},"end":{"line":833,"column":80}},"519":{"start":{"line":837,"column":20},"end":{"line":839,"column":22}},"520":{"start":{"line":838,"column":24},"end":{"line":838,"column":131}},"521":{"start":{"line":838,"column":37},"end":{"line":838,"column":81}},"522":{"start":{"line":841,"column":20},"end":{"line":843,"column":22}},"523":{"start":{"line":842,"column":24},"end":{"line":842,"column":123}},"524":{"start":{"line":842,"column":37},"end":{"line":842,"column":75}},"525":{"start":{"line":845,"column":20},"end":{"line":847,"column":22}},"526":{"start":{"line":846,"column":24},"end":{"line":846,"column":115}},"527":{"start":{"line":846,"column":37},"end":{"line":846,"column":73}},"528":{"start":{"line":849,"column":20},"end":{"line":851,"column":22}},"529":{"start":{"line":850,"column":24},"end":{"line":850,"column":123}},"530":{"start":{"line":850,"column":37},"end":{"line":850,"column":77}},"531":{"start":{"line":855,"column":16},"end":{"line":877,"column":18}},"532":{"start":{"line":858,"column":20},"end":{"line":865,"column":22}},"533":{"start":{"line":860,"column":24},"end":{"line":860,"column":204}},"534":{"start":{"line":861,"column":24},"end":{"line":861,"column":188}},"535":{"start":{"line":862,"column":24},"end":{"line":862,"column":35}},"536":{"start":{"line":864,"column":24},"end":{"line":864,"column":73}},"537":{"start":{"line":867,"column":20},"end":{"line":876,"column":21}},"538":{"start":{"line":868,"column":24},"end":{"line":875,"column":30}},"539":{"start":{"line":870,"column":32},"end":{"line":874,"column":38}},"540":{"start":{"line":872,"column":40},"end":{"line":872,"column":68}},"541":{"start":{"line":873,"column":40},"end":{"line":873,"column":77}},"542":{"start":{"line":882,"column":12},"end":{"line":937,"column":14}},"543":{"start":{"line":885,"column":16},"end":{"line":890,"column":18}},"544":{"start":{"line":886,"column":20},"end":{"line":886,"column":200}},"545":{"start":{"line":887,"column":20},"end":{"line":887,"column":184}},"546":{"start":{"line":889,"column":20},"end":{"line":889,"column":69}},"547":{"start":{"line":892,"column":16},"end":{"line":902,"column":17}},"548":{"start":{"line":893,"column":20},"end":{"line":901,"column":26}},"549":{"start":{"line":895,"column":28},"end":{"line":900,"column":34}},"550":{"start":{"line":897,"column":36},"end":{"line":897,"column":61}},"551":{"start":{"line":898,"column":36},"end":{"line":898,"column":70}},"552":{"start":{"line":899,"column":36},"end":{"line":899,"column":71}},"553":{"start":{"line":905,"column":16},"end":{"line":907,"column":18}},"554":{"start":{"line":906,"column":20},"end":{"line":906,"column":127}},"555":{"start":{"line":906,"column":33},"end":{"line":906,"column":77}},"556":{"start":{"line":909,"column":16},"end":{"line":911,"column":18}},"557":{"start":{"line":910,"column":20},"end":{"line":910,"column":116}},"558":{"start":{"line":910,"column":33},"end":{"line":910,"column":71}},"559":{"start":{"line":913,"column":16},"end":{"line":915,"column":18}},"560":{"start":{"line":914,"column":20},"end":{"line":914,"column":111}},"561":{"start":{"line":914,"column":33},"end":{"line":914,"column":69}},"562":{"start":{"line":917,"column":16},"end":{"line":919,"column":18}},"563":{"start":{"line":918,"column":20},"end":{"line":918,"column":119}},"564":{"start":{"line":918,"column":33},"end":{"line":918,"column":73}},"565":{"start":{"line":922,"column":16},"end":{"line":924,"column":18}},"566":{"start":{"line":923,"column":20},"end":{"line":923,"column":124}},"567":{"start":{"line":923,"column":33},"end":{"line":923,"column":74}},"568":{"start":{"line":926,"column":16},"end":{"line":928,"column":18}},"569":{"start":{"line":927,"column":20},"end":{"line":927,"column":116}},"570":{"start":{"line":927,"column":33},"end":{"line":927,"column":68}},"571":{"start":{"line":930,"column":16},"end":{"line":932,"column":18}},"572":{"start":{"line":931,"column":20},"end":{"line":931,"column":108}},"573":{"start":{"line":931,"column":33},"end":{"line":931,"column":66}},"574":{"start":{"line":934,"column":16},"end":{"line":936,"column":18}},"575":{"start":{"line":935,"column":20},"end":{"line":935,"column":116}},"576":{"start":{"line":935,"column":33},"end":{"line":935,"column":70}},"577":{"start":{"line":942,"column":8},"end":{"line":1018,"column":10}},"578":{"start":{"line":946,"column":12},"end":{"line":953,"column":14}},"579":{"start":{"line":948,"column":16},"end":{"line":948,"column":196}},"580":{"start":{"line":949,"column":16},"end":{"line":949,"column":166}},"581":{"start":{"line":950,"column":16},"end":{"line":950,"column":47}},"582":{"start":{"line":952,"column":16},"end":{"line":952,"column":65}},"583":{"start":{"line":955,"column":12},"end":{"line":965,"column":13}},"584":{"start":{"line":956,"column":16},"end":{"line":964,"column":22}},"585":{"start":{"line":958,"column":24},"end":{"line":963,"column":30}},"586":{"start":{"line":960,"column":32},"end":{"line":960,"column":90}},"587":{"start":{"line":961,"column":32},"end":{"line":961,"column":90}},"588":{"start":{"line":962,"column":32},"end":{"line":962,"column":84}},"589":{"start":{"line":968,"column":12},"end":{"line":970,"column":14}},"590":{"start":{"line":969,"column":16},"end":{"line":969,"column":128}},"591":{"start":{"line":969,"column":29},"end":{"line":969,"column":78}},"592":{"start":{"line":972,"column":12},"end":{"line":974,"column":14}},"593":{"start":{"line":973,"column":16},"end":{"line":973,"column":117}},"594":{"start":{"line":973,"column":29},"end":{"line":973,"column":72}},"595":{"start":{"line":976,"column":12},"end":{"line":978,"column":14}},"596":{"start":{"line":977,"column":16},"end":{"line":977,"column":112}},"597":{"start":{"line":977,"column":29},"end":{"line":977,"column":70}},"598":{"start":{"line":980,"column":12},"end":{"line":982,"column":14}},"599":{"start":{"line":981,"column":16},"end":{"line":981,"column":120}},"600":{"start":{"line":981,"column":29},"end":{"line":981,"column":74}},"601":{"start":{"line":985,"column":12},"end":{"line":987,"column":14}},"602":{"start":{"line":986,"column":16},"end":{"line":986,"column":125}},"603":{"start":{"line":986,"column":29},"end":{"line":986,"column":75}},"604":{"start":{"line":989,"column":12},"end":{"line":991,"column":14}},"605":{"start":{"line":990,"column":16},"end":{"line":990,"column":117}},"606":{"start":{"line":990,"column":29},"end":{"line":990,"column":69}},"607":{"start":{"line":993,"column":12},"end":{"line":995,"column":14}},"608":{"start":{"line":994,"column":16},"end":{"line":994,"column":109}},"609":{"start":{"line":994,"column":29},"end":{"line":994,"column":67}},"610":{"start":{"line":997,"column":12},"end":{"line":999,"column":14}},"611":{"start":{"line":998,"column":16},"end":{"line":998,"column":117}},"612":{"start":{"line":998,"column":29},"end":{"line":998,"column":71}},"613":{"start":{"line":1002,"column":13},"end":{"line":1004,"column":14}},"614":{"start":{"line":1003,"column":16},"end":{"line":1003,"column":131}},"615":{"start":{"line":1003,"column":29},"end":{"line":1003,"column":81}},"616":{"start":{"line":1006,"column":12},"end":{"line":1008,"column":14}},"617":{"start":{"line":1007,"column":16},"end":{"line":1007,"column":118}},"618":{"start":{"line":1007,"column":29},"end":{"line":1007,"column":75}},"619":{"start":{"line":1010,"column":12},"end":{"line":1012,"column":14}},"620":{"start":{"line":1011,"column":16},"end":{"line":1011,"column":115}},"621":{"start":{"line":1011,"column":29},"end":{"line":1011,"column":73}},"622":{"start":{"line":1014,"column":12},"end":{"line":1016,"column":14}},"623":{"start":{"line":1015,"column":16},"end":{"line":1015,"column":123}},"624":{"start":{"line":1015,"column":29},"end":{"line":1015,"column":77}},"625":{"start":{"line":1021,"column":8},"end":{"line":1061,"column":10}},"626":{"start":{"line":1024,"column":12},"end":{"line":1030,"column":14}},"627":{"start":{"line":1025,"column":16},"end":{"line":1025,"column":196}},"628":{"start":{"line":1026,"column":16},"end":{"line":1026,"column":166}},"629":{"start":{"line":1027,"column":16},"end":{"line":1027,"column":112}},"630":{"start":{"line":1029,"column":16},"end":{"line":1029,"column":81}},"631":{"start":{"line":1032,"column":12},"end":{"line":1044,"column":13}},"632":{"start":{"line":1033,"column":16},"end":{"line":1043,"column":22}},"633":{"start":{"line":1035,"column":24},"end":{"line":1035,"column":49}},"634":{"start":{"line":1036,"column":24},"end":{"line":1036,"column":59}},"635":{"start":{"line":1038,"column":42},"end":{"line":1038,"column":50}},"636":{"start":{"line":1040,"column":24},"end":{"line":1040,"column":79}},"637":{"start":{"line":1041,"column":24},"end":{"line":1041,"column":68}},"638":{"start":{"line":1042,"column":24},"end":{"line":1042,"column":65}},"639":{"start":{"line":1046,"column":12},"end":{"line":1048,"column":14}},"640":{"start":{"line":1047,"column":16},"end":{"line":1047,"column":112}},"641":{"start":{"line":1047,"column":29},"end":{"line":1047,"column":62}},"642":{"start":{"line":1050,"column":12},"end":{"line":1052,"column":14}},"643":{"start":{"line":1051,"column":16},"end":{"line":1051,"column":104}},"644":{"start":{"line":1051,"column":29},"end":{"line":1051,"column":56}},"645":{"start":{"line":1054,"column":12},"end":{"line":1056,"column":14}},"646":{"start":{"line":1055,"column":16},"end":{"line":1055,"column":96}},"647":{"start":{"line":1055,"column":29},"end":{"line":1055,"column":54}},"648":{"start":{"line":1058,"column":12},"end":{"line":1060,"column":14}},"649":{"start":{"line":1059,"column":16},"end":{"line":1059,"column":104}},"650":{"start":{"line":1059,"column":29},"end":{"line":1059,"column":58}},"651":{"start":{"line":1064,"column":8},"end":{"line":1139,"column":10}},"652":{"start":{"line":1067,"column":12},"end":{"line":1073,"column":14}},"653":{"start":{"line":1068,"column":16},"end":{"line":1068,"column":196}},"654":{"start":{"line":1069,"column":16},"end":{"line":1069,"column":166}},"655":{"start":{"line":1070,"column":16},"end":{"line":1070,"column":112}},"656":{"start":{"line":1072,"column":16},"end":{"line":1072,"column":82}},"657":{"start":{"line":1075,"column":12},"end":{"line":1103,"column":13}},"658":{"start":{"line":1077,"column":16},"end":{"line":1102,"column":18}},"659":{"start":{"line":1079,"column":24},"end":{"line":1079,"column":49}},"660":{"start":{"line":1080,"column":24},"end":{"line":1080,"column":59}},"661":{"start":{"line":1082,"column":43},"end":{"line":1082,"column":51}},"662":{"start":{"line":1084,"column":24},"end":{"line":1084,"column":80}},"663":{"start":{"line":1085,"column":24},"end":{"line":1085,"column":69}},"664":{"start":{"line":1086,"column":24},"end":{"line":1086,"column":66}},"665":{"start":{"line":1088,"column":24},"end":{"line":1101,"column":30}},"666":{"start":{"line":1090,"column":32},"end":{"line":1090,"column":59}},"667":{"start":{"line":1094,"column":50},"end":{"line":1094,"column":67}},"668":{"start":{"line":1096,"column":32},"end":{"line":1096,"column":72}},"669":{"start":{"line":1098,"column":32},"end":{"line":1098,"column":70}},"670":{"start":{"line":1099,"column":32},"end":{"line":1099,"column":73}},"671":{"start":{"line":1100,"column":32},"end":{"line":1100,"column":70}},"672":{"start":{"line":1106,"column":12},"end":{"line":1108,"column":14}},"673":{"start":{"line":1107,"column":16},"end":{"line":1107,"column":121}},"674":{"start":{"line":1107,"column":29},"end":{"line":1107,"column":71}},"675":{"start":{"line":1110,"column":12},"end":{"line":1112,"column":14}},"676":{"start":{"line":1111,"column":16},"end":{"line":1111,"column":110}},"677":{"start":{"line":1111,"column":29},"end":{"line":1111,"column":65}},"678":{"start":{"line":1114,"column":12},"end":{"line":1116,"column":14}},"679":{"start":{"line":1115,"column":16},"end":{"line":1115,"column":105}},"680":{"start":{"line":1115,"column":29},"end":{"line":1115,"column":63}},"681":{"start":{"line":1118,"column":12},"end":{"line":1120,"column":14}},"682":{"start":{"line":1119,"column":16},"end":{"line":1119,"column":113}},"683":{"start":{"line":1119,"column":29},"end":{"line":1119,"column":67}},"684":{"start":{"line":1123,"column":12},"end":{"line":1125,"column":14}},"685":{"start":{"line":1124,"column":16},"end":{"line":1124,"column":118}},"686":{"start":{"line":1124,"column":29},"end":{"line":1124,"column":68}},"687":{"start":{"line":1127,"column":12},"end":{"line":1129,"column":14}},"688":{"start":{"line":1128,"column":16},"end":{"line":1128,"column":110}},"689":{"start":{"line":1128,"column":29},"end":{"line":1128,"column":62}},"690":{"start":{"line":1131,"column":12},"end":{"line":1133,"column":14}},"691":{"start":{"line":1132,"column":16},"end":{"line":1132,"column":102}},"692":{"start":{"line":1132,"column":29},"end":{"line":1132,"column":60}},"693":{"start":{"line":1135,"column":12},"end":{"line":1137,"column":14}},"694":{"start":{"line":1136,"column":16},"end":{"line":1136,"column":110}},"695":{"start":{"line":1136,"column":29},"end":{"line":1136,"column":64}},"696":{"start":{"line":1141,"column":4},"end":{"line":1141,"column":38}},"697":{"start":{"line":1141,"column":16},"end":{"line":1141,"column":37}}},"fnMap":{"0":{"name":"(anonymous_0)","decl":{"start":{"line":9,"column":18},"end":{"line":9,"column":19}},"loc":{"start":{"line":9,"column":24},"end":{"line":1142,"column":1}},"line":9},"1":{"name":"(anonymous_1)","decl":{"start":{"line":10,"column":11},"end":{"line":10,"column":12}},"loc":{"start":{"line":10,"column":17},"end":{"line":10,"column":76}},"line":10},"2":{"name":"(anonymous_2)","decl":{"start":{"line":12,"column":15},"end":{"line":12,"column":16}},"loc":{"start":{"line":12,"column":21},"end":{"line":12,"column":100}},"line":12},"3":{"name":"(anonymous_3)","decl":{"start":{"line":14,"column":21},"end":{"line":14,"column":22}},"loc":{"start":{"line":14,"column":27},"end":{"line":1140,"column":5}},"line":14},"4":{"name":"(anonymous_4)","decl":{"start":{"line":15,"column":29},"end":{"line":15,"column":30}},"loc":{"start":{"line":15,"column":35},"end":{"line":136,"column":9}},"line":15},"5":{"name":"(anonymous_5)","decl":{"start":{"line":18,"column":23},"end":{"line":18,"column":24}},"loc":{"start":{"line":18,"column":29},"end":{"line":24,"column":13}},"line":18},"6":{"name":"(anonymous_6)","decl":{"start":{"line":26,"column":49},"end":{"line":26,"column":50}},"loc":{"start":{"line":26,"column":61},"end":{"line":44,"column":13}},"line":26},"7":{"name":"(anonymous_7)","decl":{"start":{"line":48,"column":48},"end":{"line":48,"column":49}},"loc":{"start":{"line":48,"column":54},"end":{"line":50,"column":13}},"line":48},"8":{"name":"(anonymous_8)","decl":{"start":{"line":49,"column":23},"end":{"line":49,"column":24}},"loc":{"start":{"line":49,"column":29},"end":{"line":49,"column":93}},"line":49},"9":{"name":"(anonymous_9)","decl":{"start":{"line":52,"column":57},"end":{"line":52,"column":58}},"loc":{"start":{"line":52,"column":63},"end":{"line":54,"column":13}},"line":52},"10":{"name":"(anonymous_10)","decl":{"start":{"line":53,"column":23},"end":{"line":53,"column":24}},"loc":{"start":{"line":53,"column":29},"end":{"line":53,"column":88}},"line":53},"11":{"name":"(anonymous_11)","decl":{"start":{"line":56,"column":64},"end":{"line":56,"column":65}},"loc":{"start":{"line":56,"column":70},"end":{"line":58,"column":13}},"line":56},"12":{"name":"(anonymous_12)","decl":{"start":{"line":57,"column":23},"end":{"line":57,"column":24}},"loc":{"start":{"line":57,"column":29},"end":{"line":57,"column":85}},"line":57},"13":{"name":"(anonymous_13)","decl":{"start":{"line":60,"column":65},"end":{"line":60,"column":66}},"loc":{"start":{"line":60,"column":71},"end":{"line":62,"column":13}},"line":60},"14":{"name":"(anonymous_14)","decl":{"start":{"line":61,"column":23},"end":{"line":61,"column":24}},"loc":{"start":{"line":61,"column":29},"end":{"line":61,"column":89}},"line":61},"15":{"name":"(anonymous_15)","decl":{"start":{"line":66,"column":51},"end":{"line":66,"column":52}},"loc":{"start":{"line":66,"column":57},"end":{"line":68,"column":13}},"line":66},"16":{"name":"(anonymous_16)","decl":{"start":{"line":67,"column":23},"end":{"line":67,"column":24}},"loc":{"start":{"line":67,"column":29},"end":{"line":67,"column":90}},"line":67},"17":{"name":"(anonymous_17)","decl":{"start":{"line":70,"column":56},"end":{"line":70,"column":57}},"loc":{"start":{"line":70,"column":62},"end":{"line":72,"column":13}},"line":70},"18":{"name":"(anonymous_18)","decl":{"start":{"line":71,"column":23},"end":{"line":71,"column":24}},"loc":{"start":{"line":71,"column":29},"end":{"line":71,"column":85}},"line":71},"19":{"name":"(anonymous_19)","decl":{"start":{"line":74,"column":63},"end":{"line":74,"column":64}},"loc":{"start":{"line":74,"column":69},"end":{"line":76,"column":13}},"line":74},"20":{"name":"(anonymous_20)","decl":{"start":{"line":75,"column":23},"end":{"line":75,"column":24}},"loc":{"start":{"line":75,"column":29},"end":{"line":75,"column":82}},"line":75},"21":{"name":"(anonymous_21)","decl":{"start":{"line":78,"column":64},"end":{"line":78,"column":65}},"loc":{"start":{"line":78,"column":70},"end":{"line":80,"column":13}},"line":78},"22":{"name":"(anonymous_22)","decl":{"start":{"line":79,"column":23},"end":{"line":79,"column":24}},"loc":{"start":{"line":79,"column":29},"end":{"line":79,"column":86}},"line":79},"23":{"name":"(anonymous_23)","decl":{"start":{"line":84,"column":48},"end":{"line":84,"column":49}},"loc":{"start":{"line":84,"column":54},"end":{"line":86,"column":13}},"line":84},"24":{"name":"(anonymous_24)","decl":{"start":{"line":85,"column":23},"end":{"line":85,"column":24}},"loc":{"start":{"line":85,"column":29},"end":{"line":85,"column":93}},"line":85},"25":{"name":"(anonymous_25)","decl":{"start":{"line":88,"column":53},"end":{"line":88,"column":54}},"loc":{"start":{"line":88,"column":59},"end":{"line":90,"column":13}},"line":88},"26":{"name":"(anonymous_26)","decl":{"start":{"line":89,"column":23},"end":{"line":89,"column":24}},"loc":{"start":{"line":89,"column":29},"end":{"line":89,"column":88}},"line":89},"27":{"name":"(anonymous_27)","decl":{"start":{"line":92,"column":60},"end":{"line":92,"column":61}},"loc":{"start":{"line":92,"column":66},"end":{"line":94,"column":13}},"line":92},"28":{"name":"(anonymous_28)","decl":{"start":{"line":93,"column":23},"end":{"line":93,"column":24}},"loc":{"start":{"line":93,"column":29},"end":{"line":93,"column":85}},"line":93},"29":{"name":"(anonymous_29)","decl":{"start":{"line":96,"column":61},"end":{"line":96,"column":62}},"loc":{"start":{"line":96,"column":67},"end":{"line":98,"column":13}},"line":96},"30":{"name":"(anonymous_30)","decl":{"start":{"line":97,"column":23},"end":{"line":97,"column":24}},"loc":{"start":{"line":97,"column":29},"end":{"line":97,"column":89}},"line":97},"31":{"name":"(anonymous_31)","decl":{"start":{"line":102,"column":52},"end":{"line":102,"column":53}},"loc":{"start":{"line":102,"column":58},"end":{"line":104,"column":13}},"line":102},"32":{"name":"(anonymous_32)","decl":{"start":{"line":103,"column":23},"end":{"line":103,"column":24}},"loc":{"start":{"line":103,"column":29},"end":{"line":103,"column":89}},"line":103},"33":{"name":"(anonymous_33)","decl":{"start":{"line":106,"column":57},"end":{"line":106,"column":58}},"loc":{"start":{"line":106,"column":63},"end":{"line":108,"column":13}},"line":106},"34":{"name":"(anonymous_34)","decl":{"start":{"line":107,"column":23},"end":{"line":107,"column":24}},"loc":{"start":{"line":107,"column":29},"end":{"line":107,"column":84}},"line":107},"35":{"name":"(anonymous_35)","decl":{"start":{"line":110,"column":64},"end":{"line":110,"column":65}},"loc":{"start":{"line":110,"column":70},"end":{"line":112,"column":13}},"line":110},"36":{"name":"(anonymous_36)","decl":{"start":{"line":111,"column":23},"end":{"line":111,"column":24}},"loc":{"start":{"line":111,"column":29},"end":{"line":111,"column":81}},"line":111},"37":{"name":"(anonymous_37)","decl":{"start":{"line":114,"column":65},"end":{"line":114,"column":66}},"loc":{"start":{"line":114,"column":71},"end":{"line":116,"column":13}},"line":114},"38":{"name":"(anonymous_38)","decl":{"start":{"line":115,"column":23},"end":{"line":115,"column":24}},"loc":{"start":{"line":115,"column":29},"end":{"line":115,"column":84}},"line":115},"39":{"name":"(anonymous_39)","decl":{"start":{"line":120,"column":52},"end":{"line":120,"column":53}},"loc":{"start":{"line":120,"column":58},"end":{"line":122,"column":13}},"line":120},"40":{"name":"(anonymous_40)","decl":{"start":{"line":121,"column":23},"end":{"line":121,"column":24}},"loc":{"start":{"line":121,"column":29},"end":{"line":121,"column":89}},"line":121},"41":{"name":"(anonymous_41)","decl":{"start":{"line":124,"column":57},"end":{"line":124,"column":58}},"loc":{"start":{"line":124,"column":63},"end":{"line":126,"column":13}},"line":124},"42":{"name":"(anonymous_42)","decl":{"start":{"line":125,"column":23},"end":{"line":125,"column":24}},"loc":{"start":{"line":125,"column":29},"end":{"line":125,"column":84}},"line":125},"43":{"name":"(anonymous_43)","decl":{"start":{"line":128,"column":64},"end":{"line":128,"column":65}},"loc":{"start":{"line":128,"column":70},"end":{"line":130,"column":13}},"line":128},"44":{"name":"(anonymous_44)","decl":{"start":{"line":129,"column":23},"end":{"line":129,"column":24}},"loc":{"start":{"line":129,"column":29},"end":{"line":129,"column":82}},"line":129},"45":{"name":"(anonymous_45)","decl":{"start":{"line":132,"column":65},"end":{"line":132,"column":66}},"loc":{"start":{"line":132,"column":71},"end":{"line":134,"column":13}},"line":132},"46":{"name":"(anonymous_46)","decl":{"start":{"line":133,"column":23},"end":{"line":133,"column":24}},"loc":{"start":{"line":133,"column":29},"end":{"line":133,"column":85}},"line":133},"47":{"name":"(anonymous_47)","decl":{"start":{"line":138,"column":33},"end":{"line":138,"column":34}},"loc":{"start":{"line":138,"column":39},"end":{"line":198,"column":9}},"line":138},"48":{"name":"(anonymous_48)","decl":{"start":{"line":140,"column":23},"end":{"line":140,"column":24}},"loc":{"start":{"line":140,"column":29},"end":{"line":144,"column":13}},"line":140},"49":{"name":"(anonymous_49)","decl":{"start":{"line":146,"column":61},"end":{"line":146,"column":62}},"loc":{"start":{"line":146,"column":67},"end":{"line":161,"column":13}},"line":146},"50":{"name":"(anonymous_50)","decl":{"start":{"line":150,"column":26},"end":{"line":150,"column":27}},"loc":{"start":{"line":150,"column":32},"end":{"line":160,"column":21}},"line":150},"51":{"name":"(anonymous_51)","decl":{"start":{"line":155,"column":34},"end":{"line":155,"column":35}},"loc":{"start":{"line":155,"column":44},"end":{"line":159,"column":29}},"line":155},"52":{"name":"(anonymous_52)","decl":{"start":{"line":165,"column":52},"end":{"line":165,"column":53}},"loc":{"start":{"line":165,"column":58},"end":{"line":167,"column":13}},"line":165},"53":{"name":"(anonymous_53)","decl":{"start":{"line":166,"column":23},"end":{"line":166,"column":24}},"loc":{"start":{"line":166,"column":29},"end":{"line":166,"column":77}},"line":166},"54":{"name":"(anonymous_54)","decl":{"start":{"line":169,"column":57},"end":{"line":169,"column":58}},"loc":{"start":{"line":169,"column":63},"end":{"line":171,"column":13}},"line":169},"55":{"name":"(anonymous_55)","decl":{"start":{"line":170,"column":23},"end":{"line":170,"column":24}},"loc":{"start":{"line":170,"column":29},"end":{"line":170,"column":73}},"line":170},"56":{"name":"(anonymous_56)","decl":{"start":{"line":173,"column":64},"end":{"line":173,"column":65}},"loc":{"start":{"line":173,"column":70},"end":{"line":175,"column":13}},"line":173},"57":{"name":"(anonymous_57)","decl":{"start":{"line":174,"column":23},"end":{"line":174,"column":24}},"loc":{"start":{"line":174,"column":29},"end":{"line":174,"column":69}},"line":174},"58":{"name":"(anonymous_58)","decl":{"start":{"line":177,"column":65},"end":{"line":177,"column":66}},"loc":{"start":{"line":177,"column":71},"end":{"line":179,"column":13}},"line":177},"59":{"name":"(anonymous_59)","decl":{"start":{"line":178,"column":23},"end":{"line":178,"column":24}},"loc":{"start":{"line":178,"column":29},"end":{"line":178,"column":72}},"line":178},"60":{"name":"(anonymous_60)","decl":{"start":{"line":183,"column":52},"end":{"line":183,"column":53}},"loc":{"start":{"line":183,"column":58},"end":{"line":185,"column":13}},"line":183},"61":{"name":"(anonymous_61)","decl":{"start":{"line":184,"column":23},"end":{"line":184,"column":24}},"loc":{"start":{"line":184,"column":29},"end":{"line":184,"column":77}},"line":184},"62":{"name":"(anonymous_62)","decl":{"start":{"line":187,"column":57},"end":{"line":187,"column":58}},"loc":{"start":{"line":187,"column":63},"end":{"line":189,"column":13}},"line":187},"63":{"name":"(anonymous_63)","decl":{"start":{"line":188,"column":23},"end":{"line":188,"column":24}},"loc":{"start":{"line":188,"column":29},"end":{"line":188,"column":73}},"line":188},"64":{"name":"(anonymous_64)","decl":{"start":{"line":191,"column":64},"end":{"line":191,"column":65}},"loc":{"start":{"line":191,"column":70},"end":{"line":193,"column":13}},"line":191},"65":{"name":"(anonymous_65)","decl":{"start":{"line":192,"column":23},"end":{"line":192,"column":24}},"loc":{"start":{"line":192,"column":29},"end":{"line":192,"column":69}},"line":192},"66":{"name":"(anonymous_66)","decl":{"start":{"line":195,"column":65},"end":{"line":195,"column":66}},"loc":{"start":{"line":195,"column":71},"end":{"line":197,"column":13}},"line":195},"67":{"name":"(anonymous_67)","decl":{"start":{"line":196,"column":23},"end":{"line":196,"column":24}},"loc":{"start":{"line":196,"column":29},"end":{"line":196,"column":72}},"line":196},"68":{"name":"(anonymous_68)","decl":{"start":{"line":200,"column":39},"end":{"line":200,"column":40}},"loc":{"start":{"line":200,"column":45},"end":{"line":243,"column":9}},"line":200},"69":{"name":"(anonymous_69)","decl":{"start":{"line":202,"column":23},"end":{"line":202,"column":24}},"loc":{"start":{"line":202,"column":29},"end":{"line":206,"column":13}},"line":202},"70":{"name":"(anonymous_70)","decl":{"start":{"line":208,"column":61},"end":{"line":208,"column":62}},"loc":{"start":{"line":208,"column":67},"end":{"line":223,"column":13}},"line":208},"71":{"name":"(anonymous_71)","decl":{"start":{"line":212,"column":26},"end":{"line":212,"column":27}},"loc":{"start":{"line":212,"column":36},"end":{"line":222,"column":21}},"line":212},"72":{"name":"(anonymous_72)","decl":{"start":{"line":217,"column":34},"end":{"line":217,"column":35}},"loc":{"start":{"line":217,"column":44},"end":{"line":221,"column":29}},"line":217},"73":{"name":"(anonymous_73)","decl":{"start":{"line":227,"column":46},"end":{"line":227,"column":47}},"loc":{"start":{"line":227,"column":52},"end":{"line":229,"column":13}},"line":227},"74":{"name":"(anonymous_74)","decl":{"start":{"line":228,"column":23},"end":{"line":228,"column":24}},"loc":{"start":{"line":228,"column":29},"end":{"line":228,"column":64}},"line":228},"75":{"name":"(anonymous_75)","decl":{"start":{"line":231,"column":51},"end":{"line":231,"column":52}},"loc":{"start":{"line":231,"column":57},"end":{"line":233,"column":13}},"line":231},"76":{"name":"(anonymous_76)","decl":{"start":{"line":232,"column":23},"end":{"line":232,"column":24}},"loc":{"start":{"line":232,"column":29},"end":{"line":232,"column":60}},"line":232},"77":{"name":"(anonymous_77)","decl":{"start":{"line":235,"column":58},"end":{"line":235,"column":59}},"loc":{"start":{"line":235,"column":64},"end":{"line":237,"column":13}},"line":235},"78":{"name":"(anonymous_78)","decl":{"start":{"line":236,"column":23},"end":{"line":236,"column":24}},"loc":{"start":{"line":236,"column":29},"end":{"line":236,"column":56}},"line":236},"79":{"name":"(anonymous_79)","decl":{"start":{"line":239,"column":59},"end":{"line":239,"column":60}},"loc":{"start":{"line":239,"column":65},"end":{"line":241,"column":13}},"line":239},"80":{"name":"(anonymous_80)","decl":{"start":{"line":240,"column":23},"end":{"line":240,"column":24}},"loc":{"start":{"line":240,"column":29},"end":{"line":240,"column":57}},"line":240},"81":{"name":"(anonymous_81)","decl":{"start":{"line":245,"column":36},"end":{"line":245,"column":37}},"loc":{"start":{"line":245,"column":42},"end":{"line":264,"column":9}},"line":245},"82":{"name":"(anonymous_82)","decl":{"start":{"line":248,"column":23},"end":{"line":248,"column":24}},"loc":{"start":{"line":248,"column":29},"end":{"line":252,"column":13}},"line":248},"83":{"name":"(anonymous_83)","decl":{"start":{"line":254,"column":49},"end":{"line":254,"column":50}},"loc":{"start":{"line":254,"column":61},"end":{"line":263,"column":13}},"line":254},"84":{"name":"(anonymous_84)","decl":{"start":{"line":266,"column":34},"end":{"line":266,"column":35}},"loc":{"start":{"line":266,"column":40},"end":{"line":286,"column":9}},"line":266},"85":{"name":"(anonymous_85)","decl":{"start":{"line":269,"column":23},"end":{"line":269,"column":24}},"loc":{"start":{"line":269,"column":29},"end":{"line":273,"column":13}},"line":269},"86":{"name":"(anonymous_86)","decl":{"start":{"line":275,"column":49},"end":{"line":275,"column":50}},"loc":{"start":{"line":275,"column":61},"end":{"line":285,"column":13}},"line":275},"87":{"name":"(anonymous_87)","decl":{"start":{"line":288,"column":32},"end":{"line":288,"column":33}},"loc":{"start":{"line":288,"column":38},"end":{"line":316,"column":9}},"line":288},"88":{"name":"(anonymous_88)","decl":{"start":{"line":291,"column":23},"end":{"line":291,"column":24}},"loc":{"start":{"line":291,"column":29},"end":{"line":295,"column":13}},"line":291},"89":{"name":"(anonymous_89)","decl":{"start":{"line":297,"column":49},"end":{"line":297,"column":50}},"loc":{"start":{"line":297,"column":61},"end":{"line":315,"column":13}},"line":297},"90":{"name":"(anonymous_90)","decl":{"start":{"line":318,"column":29},"end":{"line":318,"column":30}},"loc":{"start":{"line":318,"column":35},"end":{"line":940,"column":9}},"line":318},"91":{"name":"(anonymous_91)","decl":{"start":{"line":319,"column":31},"end":{"line":319,"column":32}},"loc":{"start":{"line":319,"column":37},"end":{"line":466,"column":13}},"line":319},"92":{"name":"(anonymous_92)","decl":{"start":{"line":322,"column":27},"end":{"line":322,"column":28}},"loc":{"start":{"line":322,"column":33},"end":{"line":333,"column":17}},"line":322},"93":{"name":"(anonymous_93)","decl":{"start":{"line":335,"column":52},"end":{"line":335,"column":53}},"loc":{"start":{"line":335,"column":64},"end":{"line":363,"column":17}},"line":335},"94":{"name":"(anonymous_94)","decl":{"start":{"line":366,"column":54},"end":{"line":366,"column":55}},"loc":{"start":{"line":366,"column":60},"end":{"line":368,"column":17}},"line":366},"95":{"name":"(anonymous_95)","decl":{"start":{"line":367,"column":27},"end":{"line":367,"column":28}},"loc":{"start":{"line":367,"column":33},"end":{"line":367,"column":110}},"line":367},"96":{"name":"(anonymous_96)","decl":{"start":{"line":370,"column":58},"end":{"line":370,"column":59}},"loc":{"start":{"line":370,"column":64},"end":{"line":372,"column":17}},"line":370},"97":{"name":"(anonymous_97)","decl":{"start":{"line":371,"column":27},"end":{"line":371,"column":28}},"loc":{"start":{"line":371,"column":33},"end":{"line":371,"column":105}},"line":371},"98":{"name":"(anonymous_98)","decl":{"start":{"line":374,"column":65},"end":{"line":374,"column":66}},"loc":{"start":{"line":374,"column":71},"end":{"line":376,"column":17}},"line":374},"99":{"name":"(anonymous_99)","decl":{"start":{"line":375,"column":27},"end":{"line":375,"column":28}},"loc":{"start":{"line":375,"column":33},"end":{"line":375,"column":102}},"line":375},"100":{"name":"(anonymous_100)","decl":{"start":{"line":378,"column":66},"end":{"line":378,"column":67}},"loc":{"start":{"line":378,"column":72},"end":{"line":380,"column":17}},"line":378},"101":{"name":"(anonymous_101)","decl":{"start":{"line":379,"column":27},"end":{"line":379,"column":28}},"loc":{"start":{"line":379,"column":33},"end":{"line":379,"column":105}},"line":379},"102":{"name":"(anonymous_102)","decl":{"start":{"line":383,"column":60},"end":{"line":383,"column":61}},"loc":{"start":{"line":383,"column":66},"end":{"line":385,"column":17}},"line":383},"103":{"name":"(anonymous_103)","decl":{"start":{"line":384,"column":27},"end":{"line":384,"column":28}},"loc":{"start":{"line":384,"column":33},"end":{"line":384,"column":104}},"line":384},"104":{"name":"(anonymous_104)","decl":{"start":{"line":387,"column":64},"end":{"line":387,"column":65}},"loc":{"start":{"line":387,"column":70},"end":{"line":389,"column":17}},"line":387},"105":{"name":"(anonymous_105)","decl":{"start":{"line":388,"column":27},"end":{"line":388,"column":28}},"loc":{"start":{"line":388,"column":33},"end":{"line":388,"column":99}},"line":388},"106":{"name":"(anonymous_106)","decl":{"start":{"line":391,"column":71},"end":{"line":391,"column":72}},"loc":{"start":{"line":391,"column":77},"end":{"line":393,"column":17}},"line":391},"107":{"name":"(anonymous_107)","decl":{"start":{"line":392,"column":27},"end":{"line":392,"column":28}},"loc":{"start":{"line":392,"column":33},"end":{"line":392,"column":96}},"line":392},"108":{"name":"(anonymous_108)","decl":{"start":{"line":395,"column":72},"end":{"line":395,"column":73}},"loc":{"start":{"line":395,"column":78},"end":{"line":397,"column":17}},"line":395},"109":{"name":"(anonymous_109)","decl":{"start":{"line":396,"column":27},"end":{"line":396,"column":28}},"loc":{"start":{"line":396,"column":33},"end":{"line":396,"column":99}},"line":396},"110":{"name":"(anonymous_110)","decl":{"start":{"line":400,"column":53},"end":{"line":400,"column":54}},"loc":{"start":{"line":400,"column":59},"end":{"line":402,"column":17}},"line":400},"111":{"name":"(anonymous_111)","decl":{"start":{"line":401,"column":27},"end":{"line":401,"column":28}},"loc":{"start":{"line":401,"column":33},"end":{"line":401,"column":111}},"line":401},"112":{"name":"(anonymous_112)","decl":{"start":{"line":404,"column":57},"end":{"line":404,"column":58}},"loc":{"start":{"line":404,"column":63},"end":{"line":406,"column":17}},"line":404},"113":{"name":"(anonymous_113)","decl":{"start":{"line":405,"column":27},"end":{"line":405,"column":28}},"loc":{"start":{"line":405,"column":33},"end":{"line":405,"column":106}},"line":405},"114":{"name":"(anonymous_114)","decl":{"start":{"line":408,"column":64},"end":{"line":408,"column":65}},"loc":{"start":{"line":408,"column":70},"end":{"line":410,"column":17}},"line":408},"115":{"name":"(anonymous_115)","decl":{"start":{"line":409,"column":27},"end":{"line":409,"column":28}},"loc":{"start":{"line":409,"column":33},"end":{"line":409,"column":103}},"line":409},"116":{"name":"(anonymous_116)","decl":{"start":{"line":412,"column":65},"end":{"line":412,"column":66}},"loc":{"start":{"line":412,"column":71},"end":{"line":414,"column":17}},"line":412},"117":{"name":"(anonymous_117)","decl":{"start":{"line":413,"column":27},"end":{"line":413,"column":28}},"loc":{"start":{"line":413,"column":33},"end":{"line":413,"column":106}},"line":413},"118":{"name":"(anonymous_118)","decl":{"start":{"line":417,"column":54},"end":{"line":417,"column":55}},"loc":{"start":{"line":417,"column":60},"end":{"line":419,"column":17}},"line":417},"119":{"name":"(anonymous_119)","decl":{"start":{"line":418,"column":27},"end":{"line":418,"column":28}},"loc":{"start":{"line":418,"column":33},"end":{"line":418,"column":110}},"line":418},"120":{"name":"(anonymous_120)","decl":{"start":{"line":421,"column":58},"end":{"line":421,"column":59}},"loc":{"start":{"line":421,"column":64},"end":{"line":423,"column":17}},"line":421},"121":{"name":"(anonymous_121)","decl":{"start":{"line":422,"column":27},"end":{"line":422,"column":28}},"loc":{"start":{"line":422,"column":33},"end":{"line":422,"column":105}},"line":422},"122":{"name":"(anonymous_122)","decl":{"start":{"line":425,"column":65},"end":{"line":425,"column":66}},"loc":{"start":{"line":425,"column":71},"end":{"line":427,"column":17}},"line":425},"123":{"name":"(anonymous_123)","decl":{"start":{"line":426,"column":27},"end":{"line":426,"column":28}},"loc":{"start":{"line":426,"column":33},"end":{"line":426,"column":102}},"line":426},"124":{"name":"(anonymous_124)","decl":{"start":{"line":429,"column":66},"end":{"line":429,"column":67}},"loc":{"start":{"line":429,"column":72},"end":{"line":431,"column":17}},"line":429},"125":{"name":"(anonymous_125)","decl":{"start":{"line":430,"column":27},"end":{"line":430,"column":28}},"loc":{"start":{"line":430,"column":33},"end":{"line":430,"column":105}},"line":430},"126":{"name":"(anonymous_126)","decl":{"start":{"line":434,"column":53},"end":{"line":434,"column":54}},"loc":{"start":{"line":434,"column":59},"end":{"line":436,"column":17}},"line":434},"127":{"name":"(anonymous_127)","decl":{"start":{"line":435,"column":27},"end":{"line":435,"column":28}},"loc":{"start":{"line":435,"column":33},"end":{"line":435,"column":111}},"line":435},"128":{"name":"(anonymous_128)","decl":{"start":{"line":438,"column":57},"end":{"line":438,"column":58}},"loc":{"start":{"line":438,"column":63},"end":{"line":440,"column":17}},"line":438},"129":{"name":"(anonymous_129)","decl":{"start":{"line":439,"column":27},"end":{"line":439,"column":28}},"loc":{"start":{"line":439,"column":33},"end":{"line":439,"column":106}},"line":439},"130":{"name":"(anonymous_130)","decl":{"start":{"line":442,"column":64},"end":{"line":442,"column":65}},"loc":{"start":{"line":442,"column":70},"end":{"line":444,"column":17}},"line":442},"131":{"name":"(anonymous_131)","decl":{"start":{"line":443,"column":27},"end":{"line":443,"column":28}},"loc":{"start":{"line":443,"column":33},"end":{"line":443,"column":103}},"line":443},"132":{"name":"(anonymous_132)","decl":{"start":{"line":446,"column":65},"end":{"line":446,"column":66}},"loc":{"start":{"line":446,"column":71},"end":{"line":448,"column":17}},"line":446},"133":{"name":"(anonymous_133)","decl":{"start":{"line":447,"column":27},"end":{"line":447,"column":28}},"loc":{"start":{"line":447,"column":33},"end":{"line":447,"column":106}},"line":447},"134":{"name":"(anonymous_134)","decl":{"start":{"line":451,"column":55},"end":{"line":451,"column":56}},"loc":{"start":{"line":451,"column":61},"end":{"line":453,"column":17}},"line":451},"135":{"name":"(anonymous_135)","decl":{"start":{"line":452,"column":27},"end":{"line":452,"column":28}},"loc":{"start":{"line":452,"column":33},"end":{"line":452,"column":108}},"line":452},"136":{"name":"(anonymous_136)","decl":{"start":{"line":455,"column":59},"end":{"line":455,"column":60}},"loc":{"start":{"line":455,"column":65},"end":{"line":457,"column":17}},"line":455},"137":{"name":"(anonymous_137)","decl":{"start":{"line":456,"column":27},"end":{"line":456,"column":28}},"loc":{"start":{"line":456,"column":33},"end":{"line":456,"column":103}},"line":456},"138":{"name":"(anonymous_138)","decl":{"start":{"line":459,"column":66},"end":{"line":459,"column":67}},"loc":{"start":{"line":459,"column":72},"end":{"line":461,"column":17}},"line":459},"139":{"name":"(anonymous_139)","decl":{"start":{"line":460,"column":27},"end":{"line":460,"column":28}},"loc":{"start":{"line":460,"column":33},"end":{"line":460,"column":100}},"line":460},"140":{"name":"(anonymous_140)","decl":{"start":{"line":463,"column":67},"end":{"line":463,"column":68}},"loc":{"start":{"line":463,"column":73},"end":{"line":465,"column":17}},"line":463},"141":{"name":"(anonymous_141)","decl":{"start":{"line":464,"column":27},"end":{"line":464,"column":28}},"loc":{"start":{"line":464,"column":33},"end":{"line":464,"column":103}},"line":464},"142":{"name":"(anonymous_142)","decl":{"start":{"line":468,"column":29},"end":{"line":468,"column":30}},"loc":{"start":{"line":468,"column":35},"end":{"line":879,"column":13}},"line":468},"143":{"name":"(anonymous_143)","decl":{"start":{"line":471,"column":27},"end":{"line":471,"column":28}},"loc":{"start":{"line":471,"column":33},"end":{"line":479,"column":17}},"line":471},"144":{"name":"(anonymous_144)","decl":{"start":{"line":481,"column":74},"end":{"line":481,"column":75}},"loc":{"start":{"line":482,"column":20},"end":{"line":521,"column":26}},"line":482},"145":{"name":"(anonymous_145)","decl":{"start":{"line":483,"column":30},"end":{"line":483,"column":31}},"loc":{"start":{"line":483,"column":42},"end":{"line":521,"column":25}},"line":483},"146":{"name":"(anonymous_146)","decl":{"start":{"line":485,"column":38},"end":{"line":485,"column":39}},"loc":{"start":{"line":485,"column":51},"end":{"line":520,"column":33}},"line":485},"147":{"name":"(anonymous_147)","decl":{"start":{"line":524,"column":74},"end":{"line":524,"column":75}},"loc":{"start":{"line":524,"column":80},"end":{"line":526,"column":17}},"line":524},"148":{"name":"(anonymous_148)","decl":{"start":{"line":525,"column":27},"end":{"line":525,"column":28}},"loc":{"start":{"line":525,"column":33},"end":{"line":525,"column":71}},"line":525},"149":{"name":"(anonymous_149)","decl":{"start":{"line":528,"column":79},"end":{"line":528,"column":80}},"loc":{"start":{"line":528,"column":85},"end":{"line":530,"column":17}},"line":528},"150":{"name":"(anonymous_150)","decl":{"start":{"line":529,"column":27},"end":{"line":529,"column":28}},"loc":{"start":{"line":529,"column":33},"end":{"line":529,"column":67}},"line":529},"151":{"name":"(anonymous_151)","decl":{"start":{"line":532,"column":71},"end":{"line":532,"column":72}},"loc":{"start":{"line":532,"column":77},"end":{"line":534,"column":17}},"line":532},"152":{"name":"(anonymous_152)","decl":{"start":{"line":533,"column":27},"end":{"line":533,"column":28}},"loc":{"start":{"line":533,"column":33},"end":{"line":533,"column":65}},"line":533},"153":{"name":"(anonymous_153)","decl":{"start":{"line":536,"column":72},"end":{"line":536,"column":73}},"loc":{"start":{"line":536,"column":78},"end":{"line":538,"column":17}},"line":536},"154":{"name":"(anonymous_154)","decl":{"start":{"line":537,"column":27},"end":{"line":537,"column":28}},"loc":{"start":{"line":537,"column":33},"end":{"line":537,"column":66}},"line":537},"155":{"name":"(anonymous_155)","decl":{"start":{"line":540,"column":64},"end":{"line":540,"column":65}},"loc":{"start":{"line":541,"column":20},"end":{"line":583,"column":26}},"line":541},"156":{"name":"(anonymous_156)","decl":{"start":{"line":542,"column":30},"end":{"line":542,"column":31}},"loc":{"start":{"line":542,"column":41},"end":{"line":583,"column":25}},"line":542},"157":{"name":"(anonymous_157)","decl":{"start":{"line":545,"column":38},"end":{"line
[...]
"loc":{"start":{"line":118,"column":12},"end":{"line":118,"column":64}},"type":"if","locations":[{"start":{"line":118,"column":12},"end":{"line":118,"column":64}},{"start":{"line":118,"column":12},"end":{"line":118,"column":64}}],"line":118},"6":{"loc":{"start":{"line":171,"column":8},"end":{"line":171,"column":78}},"type":"if","locations":[{"start":{"line":171,"column":8},"end":{"line":171,"column":78}},{"start":{"line":171,"column":8},"end":{"line":171,"column":78}}],"line":171},"7":{"loc":{"start":{"line":197,"column":8},"end":{"line":201,"column":9}},"type":"if","locations":[{"start":{"line":197,"column":8},"end":{"line":201,"column":9}},{"start":{"line":197,"column":8},"end":{"line":201,"column":9}}],"line":197},"8":{"loc":{"start":{"line":206,"column":8},"end":{"line":213,"column":14}},"type":"if","locations":[{"start":{"line":206,"column":8},"end":{"line":213,"column":14}},{"start":{"line":206,"column":8},"end":{"line":213,"column":14}}],"line":206},"9":{"loc":{"start":{"line":224,"column":8},"end":{"line":227,"column":14}},"type":"if","locations":[{"start":{"line":224,"column":8},"end":{"line":227,"column":14}},{"start":{"line":224,"column":8},"end":{"line":227,"column":14}}],"line":224},"10":{"loc":{"start":{"line":267,"column":8},"end":{"line":267,"column":96}},"type":"if","locations":[{"start":{"line":267,"column":8},"end":{"line":267,"column":96}},{"start":{"line":267,"column":8},"end":{"line":267,"column":96}}],"line":267},"11":{"loc":{"start":{"line":272,"column":12},"end":{"line":272,"column":61}},"type":"if","locations":[{"start":{"line":272,"column":12},"end":{"line":272,"column":61}},{"start":{"line":272,"column":12},"end":{"line":272,"column":61}}],"line":272},"12":{"loc":{"start":{"line":279,"column":12},"end":{"line":282,"column":13}},"type":"if","locations":[{"start":{"line":279,"column":12},"end":{"line":282,"column":13}},{"start":{"line":279,"column":12},"end":{"line":282,"column":13}}],"line":279},"13":{"loc":{"start":{"line":325,"column":8},"end":{"line":325,"column":87}},"type":"if","locations":[{"start":{"line":325,"column":8},"end":{"line":325,"column":87}},{"start":{"line":325,"column":8},"end":{"line":325,"column":87}}],"line":325},"14":{"loc":{"start":{"line":353,"column":8},"end":{"line":353,"column":77}},"type":"if","locations":[{"start":{"line":353,"column":8},"end":{"line":353,"column":77}},{"start":{"line":353,"column":8},"end":{"line":353,"column":77}}],"line":353},"15":{"loc":{"start":{"line":355,"column":8},"end":{"line":355,"column":77}},"type":"if","locations":[{"start":{"line":355,"column":8},"end":{"line":355,"column":77}},{"start":{"line":355,"column":8},"end":{"line":355,"column":77}}],"line":355},"16":{"loc":{"start":{"line":362,"column":12},"end":{"line":362,"column":38}},"type":"if","locations":[{"start":{"line":362,"column":12},"end":{"line":362,"column":38}},{"start":{"line":362,"column":12},"end":{"line":362,"column":38}}],"line":362},"17":{"loc":{"start":{"line":363,"column":12},"end":{"line":363,"column":38}},"type":"if","locations":[{"start":{"line":363,"column":12},"end":{"line":363,"column":38}},{"start":{"line":363,"column":12},"end":{"line":363,"column":38}}],"line":363},"18":{"loc":{"start":{"line":458,"column":12},"end":{"line":458,"column":98}},"type":"if","locations":[{"start":{"line":458,"column":12},"end":{"line":458,"column":98}},{"start":{"line":458,"column":12},"end":{"line":458,"column":98}}],"line":458},"19":{"loc":{"start":{"line":521,"column":12},"end":{"line":527,"column":13}},"type":"if","locations":[{"start":{"line":521,"column":12},"end":{"line":527,"column":13}},{"start":{"line":521,"column":12},"end":{"line":527,"column":13}}],"line":521},"20":{"loc":{"start":{"line":532,"column":12},"end":{"line":534,"column":58}},"type":"if","locations":[{"start":{"line":532,"column":12},"end":{"line":534,"column":58}},{"start":{"line":532,"column":12},"end":{"line":534,"column":58}}],"line":532},"21":{"loc":{"start":{"line":586,"column":12},"end":{"line":586,"column":100}},"type":"if","locations":[{"start":{"line":586,"column":12},"end":{"line":586,"column":100}},{"start":{"line":586,"column":12},"end":{"line":586,"column":100}}],"line":586},"22":{"loc":{"start":{"line":589,"column":16},"end":{"line":592,"column":17}},"type":"if","locations":[{"start":{"line":589,"column":16},"end":{"line":592,"column":17}},{"start":{"line":589,"column":16},"end":{"line":592,"column":17}}],"line":589},"23":{"loc":{"start":{"line":626,"column":12},"end":{"line":630,"column":13}},"type":"if","locations":[{"start":{"line":626,"column":12},"end":{"line":630,"column":13}},{"start":{"line":626,"column":12},"end":{"line":630,"column":13}}],"line":626}},"s":{"0":1,"1":1,"2":1,"3":1,"4":1,"5":1,"6":1,"7":1,"8":1,"9":0,"10":1,"11":1,"12":1,"13":0,"14":1,"15":21,"16":1,"17":1,"18":1,"19":0,"20":1,"21":1,"22":10,"23":1,"24":1,"25":1,"26":0,"27":1,"28":4,"29":1,"30":1,"31":1,"32":0,"33":1,"34":1,"35":2,"36":2,"37":2,"38":2,"39":2,"40":1,"41":1,"42":1,"43":0,"44":1,"45":1,"46":1,"47":1,"48":1,"49":1,"50":1,"51":0,"52":1,"53":1,"54":1,"55":0,"56":0,"57":0,"58":1,"59":1,"60":0,"61":1,"62":1,"63":0,"64":1,"65":25,"66":1,"67":1,"68":1,"69":0,"70":1,"71":1,"72":1,"73":0,"74":1,"75":1,"76":1,"77":0,"78":0,"79":1,"80":0,"81":0,"82":0,"83":1,"84":1,"85":1,"86":0,"87":1,"88":1,"89":13,"90":5,"91":2,"92":3,"93":2,"94":1,"95":1,"96":1,"97":0,"98":1,"99":0,"100":1,"101":1,"102":2,"103":2,"104":1,"105":5,"106":1,"107":1,"108":1,"109":2,"110":2,"111":1,"112":6,"113":2,"114":2,"115":2,"116":1,"117":1,"118":2,"119":19,"120":3,"121":3,"122":3,"123":0,"124":3,"125":0,"126":3,"127":3,"128":9,"129":1,"130":1,"131":1,"132":1,"133":1,"134":1,"135":1,"136":1,"137":1,"138":1,"139":1,"140":1,"141":0,"142":0,"143":1,"144":1,"145":0,"146":1,"147":13,"148":1,"149":1,"150":1,"151":6,"152":2,"153":2,"154":2,"155":0,"156":2,"157":2,"158":2,"159":2,"160":2,"161":2,"162":2,"163":2,"164":9,"165":1,"166":1,"167":1,"168":1,"169":1,"170":1},"f":{"0":1,"1":1,"2":1,"3":1,"4":21,"5":1,"6":10,"7":1,"8":4,"9":1,"10":2,"11":1,"12":1,"13":0,"14":0,"15":0,"16":1,"17":0,"18":0,"19":25,"20":1,"21":0,"22":1,"23":13,"24":1,"25":2,"26":5,"27":1,"28":2,"29":6,"30":2,"31":1,"32":19,"33":3,"34":0,"35":9,"36":1,"37":1,"38":1,"39":1,"40":0,"41":13,"42":1,"43":6,"44":2,"45":2,"46":9,"47":1},"b":{"0":[0,1],"1":[0,1],"2":[0,1],"3":[0,1],"4":[1,1],"5":[0,1],"6":[0,1],"7":[1,0],"8":[1,0],"9":[1,0],"10":[0,1],"11":[0,1],"12":[0,1],"13":[0,1],"14":[2,3],"15":[2,1],"16":[0,1],"17":[0,1],"18":[0,3],"19":[1,0],"20":[0,1],"21":[0,2],"22":[2,0],"23":[1,0]},"_coverageSchema":"43e27e138ebf9cfc5966b082cf9a028302ed4184","hash":"10c66cce300c7ea58589060d35f640eada046d4d","contentHash":"a9ccdffc3b2f9bf98a88b4777b49244f"},"/Users/dani/Desktop/skylab/skylab-bootcamp-201809/staff/daniel-villegas/partyup/partyup-api/utilities/validate.js":{"path":"/Users/dani/Desktop/skylab/skylab-bootcamp-201809/staff/daniel-villegas/partyup/partyup-api/utilities/validate.js","statementMap":{"0":{"start":{"line":4,"column":4},"end":{"line":30,"column":6}},"1":{"start":{"line":5,"column":8},"end":{"line":29,"column":9}},"2":{"start":{"line":7,"column":16},"end":{"line":7,"column":52}},"3":{"start":{"line":7,"column":47},"end":{"line":7,"column":52}},"4":{"start":{"line":9,"column":16},"end":{"line":9,"column":90}},"5":{"start":{"line":9,"column":47},"end":{"line":9,"column":90}},"6":{"start":{"line":11,"column":16},"end":{"line":11,"column":85}},"7":{"start":{"line":11,"column":42},"end":{"line":11,"column":85}},"8":{"start":{"line":13,"column":16},"end":{"line":13,"column":21}},"9":{"start":{"line":15,"column":16},"end":{"line":15,"column":52}},"10":{"start":{"line":15,"column":47},"end":{"line":15,"column":52}},"11":{"start":{"line":17,"column":16},"end":{"line":17,"column":92}},"12":{"start":{"line":17,"column":48},"end":{"line":17,"column":92}},"13":{"start":{"line":19,"column":16},"end":{"line":19,"column":21}},"14":{"start":{"line":21,"column":16},"end":{"line":21,"column":52}},"15":{"start":{"line":21,"column":47},"end":{"line":21,"column":52}},"16":{"start":{"line":23,"column":16},"end":{"line":23,"column":90}},"17":{"start":{"line":23,"column":47},"end":{"line":23,"column":90}},"18":{"start":{"line":24,"column":16},"end":{"line":24,"column":21}},"19":{"start":{"line":26,"column":16},"end":{"line":26,"column":52}},"20":{"start":{"line":26,"column":47},"end":{"line":26,"column":52}},"21":{"start":{"line":28,"column":16},"end":{"line":28,"column":87}},"22":{"start":{"line":28,"column":46},"end":{"line":28,"column":87}},"23":{"start":{"line":33,"column":0},"end":{"line":33,"column":25}}},"fnMap":{"0":{"name":"validate","decl":{"start":{"line":3,"column":9},"end":{"line":3,"column":17}},"loc":{"start":{"line":3,"column":26},"end":{"line":31,"column":1}},"line":3},"1":{"name":"(anonymous_1)","decl":{"start":{"line":4,"column":19},"end":{"line":4,"column":20}},"loc":{"start":{"line":4,"column":55},"end":{"line":30,"column":5}},"line":4}},"branchMap":{"0":{"loc":{"start":{"line":5,"column":8},"end":{"line":29,"column":9}},"type":"switch","locations":[{"start":{"line":6,"column":12},"end":{"line":13,"column":21}},{"start":{"line":14,"column":12},"end":{"line":19,"column":21}},{"start":{"line":20,"column":12},"end":{"line":24,"column":21}},{"start":{"line":25,"column":12},"end":{"line":28,"column":87}}],"line":5},"1":{"loc":{"start":{"line":7,"column":16},"end":{"line":7,"column":52}},"type":"if","locations":[{"start":{"line":7,"column":16},"end":{"line":7,"column":52}},{"start":{"line":7,"column":16},"end":{"line":7,"column":52}}],"line":7},"2":{"loc":{"start":{"line":7,"column":20},"end":{"line":7,"column":45}},"type":"binary-expr","locations":[{"start":{"line":7,"column":20},"end":{"line":7,"column":28}},{"start":{"line":7,"column":32},"end":{"line":7,"column":45}}],"line":7},"3":{"loc":{"start":{"line":9,"column":16},"end":{"line":9,"column":90}},"type":"if","locations":[{"start":{"line":9,"column":16},"end":{"line":9,"column":90}},{"start":{"line":9,"column":16},"end":{"line":9,"column":90}}],"line":9},"4":{"loc":{"start":{"line":11,"column":16},"end":{"line":11,"column":85}},"type":"if","locations":[{"start":{"line":11,"column":16},"end":{"line":11,"column":85}},{"start":{"line":11,"column":16},"end":{"line":11,"column":85}}],"line":11},"5":{"loc":{"start":{"line":15,"column":16},"end":{"line":15,"column":52}},"type":"if","locations":[{"start":{"line":15,"column":16},"end":{"line":15,"column":52}},{"start":{"line":15,"column":16},"end":{"line":15,"column":52}}],"line":15},"6":{"loc":{"start":{"line":15,"column":20},"end":{"line":15,"column":45}},"type":"binary-expr","locations":[{"start":{"line":15,"column":20},"end":{"line":15,"column":28}},{"start":{"line":15,"column":32},"end":{"line":15,"column":45}}],"line":15},"7":{"loc":{"start":{"line":17,"column":16},"end":{"line":17,"column":92}},"type":"if","locations":[{"start":{"line":17,"column":16},"end":{"line":17,"column":92}},{"start":{"line":17,"column":16},"end":{"line":17,"column":92}}],"line":17},"8":{"loc":{"start":{"line":21,"column":16},"end":{"line":21,"column":52}},"type":"if","locations":[{"start":{"line":21,"column":16},"end":{"line":21,"column":52}},{"start":{"line":21,"column":16},"end":{"line":21,"column":52}}],"line":21},"9":{"loc":{"start":{"line":21,"column":20},"end":{"line":21,"column":45}},"type":"binary-expr","locations":[{"start":{"line":21,"column":20},"end":{"line":21,"column":28}},{"start":{"line":21,"column":32},"end":{"line":21,"column":45}}],"line":21},"10":{"loc":{"start":{"line":23,"column":16},"end":{"line":23,"column":90}},"type":"if","locations":[{"start":{"line":23,"column":16},"end":{"line":23,"column":90}},{"start":{"line":23,"column":16},"end":{"line":23,"column":90}}],"line":23},"11":{"loc":{"start":{"line":26,"column":16},"end":{"line":26,"column":52}},"type":"if","locations":[{"start":{"line":26,"column":16},"end":{"line":26,"column":52}},{"start":{"line":26,"column":16},"end":{"line":26,"column":52}}],"line":26},"12":{"loc":{"start":{"line":26,"column":20},"end":{"line":26,"column":45}},"type":"binary-expr","locations":[{"start":{"line":26,"column":20},"end":{"line":26,"column":28}},{"start":{"line":26,"column":32},"end":{"line":26,"column":45}}],"line":26},"13":{"loc":{"start":{"line":28,"column":16},"end":{"line":28,"column":87}},"type":"if","locations":[{"start":{"line":28,"column":16},"end":{"line":28,"column":87}},{"start":{"line":28,"column":16},"end":{"line":28,"column":87}}],"line":28}},"s":{"0":150,"1":328,"2":289,"3":1,"4":288,"5":86,"6":202,"7":30,"8":172,"9":0,"10":0,"11":0,"12":0,"13":0,"14":22,"15":0,"16":22,"17":8,"18":14,"19":17,"20":0,"21":17,"22":0,"23":1},"f":{"0":150,"1":328},"b":{"0":[289,0,22,17],"1":[1,288],"2":[289,1],"3":[86,202],"4":[30,172],"5":[0,0],"6":[0,0],"7":[0,0],"8":[0,22],"9":[22,0],"10":[8,14],"11":[0,17],"12":[17,0],"13":[0,17]},"_coverageSchema":"43e27e138ebf9cfc5966b082cf9a028302ed4184","hash":"c1e00646713c20b1dbd60425d8339a3cebe95378","contentHash":"313c1c48cb30eeeff07859c175ba3950"},"/Users/dani/Desktop/skylab/skylab-bootcamp-201809/staff/daniel-villegas/partyup/partyup-api/errors/index.js":{"path":"/Users/dani/Desktop/skylab/skylab-bootcamp-201809/staff/daniel-villegas/partyup/partyup-api/errors/index.js","statementMap":{"0":{"start":{"line":1,"column":27},"end":{"line":1,"column":60}},"1":{"start":{"line":2,"column":18},"end":{"line":2,"column":41}},"2":{"start":{"line":3,"column":22},"end":{"line":3,"column":50}},"3":{"start":{"line":4,"column":19},"end":{"line":4,"column":43}},"4":{"start":{"line":6,"column":0},"end":{"line":11,"column":1}}},"fnMap":{},"branchMap":{},"s":{"0":1,"1":1,"2":1,"3":1,"4":1},"f":{},"b":{},"_coverageSchema":"43e27e138ebf9cfc5966b082cf9a028302ed4184","hash":"9e3966e470951c5e109f8ff176d7deb02a8c6617","contentHash":"8ad853b7c6d23a6c4561b7475aa27ecf"},"/Users/dani/Desktop/skylab/skylab-bootcamp-201809/staff/daniel-villegas/partyup/partyup-api/errors/already-exists-error.js":{"path":"/Users/dani/Desktop/skylab/skylab-bootcamp-201809/staff/daniel-villegas/partyup/partyup-api/errors/already-exists-error.js","statementMap":{"0":{"start":{"line":3,"column":8},"end":{"line":3,"column":15}},"1":{"start":{"line":5,"column":8},"end":{"line":5,"column":55}},"2":{"start":{"line":7,"column":8},"end":{"line":7,"column":40}},"3":{"start":{"line":8,"column":8},"end":{"line":8,"column":30}},"4":{"start":{"line":10,"column":8},"end":{"line":10,"column":37}},"5":{"start":{"line":10,"column":19},"end":{"line":10,"column":37}},"6":{"start":{"line":14,"column":0},"end":{"line":14,"column":35}}},"fnMap":{"0":{"name":"(anonymous_0)","decl":{"start":{"line":2,"column":4},"end":{"line":2,"column":5}},"loc":{"start":{"line":2,"column":32},"end":{"line":11,"column":5}},"line":2}},"branchMap":{"0":{"loc":{"start":{"line":10,"column":8},"end":{"line":10,"column":37}},"type":"if","locations":[{"start":{"line":10,"column":8},"end":{"line":10,"column":37}},{"start":{"line":10,"column":8},"end":{"line":10,"column":37}}],"line":10}},"s":{"0":0,"1":0,"2":0,"3":0,"4":0,"5":0,"6":1},"f":{"0":0},"b":{"0":[0,0]},"_coverageSchema":"43e27e138ebf9cfc5966b082cf9a028302ed4184","hash":"96d3b917dd00b3d42d8706c4df8b0216edb75ca8","contentHash":"faa22129509a7921aacc747843c7a452"},"/Users/dani/Desktop/skylab/skylab-bootcamp-201809/staff/daniel-villegas/partyup/partyup-api/errors/auth-error.js":{"path":"/Users/dani/Desktop/skylab/skylab-bootcamp-201809/staff/daniel-villegas/partyup/partyup-api/errors/auth-error.js","statementMap":{"0":{"start":{"line":3,"column":8},"end":{"line":3,"column":15}},"1":{"start":{"line":5,"column":8},"end":{"line":5,"column":55}},"2":{"start":{"line":7,"column":8},"end":{"line":7,"column":31}},"3":{"start":{"line":8,"column":8},"end":{"line":8,"column":30}},"4":{"start":{"line":10,"column":8},"end":{"line":10,"column":37}},"5":{"start":{"line":10,"column":19},"end":{"line":10,"column":37}},"6":{"start":{"line":14,"column":0},"end":{"line":14,"column":26}}},"fnMap":{"0":{"name":"(anonymous_0)","decl":{"start":{"line":2,"column":4},"end":{"line":2,"column":5}},"loc":{"start":{"line":2,"column":32},"end":{"line":11,"column":5}},"line":2}},"branchMap":{"0":{"loc":{"start":{"line":10,"column":8},"end":{"line":10,"column":37}},"type":"if","locations":[{"start":{"line":10,"column":8},"end":{"line":10,"column":37}},{"start":{"line":10,"column":8},"end":{"line":10,"column":37}}],"line":10}},"s":{"0":0,"1":0,"2":0,"3":0,"4":0,"5":0,"6":1},"f":{"0":0},"b":{"0":[0,0]},"_coverageSchema":"43e27e138ebf9cfc5966b082cf9a028302ed4184","hash":"3cf28a17b50b548dde7ace9506e3c3d80367eca8","contentHash":"d64267ae89f4f2220ff675175d5e44c1"},"/Users/dani/Desktop/skylab/skylab-bootcamp-201809/staff/daniel-villegas/partyup/partyup-api/errors/not-found-error.js":{"path":"/Users/dani/Desktop/skylab/skylab-bootcamp-201809/staff/daniel-villegas/partyup/partyup-api/errors/not-found-error.js","statementMap":{"0":{"start":{"line":3,"column":8},"end":{"line":3,"column":15}},"1":{"start":{"line":5,"column":8},"end":{"line":5,"column":55}},"2":{"start":{"line":7,"column":8},"end":{"line":7,"column":35}},"3":{"start":{"line":8,"column":8},"end":{"line":8,"column":30}},"4":{"start":{"line":10,"column":8},"end":{"line":10,"column":37}},"5":{"start":{"line":10,"column":19},"end":{"line":10,"column":37}},"6":{"start":{"line":14,"column":0},"end":{"line":14,"column":30}}},"fnMap":{"0":{"name":"(anonymous_0)","decl":{"start":{"line":2,"column":4},"end":{"line":2,"column":5}},"loc":{"start":{"line":2,"column":32},"end":{"line":11,"column":5}},"line":2}},"branchMap":{"0":{"loc":{"start":{"line":10,"column":8},"end":{"line":10,"column":37}},"type":"if","locations":[{"start":{"line":10,"column":8},"end":{"line":10,"column":37}},{"start":{"line":10,"column":8},"end":{"line":10,"column":37}}],"line":10}},"s":{"0":0,"1":0,"2":0,"3":0,"4":0,"5":0,"6":1},"f":{"0":0},"b":{"0":[0,0]},"_coverageSchema":"43e27e138ebf9cfc5966b082cf9a028302ed4184","hash":"a52eb6e3c56fac107d663e94781e470190fcfbd0","contentHash":"87906d9a12f439f8ebd1238592c61b0e"},"/Users/dani/Desktop/skylab/skylab-bootcamp-201809/staff/daniel-villegas/partyup/partyup-api/errors/value-error.js":{"path":"/Users/dani/Desktop/skylab/skylab-bootcamp-201809/staff/daniel-villegas/partyup/partyup-api/errors/value-error.js","statementMap":{"0":{"start":{"line":3,"column":8},"end":{"line":3,"column":15}},"1":{"start":{"line":5,"column":8},"end":{"line":5,"column":55}},"2":{"start":{"line":7,"column":8},"end":{"line":7,"column":32}},"3":{"start":{"line":8,"column":8},"end":{"line":8,"column":30}},"4":{"start":{"line":10,"column":8},"end":{"line":10,"column":37}},"5":{"start":{"line":10,"column":19},"end":{"line":10,"column":37}},"6":{"start":{"line":14,"column":0},"end":{"line":14,"column":27}}},"fnMap":{"0":{"name":"(anonymous_0)","decl":{"start":{"line":2,"column":4},"end":{"line":2,"column":5}},"loc":{"start":{"line":2,"column":32},"end":{"line":11,"column":5}},"line":2}},"branchMap":{"0":{"loc":{"start":{"line":10,"column":8},"end":{"line":10,"column":37}},"type":"if","locations":[{"start":{"line":10,"column":8},"end":{"line":10,"column":37}},{"start":{"line":10,"column":8},"end":{"line":10,"column":37}}],"line":10}},"s":{"0":0,"1":0,"2":0,"3":0,"4":0,"5":0,"6":1},"f":{"0":0},"b":{"0":[0,0]},"_coverageSchema":"43e27e138ebf9cfc5966b082cf9a028302ed4184","hash":"2b3c18211d95cb57507e9b655dc4bb3f492a216d","contentHash":"560f5b4a798c70554e9c5687697404d9"},"/Users/dani/Desktop/skylab/skylab-bootcamp-201809/staff/daniel-villegas/partyup/partyup-api/logic/image.js":{"path":"/Users/dani/Desktop/skylab/skylab-bootcamp-201809/staff/daniel-villegas/partyup/partyup-api/logic/image.js","statementMap":{"0":{"start":{"line":1,"column":20},"end":{"line":1,"column":6189}},"1":{"start":{"line":3,"column":0},"end":{"line":3,"column":28}}},"fnMap":{},"branchMap":{},"s":{"0":1,"1":1},"f":{},"b":{},"_coverageSchema":"43e27e138ebf9cfc5966b082cf9a028302ed4184","hash":"39c257124f66544864bf5452fcf82e40a51623fe","contentHash":"ca58ad1a9bbc977cadcf25d66df184d1"}}