{"/Users/dani/Desktop/skylab/skylab-bootcamp-201809/staff/daniel-villegas/partyup/partyup-app/src/logic.spec.js":{"path":"/Users/dani/Desktop/skylab/skylab-bootcamp-201809/staff/daniel-villegas/partyup/partyup-app/src/logic.spec.js","statementMap":{"0":{"start":{"line":1,"column":0},"end":{"line":1,"column":26}},"1":{"start":{"line":3,"column":0},"end":{"line":3,"column":27}},"2":{"start":{"line":5,"column":0},"end":{"line":5,"column":49}},"3":{"start":{"line":7,"column":22},"end":{"line":7,"column":41}},"4":{"start":{"line":8,"column":14},"end":{"line":8,"column":32}},"5":{"start":{"line":9,"column":60},"end":{"line":9,"column":83}},"6":{"start":{"line":10,"column":19},"end":{"line":10,"column":34}},"7":{"start":{"line":12,"column":0},"end":{"line":12,"column":41}},"8":{"start":{"line":14,"column":18},"end":{"line":14,"column":58}},"9":{"start":{"line":16,"column":0},"end":{"line":1105,"column":2}},"10":{"start":{"line":17,"column":4},"end":{"line":17,"column":99}},"11":{"start":{"line":17,"column":17},"end":{"line":17,"column":98}},"12":{"start":{"line":19,"column":4},"end":{"line":19,"column":101}},"13":{"start":{"line":19,"column":21},"end":{"line":19,"column":100}},"14":{"start":{"line":21,"column":4},"end":{"line":1103,"column":6}},"15":{"start":{"line":22,"column":8},"end":{"line":143,"column":10}},"16":{"start":{"line":25,"column":12},"end":{"line":31,"column":14}},"17":{"start":{"line":26,"column":16},"end":{"line":26,"column":46}},"18":{"start":{"line":27,"column":16},"end":{"line":27,"column":52}},"19":{"start":{"line":28,"column":16},"end":{"line":28,"column":46}},"20":{"start":{"line":29,"column":16},"end":{"line":29,"column":54}},"21":{"start":{"line":30,"column":16},"end":{"line":30,"column":54}},"22":{"start":{"line":33,"column":12},"end":{"line":51,"column":14}},"23":{"start":{"line":34,"column":28},"end":{"line":34,"column":93}},"24":{"start":{"line":36,"column":16},"end":{"line":36,"column":43}},"25":{"start":{"line":38,"column":31},"end":{"line":38,"column":48}},"26":{"start":{"line":40,"column":16},"end":{"line":40,"column":49}},"27":{"start":{"line":42,"column":31},"end":{"line":42,"column":37}},"28":{"start":{"line":44,"column":16},"end":{"line":44,"column":49}},"29":{"start":{"line":45,"column":16},"end":{"line":45,"column":48}},"30":{"start":{"line":46,"column":16},"end":{"line":46,"column":54}},"31":{"start":{"line":47,"column":16},"end":{"line":47,"column":48}},"32":{"start":{"line":48,"column":16},"end":{"line":48,"column":56}},"33":{"start":{"line":49,"column":16},"end":{"line":49,"column":56}},"34":{"start":{"line":55,"column":12},"end":{"line":57,"column":14}},"35":{"start":{"line":56,"column":16},"end":{"line":56,"column":143}},"36":{"start":{"line":56,"column":29},"end":{"line":56,"column":93}},"37":{"start":{"line":59,"column":12},"end":{"line":61,"column":14}},"38":{"start":{"line":60,"column":16},"end":{"line":60,"column":131}},"39":{"start":{"line":60,"column":29},"end":{"line":60,"column":88}},"40":{"start":{"line":63,"column":12},"end":{"line":65,"column":14}},"41":{"start":{"line":64,"column":16},"end":{"line":64,"column":123}},"42":{"start":{"line":64,"column":29},"end":{"line":64,"column":85}},"43":{"start":{"line":67,"column":12},"end":{"line":69,"column":14}},"44":{"start":{"line":68,"column":16},"end":{"line":68,"column":131}},"45":{"start":{"line":68,"column":29},"end":{"line":68,"column":89}},"46":{"start":{"line":73,"column":12},"end":{"line":75,"column":14}},"47":{"start":{"line":74,"column":16},"end":{"line":74,"column":140}},"48":{"start":{"line":74,"column":29},"end":{"line":74,"column":90}},"49":{"start":{"line":77,"column":12},"end":{"line":79,"column":14}},"50":{"start":{"line":78,"column":16},"end":{"line":78,"column":131}},"51":{"start":{"line":78,"column":29},"end":{"line":78,"column":85}},"52":{"start":{"line":81,"column":12},"end":{"line":83,"column":14}},"53":{"start":{"line":82,"column":16},"end":{"line":82,"column":120}},"54":{"start":{"line":82,"column":29},"end":{"line":82,"column":82}},"55":{"start":{"line":85,"column":12},"end":{"line":87,"column":14}},"56":{"start":{"line":86,"column":16},"end":{"line":86,"column":128}},"57":{"start":{"line":86,"column":29},"end":{"line":86,"column":86}},"58":{"start":{"line":91,"column":12},"end":{"line":93,"column":14}},"59":{"start":{"line":92,"column":16},"end":{"line":92,"column":143}},"60":{"start":{"line":92,"column":29},"end":{"line":92,"column":93}},"61":{"start":{"line":95,"column":12},"end":{"line":97,"column":14}},"62":{"start":{"line":96,"column":16},"end":{"line":96,"column":131}},"63":{"start":{"line":96,"column":29},"end":{"line":96,"column":88}},"64":{"start":{"line":99,"column":12},"end":{"line":101,"column":14}},"65":{"start":{"line":100,"column":16},"end":{"line":100,"column":123}},"66":{"start":{"line":100,"column":29},"end":{"line":100,"column":85}},"67":{"start":{"line":103,"column":12},"end":{"line":105,"column":14}},"68":{"start":{"line":104,"column":16},"end":{"line":104,"column":131}},"69":{"start":{"line":104,"column":29},"end":{"line":104,"column":89}},"70":{"start":{"line":109,"column":12},"end":{"line":111,"column":14}},"71":{"start":{"line":110,"column":16},"end":{"line":110,"column":139}},"72":{"start":{"line":110,"column":29},"end":{"line":110,"column":89}},"73":{"start":{"line":113,"column":12},"end":{"line":115,"column":14}},"74":{"start":{"line":114,"column":16},"end":{"line":114,"column":131}},"75":{"start":{"line":114,"column":29},"end":{"line":114,"column":84}},"76":{"start":{"line":117,"column":12},"end":{"line":119,"column":14}},"77":{"start":{"line":118,"column":16},"end":{"line":118,"column":119}},"78":{"start":{"line":118,"column":29},"end":{"line":118,"column":81}},"79":{"start":{"line":121,"column":12},"end":{"line":123,"column":14}},"80":{"start":{"line":122,"column":16},"end":{"line":122,"column":125}},"81":{"start":{"line":122,"column":29},"end":{"line":122,"column":84}},"82":{"start":{"line":127,"column":12},"end":{"line":129,"column":14}},"83":{"start":{"line":128,"column":16},"end":{"line":128,"column":139}},"84":{"start":{"line":128,"column":29},"end":{"line":128,"column":89}},"85":{"start":{"line":131,"column":12},"end":{"line":133,"column":14}},"86":{"start":{"line":132,"column":16},"end":{"line":132,"column":131}},"87":{"start":{"line":132,"column":29},"end":{"line":132,"column":84}},"88":{"start":{"line":135,"column":12},"end":{"line":137,"column":14}},"89":{"start":{"line":136,"column":16},"end":{"line":136,"column":121}},"90":{"start":{"line":136,"column":29},"end":{"line":136,"column":82}},"91":{"start":{"line":139,"column":12},"end":{"line":141,"column":14}},"92":{"start":{"line":140,"column":16},"end":{"line":140,"column":127}},"93":{"start":{"line":140,"column":29},"end":{"line":140,"column":85}},"94":{"start":{"line":145,"column":8},"end":{"line":209,"column":10}},"95":{"start":{"line":147,"column":12},"end":{"line":155,"column":14}},"96":{"start":{"line":148,"column":16},"end":{"line":148,"column":43}},"97":{"start":{"line":149,"column":16},"end":{"line":149,"column":46}},"98":{"start":{"line":150,"column":16},"end":{"line":150,"column":43}},"99":{"start":{"line":151,"column":16},"end":{"line":151,"column":47}},"100":{"start":{"line":152,"column":16},"end":{"line":152,"column":47}},"101":{"start":{"line":154,"column":16},"end":{"line":154,"column":89}},"102":{"start":{"line":157,"column":12},"end":{"line":172,"column":14}},"103":{"start":{"line":158,"column":47},"end":{"line":158,"column":51}},"104":{"start":{"line":160,"column":16},"end":{"line":171,"column":22}},"105":{"start":{"line":162,"column":24},"end":{"line":162,"column":50}},"106":{"start":{"line":164,"column":24},"end":{"line":170,"column":30}},"107":{"start":{"line":166,"column":48},"end":{"line":166,"column":54}},"108":{"start":{"line":167,"column":48},"end":{"line":167,"column":84}},"109":{"start":{"line":169,"column":32},"end":{"line":169,"column":66}},"110":{"start":{"line":176,"column":12},"end":{"line":178,"column":14}},"111":{"start":{"line":177,"column":16},"end":{"line":177,"column":127}},"112":{"start":{"line":177,"column":29},"end":{"line":177,"column":77}},"113":{"start":{"line":180,"column":12},"end":{"line":182,"column":14}},"114":{"start":{"line":181,"column":16},"end":{"line":181,"column":120}},"115":{"start":{"line":181,"column":29},"end":{"line":181,"column":73}},"116":{"start":{"line":184,"column":12},"end":{"line":186,"column":14}},"117":{"start":{"line":185,"column":16},"end":{"line":185,"column":107}},"118":{"start":{"line":185,"column":29},"end":{"line":185,"column":69}},"119":{"start":{"line":188,"column":12},"end":{"line":190,"column":14}},"120":{"start":{"line":189,"column":16},"end":{"line":189,"column":113}},"121":{"start":{"line":189,"column":29},"end":{"line":189,"column":72}},"122":{"start":{"line":194,"column":12},"end":{"line":196,"column":14}},"123":{"start":{"line":195,"column":16},"end":{"line":195,"column":127}},"124":{"start":{"line":195,"column":29},"end":{"line":195,"column":77}},"125":{"start":{"line":198,"column":12},"end":{"line":200,"column":14}},"126":{"start":{"line":199,"column":16},"end":{"line":199,"column":120}},"127":{"start":{"line":199,"column":29},"end":{"line":199,"column":73}},"128":{"start":{"line":202,"column":12},"end":{"line":204,"column":14}},"129":{"start":{"line":203,"column":16},"end":{"line":203,"column":107}},"130":{"start":{"line":203,"column":29},"end":{"line":203,"column":69}},"131":{"start":{"line":206,"column":12},"end":{"line":208,"column":14}},"132":{"start":{"line":207,"column":16},"end":{"line":207,"column":113}},"133":{"start":{"line":207,"column":29},"end":{"line":207,"column":72}},"134":{"start":{"line":211,"column":8},"end":{"line":236,"column":10}},"135":{"start":{"line":214,"column":12},"end":{"line":224,"column":14}},"136":{"start":{"line":215,"column":16},"end":{"line":215,"column":43}},"137":{"start":{"line":216,"column":16},"end":{"line":216,"column":46}},"138":{"start":{"line":217,"column":16},"end":{"line":217,"column":43}},"139":{"start":{"line":218,"column":16},"end":{"line":218,"column":47}},"140":{"start":{"line":219,"column":16},"end":{"line":219,"column":47}},"141":{"start":{"line":221,"column":16},"end":{"line":221,"column":89}},"142":{"start":{"line":223,"column":16},"end":{"line":223,"column":64}},"143":{"start":{"line":226,"column":12},"end":{"line":235,"column":14}},"144":{"start":{"line":227,"column":30},"end":{"line":227,"column":65}},"145":{"start":{"line":229,"column":16},"end":{"line":229,"column":50}},"146":{"start":{"line":230,"column":16},"end":{"line":230,"column":54}},"147":{"start":{"line":231,"column":16},"end":{"line":231,"column":60}},"148":{"start":{"line":232,"column":16},"end":{"line":232,"column":54}},"149":{"start":{"line":233,"column":16},"end":{"line":233,"column":62}},"150":{"start":{"line":234,"column":16},"end":{"line":234,"column":62}},"151":{"start":{"line":238,"column":8},"end":{"line":899,"column":10}},"152":{"start":{"line":239,"column":12},"end":{"line":393,"column":14}},"153":{"start":{"line":242,"column":16},"end":{"line":260,"column":18}},"154":{"start":{"line":243,"column":20},"end":{"line":243,"column":47}},"155":{"start":{"line":244,"column":20},"end":{"line":244,"column":50}},"156":{"start":{"line":245,"column":20},"end":{"line":245,"column":47}},"157":{"start":{"line":246,"column":20},"end":{"line":246,"column":51}},"158":{"start":{"line":247,"column":20},"end":{"line":247,"column":51}},"159":{"start":{"line":249,"column":20},"end":{"line":249,"column":93}},"160":{"start":{"line":251,"column":20},"end":{"line":251,"column":68}},"161":{"start":{"line":253,"column":20},"end":{"line":253,"column":36}},"162":{"start":{"line":254,"column":20},"end":{"line":254,"column":53}},"163":{"start":{"line":255,"column":20},"end":{"line":255,"column":37}},"164":{"start":{"line":256,"column":20},"end":{"line":256,"column":31}},"165":{"start":{"line":257,"column":20},"end":{"line":257,"column":36}},"166":{"start":{"line":258,"column":20},"end":{"line":258,"column":31}},"167":{"start":{"line":259,"column":20},"end":{"line":259,"column":38}},"168":{"start":{"line":262,"column":16},"end":{"line":290,"column":18}},"169":{"start":{"line":263,"column":32},"end":{"line":263,"column":111}},"170":{"start":{"line":265,"column":20},"end":{"line":265,"column":47}},"171":{"start":{"line":267,"column":38},"end":{"line":267,"column":58}},"172":{"start":{"line":269,"column":20},"end":{"line":269,"column":56}},"173":{"start":{"line":271,"column":38},"end":{"line":271,"column":47}},"174":{"start":{"line":273,"column":20},"end":{"line":273,"column":57}},"175":{"start":{"line":274,"column":20},"end":{"line":274,"column":59}},"176":{"start":{"line":276,"column":20},"end":{"line":276,"column":69}},"177":{"start":{"line":277,"column":20},"end":{"line":277,"column":65}},"178":{"start":{"line":282,"column":20},"end":{"line":282,"column":55}},"179":{"start":{"line":283,"column":20},"end":{"line":283,"column":58}},"180":{"start":{"line":285,"column":20},"end":{"line":285,"column":57}},"181":{"start":{"line":286,"column":20},"end":{"line":286,"column":59}},"182":{"start":{"line":288,"column":20},"end":{"line":288,"column":55}},"183":{"start":{"line":289,"column":20},"end":{"line":289,"column":58}},"184":{"start":{"line":293,"column":16},"end":{"line":295,"column":18}},"185":{"start":{"line":294,"column":20},"end":{"line":294,"column":160}},"186":{"start":{"line":294,"column":33},"end":{"line":294,"column":110}},"187":{"start":{"line":297,"column":16},"end":{"line":299,"column":18}},"188":{"start":{"line":298,"column":20},"end":{"line":298,"column":149}},"189":{"start":{"line":298,"column":33},"end":{"line":298,"column":105}},"190":{"start":{"line":301,"column":16},"end":{"line":303,"column":18}},"191":{"start":{"line":302,"column":20},"end":{"line":302,"column":140}},"192":{"start":{"line":302,"column":33},"end":{"line":302,"column":102}},"193":{"start":{"line":305,"column":16},"end":{"line":307,"column":18}},"194":{"start":{"line":306,"column":20},"end":{"line":306,"column":146}},"195":{"start":{"line":306,"column":33},"end":{"line":306,"column":105}},"196":{"start":{"line":310,"column":16},"end":{"line":312,"column":18}},"197":{"start":{"line":311,"column":20},"end":{"line":311,"column":154}},"198":{"start":{"line":311,"column":33},"end":{"line":311,"column":104}},"199":{"start":{"line":314,"column":16},"end":{"line":316,"column":18}},"200":{"start":{"line":315,"column":20},"end":{"line":315,"column":149}},"201":{"start":{"line":315,"column":33},"end":{"line":315,"column":99}},"202":{"start":{"line":318,"column":16},"end":{"line":320,"column":18}},"203":{"start":{"line":319,"column":20},"end":{"line":319,"column":134}},"204":{"start":{"line":319,"column":33},"end":{"line":319,"column":96}},"205":{"start":{"line":322,"column":16},"end":{"line":324,"column":18}},"206":{"start":{"line":323,"column":20},"end":{"line":323,"column":140}},"207":{"start":{"line":323,"column":33},"end":{"line":323,"column":99}},"208":{"start":{"line":327,"column":16},"end":{"line":329,"column":18}},"209":{"start":{"line":328,"column":20},"end":{"line":328,"column":161}},"210":{"start":{"line":328,"column":33},"end":{"line":328,"column":111}},"211":{"start":{"line":331,"column":16},"end":{"line":333,"column":18}},"212":{"start":{"line":332,"column":20},"end":{"line":332,"column":149}},"213":{"start":{"line":332,"column":33},"end":{"line":332,"column":106}},"214":{"start":{"line":335,"column":16},"end":{"line":337,"column":18}},"215":{"start":{"line":336,"column":20},"end":{"line":336,"column":141}},"216":{"start":{"line":336,"column":33},"end":{"line":336,"column":103}},"217":{"start":{"line":339,"column":16},"end":{"line":341,"column":18}},"218":{"start":{"line":340,"column":20},"end":{"line":340,"column":147}},"219":{"start":{"line":340,"column":33},"end":{"line":340,"column":106}},"220":{"start":{"line":344,"column":16},"end":{"line":346,"column":18}},"221":{"start":{"line":345,"column":20},"end":{"line":345,"column":160}},"222":{"start":{"line":345,"column":33},"end":{"line":345,"column":110}},"223":{"start":{"line":348,"column":16},"end":{"line":350,"column":18}},"224":{"start":{"line":349,"column":20},"end":{"line":349,"column":149}},"225":{"start":{"line":349,"column":33},"end":{"line":349,"column":105}},"226":{"start":{"line":352,"column":16},"end":{"line":354,"column":18}},"227":{"start":{"line":353,"column":20},"end":{"line":353,"column":140}},"228":{"start":{"line":353,"column":33},"end":{"line":353,"column":102}},"229":{"start":{"line":356,"column":16},"end":{"line":358,"column":18}},"230":{"start":{"line":357,"column":20},"end":{"line":357,"column":146}},"231":{"start":{"line":357,"column":33},"end":{"line":357,"column":105}},"232":{"start":{"line":361,"column":16},"end":{"line":363,"column":18}},"233":{"start":{"line":362,"column":20},"end":{"line":362,"column":161}},"234":{"start":{"line":362,"column":33},"end":{"line":362,"column":111}},"235":{"start":{"line":365,"column":16},"end":{"line":367,"column":18}},"236":{"start":{"line":366,"column":20},"end":{"line":366,"column":149}},"237":{"start":{"line":366,"column":33},"end":{"line":366,"column":106}},"238":{"start":{"line":369,"column":16},"end":{"line":371,"column":18}},"239":{"start":{"line":370,"column":20},"end":{"line":370,"column":141}},"240":{"start":{"line":370,"column":33},"end":{"line":370,"column":103}},"241":{"start":{"line":373,"column":16},"end":{"line":375,"column":18}},"242":{"start":{"line":374,"column":20},"end":{"line":374,"column":147}},"243":{"start":{"line":374,"column":33},"end":{"line":374,"column":106}},"244":{"start":{"line":378,"column":16},"end":{"line":380,"column":18}},"245":{"start":{"line":379,"column":20},"end":{"line":379,"column":158}},"246":{"start":{"line":379,"column":33},"end":{"line":379,"column":108}},"247":{"start":{"line":382,"column":16},"end":{"line":384,"column":18}},"248":{"start":{"line":383,"column":20},"end":{"line":383,"column":153}},"249":{"start":{"line":383,"column":33},"end":{"line":383,"column":103}},"250":{"start":{"line":386,"column":16},"end":{"line":388,"column":18}},"251":{"start":{"line":387,"column":20},"end":{"line":387,"column":138}},"252":{"start":{"line":387,"column":33},"end":{"line":387,"column":100}},"253":{"start":{"line":390,"column":16},"end":{"line":392,"column":18}},"254":{"start":{"line":391,"column":20},"end":{"line":391,"column":144}},"255":{"start":{"line":391,"column":33},"end":{"line":391,"column":103}},"256":{"start":{"line":395,"column":12},"end":{"line":745,"column":14}},"257":{"start":{"line":398,"column":16},"end":{"line":413,"column":18}},"258":{"start":{"line":399,"column":20},"end":{"line":399,"column":47}},"259":{"start":{"line":400,"column":20},"end":{"line":400,"column":50}},"260":{"start":{"line":401,"column":20},"end":{"line":401,"column":47}},"261":{"start":{"line":402,"column":20},"end":{"line":402,"column":51}},"262":{"start":{"line":403,"column":20},"end":{"line":403,"column":51}},"263":{"start":{"line":405,"column":20},"end":{"line":405,"column":93}},"264":{"start":{"line":407,"column":20},"end":{"line":407,"column":68}},"265":{"start":{"line":409,"column":20},"end":{"line":409,"column":202}},"266":{"start":{"line":410,"column":20},"end":{"line":410,"column":206}},"267":{"start":{"line":411,"column":20},"end":{"line":411,"column":37}},"268":{"start":{"line":412,"column":20},"end":{"line":412,"column":37}},"269":{"start":{"line":415,"column":16},"end":{"line":456,"column":17}},"270":{"start":{"line":416,"column":20},"end":{"line":455,"column":26}},"271":{"start":{"line":418,"column":28},"end":{"line":454,"column":34}},"272":{"start":{"line":420,"column":36},"end":{"line":420,"column":71}},"273":{"start":{"line":422,"column":36},"end":{"line":422,"column":86}},"274":{"start":{"line":423,"column":66},"end":{"line":423,"column":75}},"275":{"start":{"line":425,"column":36},"end":{"line":425,"column":76}},"276":{"start":{"line":426,"column":36},"end":{"line":426,"column":82}},"277":{"start":{"line":427,"column":36},"end":{"line":427,"column":94}},"278":{"start":{"line":428,"column":36},"end":{"line":428,"column":82}},"279":{"start":{"line":429,"column":36},"end":{"line":429,"column":80}},"280":{"start":{"line":430,"column":36},"end":{"line":430,"column":80}},"281":{"start":{"line":432,"column":36},"end":{"line":432,"column":78}},"282":{"start":{"line":433,"column":36},"end":{"line":433,"column":84}},"283":{"start":{"line":434,"column":36},"end":{"line":434,"column":96}},"284":{"start":{"line":435,"column":36},"end":{"line":435,"column":84}},"285":{"start":{"line":436,"column":36},"end":{"line":436,"column":82}},"286":{"start":{"line":437,"column":36},"end":{"line":437,"column":82}},"287":{"start":{"line":439,"column":68},"end":{"line":439,"column":76}},"288":{"start":{"line":441,"column":36},"end":{"line":441,"column":78}},"289":{"start":{"line":442,"column":36},"end":{"line":442,"column":84}},"290":{"start":{"line":443,"column":36},"end":{"line":443,"column":96}},"291":{"start":{"line":444,"column":36},"end":{"line":444,"column":84}},"292":{"start":{"line":445,"column":36},"end":{"line":445,"column":82}},"293":{"start":{"line":446,"column":36},"end":{"line":446,"column":82}},"294":{"start":{"line":448,"column":36},"end":{"line":448,"column":80}},"295":{"start":{"line":449,"column":36},"end":{"line":449,"column":86}},"296":{"start":{"line":450,"column":36},"end":{"line":450,"column":98}},"297":{"start":{"line":451,"column":36},"end":{"line":451,"column":86}},"298":{"start":{"line":452,"column":36},"end":{"line":452,"column":84}},"299":{"start":{"line":453,"column":36},"end":{"line":453,"column":84}},"300":{"start":{"line":458,"column":16},"end":{"line":460,"column":18}},"301":{"start":{"line":459,"column":20},"end":{"line":459,"column":114}},"302":{"start":{"line":459,"column":33},"end":{"line":459,"column":71}},"303":{"start":{"line":462,"column":16},"end":{"line":464,"column":18}},"304":{"start":{"line":463,"column":20},"end":{"line":463,"column":113}},"305":{"start":{"line":463,"column":33},"end":{"line":463,"column":69}},"306":{"start":{"line":466,"column":16},"end":{"line":468,"column":18}},"307":{"start":{"line":467,"column":20},"end":{"line":467,"column":115}},"308":{"start":{"line":467,"column":33},"end":{"line":467,"column":70}},"309":{"start":{"line":470,"column":16},"end":{"line":514,"column":17}},"310":{"start":{"line":471,"column":20},"end":{"line":512,"column":26}},"311":{"start":{"line":473,"column":28},"end":{"line":511,"column":34}},"312":{"start":{"line":476,"column":36},"end":{"line":476,"column":70}},"313":{"start":{"line":478,"column":36},"end":{"line":478,"column":85}},"314":{"start":{"line":480,"column":66},"end":{"line":480,"column":75}},"315":{"start":{"line":482,"column":36},"end":{"line":482,"column":79}},"316":{"start":{"line":483,"column":36},"end":{"line":483,"column":85}},"317":{"start":{"line":484,"column":36},"end":{"line":484,"column":97}},"318":{"start":{"line":485,"column":36},"end":{"line":485,"column":85}},"319":{"start":{"line":486,"column":36},"end":{"line":486,"column":83}},"320":{"start":{"line":487,"column":36},"end":{"line":487,"column":83}},"321":{"start":{"line":489,"column":36},"end":{"line":489,"column":78}},"322":{"start":{"line":490,"column":36},"end":{"line":490,"column":84}},"323":{"start":{"line":491,"column":36},"end":{"line":491,"column":96}},"324":{"start":{"line":492,"column":36},"end":{"line":492,"column":84}},"325":{"start":{"line":493,"column":36},"end":{"line":493,"column":82}},"326":{"start":{"line":494,"column":36},"end":{"line":494,"column":82}},"327":{"start":{"line":496,"column":68},"end":{"line":496,"column":75}},"328":{"start":{"line":498,"column":36},"end":{"line":498,"column":78}},"329":{"start":{"line":499,"column":36},"end":{"line":499,"column":84}},"330":{"start":{"line":500,"column":36},"end":{"line":500,"column":96}},"331":{"start":{"line":501,"column":36},"end":{"line":501,"column":84}},"332":{"start":{"line":502,"column":36},"end":{"line":502,"column":82}},"333":{"start":{"line":503,"column":36},"end":{"line":503,"column":82}},"334":{"start":{"line":505,"column":36},"end":{"line":505,"column":80}},"335":{"start":{"line":506,"column":36},"end":{"line":506,"column":86}},"336":{"start":{"line":507,"column":36},"end":{"line":507,"column":98}},"337":{"start":{"line":508,"column":36},"end":{"line":508,"column":86}},"338":{"start":{"line":509,"column":36},"end":{"line":509,"column":84}},"339":{"start":{"line":510,"column":36},"end":{"line":510,"column":84}},"340":{"start":{"line":516,"column":16},"end":{"line":550,"column":18}},"341":{"start":{"line":519,"column":20},"end":{"line":531,"column":22}},"342":{"start":{"line":520,"column":24},"end":{"line":520,"column":51}},"343":{"start":{"line":521,"column":24},"end":{"line":521,"column":54}},"344":{"start":{"line":522,"column":24},"end":{"line":522,"column":51}},"345":{"start":{"line":523,"column":24},"end":{"line":523,"column":55}},"346":{"start":{"line":524,"column":24},"end":{"line":524,"column":55}},"347":{"start":{"line":526,"column":24},"end":{"line":526,"column":97}},"348":{"start":{"line":528,"column":24},"end":{"line":528,"column":72}},"349":{"start":{"line":530,"column":24},"end":{"line":530,"column":201}},"350":{"start":{"line":533,"column":20},"end":{"line":549,"column":21}},"351":{"start":{"line":534,"column":24},"end":{"line":548,"column":30}},"352":{"start":{"line":536,"column":32},"end":{"line":547,"column":38}},"353":{"start":{"line":538,"column":40},"end":{"line":538,"column":65}},"354":{"start":{"line":539,"column":40},"end":{"line":539,"column":75}},"355":{"start":{"line":541,"column":40},"end":{"line":541,"column":89}},"356":{"start":{"line":542,"column":40},"end":{"line":542,"column":101}},"357":{"start":{"line":543,"column":40},"end":{"line":543,"column":87}},"358":{"start":{"line":544,"column":40},"end":{"line":544,"column":89}},"359":{"start":{"line":545,"column":40},"end":{"line":545,"column":87}},"360":{"start":{"line":546,"column":40},"end":{"line":546,"column":109}},"361":{"start":{"line":552,"column":16},"end":{"line":609,"column":18}},"362":{"start":{"line":555,"column":20},"end":{"line":567,"column":22}},"363":{"start":{"line":556,"column":24},"end":{"line":556,"column":51}},"364":{"start":{"line":557,"column":24},"end":{"line":557,"column":54}},"365":{"start":{"line":558,"column":24},"end":{"line":558,"column":51}},"366":{"start":{"line":559,"column":24},"end":{"line":559,"column":55}},"367":{"start":{"line":560,"column":24},"end":{"line":560,"column":55}},"368":{"start":{"line":562,"column":24},"end":{"line":562,"column":97}},"369":{"start":{"line":564,"column":24},"end":{"line":564,"column":72}},"370":{"start":{"line":566,"column":24},"end":{"line":566,"column":201}},"371":{"start":{"line":569,"column":20},"end":{"line":590,"column":21}},"372":{"start":{"line":570,"column":24},"end":{"line":588,"column":29}},"373":{"start":{"line":572,"column":32},"end":{"line":587,"column":38}},"374":{"start":{"line":574,"column":40},"end":{"line":574,"column":48}},"375":{"start":{"line":575,"column":40},"end":{"line":586,"column":46}},"376":{"start":{"line":577,"column":48},"end":{"line":577,"column":73}},"377":{"start":{"line":578,"column":48},"end":{"line":578,"column":83}},"378":{"start":{"line":580,"column":48},"end":{"line":580,"column":98}},"379":{"start":{"line":581,"column":48},"end":{"line":581,"column":110}},"380":{"start":{"line":582,"column":48},"end":{"line":582,"column":96}},"381":{"start":{"line":583,"column":48},"end":{"line":583,"column":98}},"382":{"start":{"line":584,"column":48},"end":{"line":584,"column":96}},"383":{"start":{"line":585,"column":48},"end":{"line":585,"column":118}},"384":{"start":{"line":592,"column":20},"end":{"line":594,"column":22}},"385":{"start":{"line":593,"column":24},"end":{"line":593,"column":127}},"386":{"start":{"line":593,"column":37},"end":{"line":593,"column":77}},"387":{"start":{"line":596,"column":20},"end":{"line":598,"column":22}},"388":{"start":{"line":597,"column":24},"end":{"line":597,"column":116}},"389":{"start":{"line":597,"column":37},"end":{"line":597,"column":71}},"390":{"start":{"line":600,"column":20},"end":{"line":602,"column":22}},"391":{"start":{"line":601,"column":24},"end":{"line":601,"column":111}},"392":{"start":{"line":601,"column":37},"end":{"line":601,"column":69}},"393":{"start":{"line":604,"column":20},"end":{"line":606,"column":22}},"394":{"start":{"line":605,"column":24},"end":{"line":605,"column":119}},"395":{"start":{"line":605,"column":37},"end":{"line":605,"column":73}},"396":{"start":{"line":611,"column":16},"end":{"line":659,"column":18}},"397":{"start":{"line":614,"column":20},"end":{"line":627,"column":22}},"398":{"start":{"line":615,"column":24},"end":{"line":615,"column":51}},"399":{"start":{"line":616,"column":24},"end":{"line":616,"column":54}},"400":{"start":{"line":617,"column":24},"end":{"line":617,"column":51}},"401":{"start":{"line":618,"column":24},"end":{"line":618,"column":55}},"402":{"start":{"line":619,"column":24},"end":{"line":619,"column":55}},"403":{"start":{"line":621,"column":24},"end":{"line":621,"column":97}},"404":{"start":{"line":623,"column":24},"end":{"line":623,"column":72}},"405":{"start":{"line":626,"column":24},"end":{"line":626,"column":201}},"406":{"start":{"line":629,"column":20},"end":{"line":639,"column":21}},"407":{"start":{"line":630,"column":24},"end":{"line":638,"column":30}},"408":{"start":{"line":632,"column":32},"end":{"line":632,"column":81}},"409":{"start":{"line":634,"column":55},"end":{"line":634,"column":66}},"410":{"start":{"line":636,"column":32},"end":{"line":636,"column":69}},"411":{"start":{"line":637,"column":32},"end":{"line":637,"column":71}},"412":{"start":{"line":642,"column":24},"end":{"line":644,"column":26}},"413":{"start":{"line":643,"column":28},"end":{"line":643,"column":123}},"414":{"start":{"line":643,"column":41},"end":{"line":643,"column":73}},"415":{"start":{"line":646,"column":24},"end":{"line":648,"column":26}},"416":{"start":{"line":647,"column":28},"end":{"line":647,"column":115}},"417":{"start":{"line":647,"column":41},"end":{"line":647,"column":67}},"418":{"start":{"line":650,"column":24},"end":{"line":652,"column":26}},"419":{"start":{"line":651,"column":28},"end":{"line":651,"column":107}},"420":{"start":{"line":651,"column":41},"end":{"line":651,"column":65}},"421":{"start":{"line":654,"column":24},"end":{"line":656,"column":26}},"422":{"start":{"line":655,"column":28},"end":{"line":655,"column":115}},"423":{"start":{"line":655,"column":41},"end":{"line":655,"column":69}},"424":{"start":{"line":661,"column":16},"end":{"line":718,"column":18}},"425":{"start":{"line":664,"column":20},"end":{"line":676,"column":22}},"426":{"start":{"line":665,"column":24},"end":{"line":665,"column":51}},"427":{"start":{"line":666,"column":24},"end":{"line":666,"column":54}},"428":{"start":{"line":667,"column":24},"end":{"line":667,"column":51}},"429":{"start":{"line":668,"column":24},"end":{"line":668,"column":55}},"430":{"start":{"line":669,"column":24},"end":{"line":669,"column":55}},"431":{"start":{"line":671,"column":24},"end":{"line":671,"column":97}},"432":{"start":{"line":673,"column":24},"end":{"line":673,"column":72}},"433":{"start":{"line":675,"column":24},"end":{"line":675,"column":201}},"434":{"start":{"line":678,"column":20},"end":{"line":701,"column":21}},"435":{"start":{"line":679,"column":24},"end":{"line":700,"column":30}},"436":{"start":{"line":682,"column":32},"end":{"line":682,"column":81}},"437":{"start":{"line":684,"column":55},"end":{"line":684,"column":66}},"438":{"start":{"line":686,"column":32},"end":{"line":686,"column":69}},"439":{"start":{"line":688,"column":32},"end":{"line":688,"column":71}},"440":{"start":{"line":690,"column":32},"end":{"line":699,"column":38}},"441":{"start":{"line":692,"column":40},"end":{"line":698,"column":46}},"442":{"start":{"line":694,"column":48},"end":{"line":694,"column":74}},"443":{"start":{"line":695,"column":48},"end":{"line":695,"column":84}},"444":{"start":{"line":697,"column":48},"end":{"line":697,"column":97}},"445":{"start":{"line":703,"column":20},"end":{"line":705,"column":22}},"446":{"start":{"line":704,"column":24},"end":{"line":704,"column":122}},"447":{"start":{"line":704,"column":37},"end":{"line":704,"column":72}},"448":{"start":{"line":707,"column":20},"end":{"line":709,"column":22}},"449":{"start":{"line":708,"column":24},"end":{"line":708,"column":114}},"450":{"start":{"line":708,"column":37},"end":{"line":708,"column":66}},"451":{"start":{"line":711,"column":20},"end":{"line":713,"column":22}},"452":{"start":{"line":712,"column":24},"end":{"line":712,"column":106}},"453":{"start":{"line":712,"column":37},"end":{"line":712,"column":64}},"454":{"start":{"line":715,"column":20},"end":{"line":717,"column":22}},"455":{"start":{"line":716,"column":24},"end":{"line":716,"column":114}},"456":{"start":{"line":716,"column":37},"end":{"line":716,"column":68}},"457":{"start":{"line":721,"column":16},"end":{"line":743,"column":18}},"458":{"start":{"line":724,"column":20},"end":{"line":731,"column":22}},"459":{"start":{"line":726,"column":24},"end":{"line":726,"column":204}},"460":{"start":{"line":727,"column":24},"end":{"line":727,"column":188}},"461":{"start":{"line":728,"column":24},"end":{"line":728,"column":35}},"462":{"start":{"line":730,"column":24},"end":{"line":730,"column":73}},"463":{"start":{"line":733,"column":20},"end":{"line":742,"column":21}},"464":{"start":{"line":734,"column":24},"end":{"line":741,"column":30}},"465":{"start":{"line":736,"column":32},"end":{"line":740,"column":38}},"466":{"start":{"line":738,"column":40},"end":{"line":738,"column":68}},"467":{"start":{"line":739,"column":40},"end":{"line":739,"column":77}},"468":{"start":{"line":748,"column":12},"end":{"line":797,"column":14}},"469":{"start":{"line":751,"column":16},"end":{"line":764,"column":18}},"470":{"start":{"line":752,"column":20},"end":{"line":752,"column":47}},"471":{"start":{"line":753,"column":20},"end":{"line":753,"column":50}},"472":{"start":{"line":754,"column":20},"end":{"line":754,"column":47}},"473":{"start":{"line":755,"column":20},"end":{"line":755,"column":51}},"474":{"start":{"line":756,"column":20},"end":{"line":756,"column":51}},"475":{"start":{"line":758,"column":20},"end":{"line":758,"column":93}},"476":{"start":{"line":760,"column":20},"end":{"line":760,"column":68}},"477":{"start":{"line":762,"column":20},"end":{"line":762,"column":197}},"478":{"start":{"line":766,"column":16},"end":{"line":780,"column":17}},"479":{"start":{"line":767,"column":20},"end":{"line":778,"column":26}},"480":{"start":{"line":770,"column":28},"end":{"line":770,"column":58}},"481":{"start":{"line":772,"column":28},"end":{"line":772,"column":72}},"482":{"start":{"line":773,"column":28},"end":{"line":773,"column":70}},"483":{"start":{"line":774,"column":28},"end":{"line":774,"column":70}},"484":{"start":{"line":775,"column":28},"end":{"line":775,"column":63}},"485":{"start":{"line":776,"column":28},"end":{"line":776,"column":72}},"486":{"start":{"line":777,"column":28},"end":{"line":777,"column":63}},"487":{"start":{"line":782,"column":16},"end":{"line":784,"column":18}},"488":{"start":{"line":783,"column":20},"end":{"line":783,"column":125}},"489":{"start":{"line":783,"column":33},"end":{"line":783,"column":75}},"490":{"start":{"line":786,"column":16},"end":{"line":788,"column":18}},"491":{"start":{"line":787,"column":20},"end":{"line":787,"column":114}},"492":{"start":{"line":787,"column":33},"end":{"line":787,"column":69}},"493":{"start":{"line":790,"column":16},"end":{"line":792,"column":18}},"494":{"start":{"line":791,"column":20},"end":{"line":791,"column":109}},"495":{"start":{"line":791,"column":33},"end":{"line":791,"column":67}},"496":{"start":{"line":794,"column":16},"end":{"line":796,"column":18}},"497":{"start":{"line":795,"column":20},"end":{"line":795,"column":117}},"498":{"start":{"line":795,"column":33},"end":{"line":795,"column":71}},"499":{"start":{"line":800,"column":12},"end":{"line":848,"column":14}},"500":{"start":{"line":803,"column":16},"end":{"line":817,"column":18}},"501":{"start":{"line":804,"column":20},"end":{"line":804,"column":47}},"502":{"start":{"line":805,"column":20},"end":{"line":805,"column":50}},"503":{"start":{"line":806,"column":20},"end":{"line":806,"column":47}},"504":{"start":{"line":807,"column":20},"end":{"line":807,"column":51}},"505":{"start":{"line":808,"column":20},"end":{"line":808,"column":51}},"506":{"start":{"line":810,"column":20},"end":{"line":810,"column":93}},"507":{"start":{"line":812,"column":20},"end":{"line":812,"column":68}},"508":{"start":{"line":814,"column":20},"end":{"line":814,"column":200}},"509":{"start":{"line":816,"column":20},"end":{"line":816,"column":59}},"510":{"start":{"line":819,"column":16},"end":{"line":831,"column":17}},"511":{"start":{"line":820,"column":20},"end":{"line":830,"column":26}},"512":{"start":{"line":822,"column":28},"end":{"line":822,"column":58}},"513":{"start":{"line":824,"column":28},"end":{"line":824,"column":72}},"514":{"start":{"line":825,"column":28},"end":{"line":825,"column":70}},"515":{"start":{"line":826,"column":28},"end":{"line":826,"column":70}},"516":{"start":{"line":827,"column":28},"end":{"line":827,"column":63}},"517":{"start":{"line":828,"column":28},"end":{"line":828,"column":72}},"518":{"start":{"line":829,"column":28},"end":{"line":829,"column":81}},"519":{"start":{"line":833,"column":16},"end":{"line":835,"column":18}},"520":{"start":{"line":834,"column":20},"end":{"line":834,"column":123}},"521":{"start":{"line":834,"column":33},"end":{"line":834,"column":73}},"522":{"start":{"line":837,"column":16},"end":{"line":839,"column":18}},"523":{"start":{"line":838,"column":20},"end":{"line":838,"column":112}},"524":{"start":{"line":838,"column":33},"end":{"line":838,"column":67}},"525":{"start":{"line":841,"column":16},"end":{"line":843,"column":18}},"526":{"start":{"line":842,"column":20},"end":{"line":842,"column":107}},"527":{"start":{"line":842,"column":33},"end":{"line":842,"column":65}},"528":{"start":{"line":845,"column":16},"end":{"line":847,"column":18}},"529":{"start":{"line":846,"column":20},"end":{"line":846,"column":115}},"530":{"start":{"line":846,"column":33},"end":{"line":846,"column":69}},"531":{"start":{"line":851,"column":12},"end":{"line":896,"column":14}},"532":{"start":{"line":854,"column":16},"end":{"line":866,"column":18}},"533":{"start":{"line":855,"column":20},"end":{"line":855,"column":47}},"534":{"start":{"line":856,"column":20},"end":{"line":856,"column":50}},"535":{"start":{"line":857,"column":20},"end":{"line":857,"column":47}},"536":{"start":{"line":858,"column":20},"end":{"line":858,"column":51}},"537":{"start":{"line":859,"column":20},"end":{"line":859,"column":51}},"538":{"start":{"line":861,"column":20},"end":{"line":861,"column":93}},"539":{"start":{"line":863,"column":20},"end":{"line":863,"column":68}},"540":{"start":{"line":865,"column":20},"end":{"line":865,"column":198}},"541":{"start":{"line":868,"column":16},"end":{"line":878,"column":17}},"542":{"start":{"line":869,"column":20},"end":{"line":877,"column":26}},"543":{"start":{"line":871,"column":28},"end":{"line":876,"column":34}},"544":{"start":{"line":873,"column":36},"end":{"line":873,"column":61}},"545":{"start":{"line":874,"column":36},"end":{"line":874,"column":70}},"546":{"start":{"line":875,"column":36},"end":{"line":875,"column":71}},"547":{"start":{"line":881,"column":16},"end":{"line":883,"column":18}},"548":{"start":{"line":882,"column":20},"end":{"line":882,"column":115}},"549":{"start":{"line":882,"column":33},"end":{"line":882,"column":65}},"550":{"start":{"line":885,"column":16},"end":{"line":887,"column":18}},"551":{"start":{"line":886,"column":20},"end":{"line":886,"column":107}},"552":{"start":{"line":886,"column":33},"end":{"line":886,"column":59}},"553":{"start":{"line":889,"column":16},"end":{"line":891,"column":18}},"554":{"start":{"line":890,"column":20},"end":{"line":890,"column":99}},"555":{"start":{"line":890,"column":33},"end":{"line":890,"column":57}},"556":{"start":{"line":893,"column":16},"end":{"line":895,"column":18}},"557":{"start":{"line":894,"column":20},"end":{"line":894,"column":107}},"558":{"start":{"line":894,"column":33},"end":{"line":894,"column":61}},"559":{"start":{"line":901,"column":8},"end":{"line":965,"column":10}},"560":{"start":{"line":905,"column":12},"end":{"line":918,"column":14}},"561":{"start":{"line":906,"column":16},"end":{"line":906,"column":43}},"562":{"start":{"line":907,"column":16},"end":{"line":907,"column":46}},"563":{"start":{"line":908,"column":16},"end":{"line":908,"column":43}},"564":{"start":{"line":909,"column":16},"end":{"line":909,"column":47}},"565":{"start":{"line":910,"column":16},"end":{"line":910,"column":47}},"566":{"start":{"line":911,"column":16},"end":{"line":911,"column":47}},"567":{"start":{"line":913,"column":16},"end":{"line":913,"column":89}},"568":{"start":{"line":915,"column":16},"end":{"line":915,"column":64}},"569":{"start":{"line":917,"column":16},"end":{"line":917,"column":193}},"570":{"start":{"line":920,"column":12},"end":{"line":929,"column":13}},"571":{"start":{"line":921,"column":16},"end":{"line":928,"column":22}},"572":{"start":{"line":923,"column":24},"end":{"line":927,"column":30}},"573":{"start":{"line":925,"column":32},"end":{"line":925,"column":90}},"574":{"start":{"line":926,"column":32},"end":{"line":926,"column":90}},"575":{"start":{"line":932,"column":12},"end":{"line":934,"column":14}},"576":{"start":{"line":933,"column":16},"end":{"line":933,"column":116}},"577":{"start":{"line":933,"column":29},"end":{"line":933,"column":66}},"578":{"start":{"line":936,"column":12},"end":{"line":938,"column":14}},"579":{"start":{"line":937,"column":16},"end":{"line":937,"column":108}},"580":{"start":{"line":937,"column":29},"end":{"line":937,"column":60}},"581":{"start":{"line":940,"column":12},"end":{"line":942,"column":14}},"582":{"start":{"line":941,"column":16},"end":{"line":941,"column":100}},"583":{"start":{"line":941,"column":29},"end":{"line":941,"column":58}},"584":{"start":{"line":944,"column":12},"end":{"line":946,"column":14}},"585":{"start":{"line":945,"column":16},"end":{"line":945,"column":108}},"586":{"start":{"line":945,"column":29},"end":{"line":945,"column":62}},"587":{"start":{"line":949,"column":13},"end":{"line":951,"column":14}},"588":{"start":{"line":950,"column":16},"end":{"line":950,"column":122}},"589":{"start":{"line":950,"column":29},"end":{"line":950,"column":72}},"590":{"start":{"line":953,"column":12},"end":{"line":955,"column":14}},"591":{"start":{"line":954,"column":16},"end":{"line":954,"column":113}},"592":{"start":{"line":954,"column":29},"end":{"line":954,"column":66}},"593":{"start":{"line":957,"column":12},"end":{"line":959,"column":14}},"594":{"start":{"line":958,"column":16},"end":{"line":958,"column":106}},"595":{"start":{"line":958,"column":29},"end":{"line":958,"column":64}},"596":{"start":{"line":961,"column":12},"end":{"line":963,"column":14}},"597":{"start":{"line":962,"column":16},"end":{"line":962,"column":114}},"598":{"start":{"line":962,"column":29},"end":{"line":962,"column":68}},"599":{"start":{"line":968,"column":8},"end":{"line":1016,"column":10}},"600":{"start":{"line":971,"column":12},"end":{"line":985,"column":14}},"601":{"start":{"line":972,"column":16},"end":{"line":972,"column":43}},"602":{"start":{"line":973,"column":16},"end":{"line":973,"column":46}},"603":{"start":{"line":974,"column":16},"end":{"line":974,"column":43}},"604":{"start":{"line":975,"column":16},"end":{"line":975,"column":47}},"605":{"start":{"line":976,"column":16},"end":{"line":976,"column":47}},"606":{"start":{"line":978,"column":16},"end":{"line":978,"column":89}},"607":{"start":{"line":980,"column":16},"end":{"line":980,"column":64}},"608":{"start":{"line":982,"column":16},"end":{"line":982,"column":193}},"609":{"start":{"line":984,"column":16},"end":{"line":984,"column":125}},"610":{"start":{"line":987,"column":12},"end":{"line":999,"column":13}},"611":{"start":{"line":988,"column":16},"end":{"line":998,"column":22}},"612":{"start":{"line":990,"column":24},"end":{"line":990,"column":49}},"613":{"start":{"line":991,"column":24},"end":{"line":991,"column":59}},"614":{"start":{"line":993,"column":42},"end":{"line":993,"column":50}},"615":{"start":{"line":995,"column":24},"end":{"line":995,"column":79}},"616":{"start":{"line":996,"column":24},"end":{"line":996,"column":68}},"617":{"start":{"line":997,"column":24},"end":{"line":997,"column":65}},"618":{"start":{"line":1001,"column":12},"end":{"line":1003,"column":14}},"619":{"start":{"line":1002,"column":16},"end":{"line":1002,"column":112}},"620":{"start":{"line":1002,"column":29},"end":{"line":1002,"column":62}},"621":{"start":{"line":1005,"column":12},"end":{"line":1007,"column":14}},"622":{"start":{"line":1006,"column":16},"end":{"line":1006,"column":104}},"623":{"start":{"line":1006,"column":29},"end":{"line":1006,"column":56}},"624":{"start":{"line":1009,"column":12},"end":{"line":1011,"column":14}},"625":{"start":{"line":1010,"column":16},"end":{"line":1010,"column":96}},"626":{"start":{"line":1010,"column":29},"end":{"line":1010,"column":54}},"627":{"start":{"line":1013,"column":12},"end":{"line":1015,"column":14}},"628":{"start":{"line":1014,"column":16},"end":{"line":1014,"column":104}},"629":{"start":{"line":1014,"column":29},"end":{"line":1014,"column":58}},"630":{"start":{"line":1019,"column":8},"end":{"line":1102,"column":10}},"631":{"start":{"line":1022,"column":12},"end":{"line":1036,"column":14}},"632":{"start":{"line":1023,"column":16},"end":{"line":1023,"column":43}},"633":{"start":{"line":1024,"column":16},"end":{"line":1024,"column":46}},"634":{"start":{"line":1025,"column":16},"end":{"line":1025,"column":43}},"635":{"start":{"line":1026,"column":16},"end":{"line":1026,"column":47}},"636":{"start":{"line":1027,"column":16},"end":{"line":1027,"column":47}},"637":{"start":{"line":1029,"column":16},"end":{"line":1029,"column":89}},"638":{"start":{"line":1031,"column":16},"end":{"line":1031,"column":64}},"639":{"start":{"line":1033,"column":16},"end":{"line":1033,"column":193}},"640":{"start":{"line":1035,"column":16},"end":{"line":1035,"column":125}},"641":{"start":{"line":1038,"column":12},"end":{"line":1066,"column":13}},"642":{"start":{"line":1040,"column":16},"end":{"line":1065,"column":18}},"643":{"start":{"line":1042,"column":24},"end":{"line":1042,"column":49}},"644":{"start":{"line":1043,"column":24},"end":{"line":1043,"column":59}},"645":{"start":{"line":1045,"column":43},"end":{"line":1045,"column":51}},"646":{"start":{"line":1047,"column":24},"end":{"line":1047,"column":80}},"647":{"start":{"line":1048,"column":24},"end":{"line":1048,"column":69}},"648":{"start":{"line":1049,"column":24},"end":{"line":1049,"column":66}},"649":{"start":{"line":1051,"column":24},"end":{"line":1064,"column":30}},"650":{"start":{"line":1053,"column":32},"end":{"line":1053,"column":144}},"651":{"start":{"line":1057,"column":50},"end":{"line":1057,"column":67}},"652":{"start":{"line":1059,"column":32},"end":{"line":1059,"column":72}},"653":{"start":{"line":1061,"column":32},"end":{"line":1061,"column":70}},"654":{"start":{"line":1062,"column":32},"end":{"line":1062,"column":73}},"655":{"start":{"line":1063,"column":32},"end":{"line":1063,"column":70}},"656":{"start":{"line":1069,"column":12},"end":{"line":1071,"column":14}},"657":{"start":{"line":1070,"column":16},"end":{"line":1070,"column":121}},"658":{"start":{"line":1070,"column":29},"end":{"line":1070,"column":71}},"659":{"start":{"line":1073,"column":12},"end":{"line":1075,"column":14}},"660":{"start":{"line":1074,"column":16},"end":{"line":1074,"column":113}},"661":{"start":{"line":1074,"column":29},"end":{"line":1074,"column":65}},"662":{"start":{"line":1077,"column":12},"end":{"line":1079,"column":14}},"663":{"start":{"line":1078,"column":16},"end":{"line":1078,"column":105}},"664":{"start":{"line":1078,"column":29},"end":{"line":1078,"column":63}},"665":{"start":{"line":1081,"column":12},"end":{"line":1083,"column":14}},"666":{"start":{"line":1082,"column":16},"end":{"line":1082,"column":113}},"667":{"start":{"line":1082,"column":29},"end":{"line":1082,"column":67}},"668":{"start":{"line":1086,"column":12},"end":{"line":1088,"column":14}},"669":{"start":{"line":1087,"column":16},"end":{"line":1087,"column":121}},"670":{"start":{"line":1087,"column":29},"end":{"line":1087,"column":71}},"671":{"start":{"line":1090,"column":12},"end":{"line":1092,"column":14}},"672":{"start":{"line":1091,"column":16},"end":{"line":1091,"column":113}},"673":{"start":{"line":1091,"column":29},"end":{"line":1091,"column":65}},"674":{"start":{"line":1094,"column":12},"end":{"line":1096,"column":14}},"675":{"start":{"line":1095,"column":16},"end":{"line":1095,"column":105}},"676":{"start":{"line":1095,"column":29},"end":{"line":1095,"column":63}},"677":{"start":{"line":1098,"column":12},"end":{"line":1100,"column":14}},"678":{"start":{"line":1099,"column":16},"end":{"line":1099,"column":113}},"679":{"start":{"line":1099,"column":29},"end":{"line":1099,"column":67}},"680":{"start":{"line":1104,"column":4},"end":{"line":1104,"column":38}},"681":{"start":{"line":1104,"column":16},"end":{"line":1104,"column":37}}},"fnMap":{"0":{"name":"(anonymous_0)","decl":{"start":{"line":16,"column":18},"end":{"line":16,"column":19}},"loc":{"start":{"line":16,"column":24},"end":{"line":1105,"column":1}},"line":16},"1":{"name":"(anonymous_1)","decl":{"start":{"line":17,"column":11},"end":{"line":17,"column":12}},"loc":{"start":{"line":17,"column":17},"end":{"line":17,"column":98}},"line":17},"2":{"name":"(anonymous_2)","decl":{"start":{"line":19,"column":15},"end":{"line":19,"column":16}},"loc":{"start":{"line":19,"column":21},"end":{"line":19,"column":100}},"line":19},"3":{"name":"(anonymous_3)","decl":{"start":{"line":21,"column":21},"end":{"line":21,"column":22}},"loc":{"start":{"line":21,"column":27},"end":{"line":1103,"column":5}},"line":21},"4":{"name":"(anonymous_4)","decl":{"start":{"line":22,"column":29},"end":{"line":22,"column":30}},"loc":{"start":{"line":22,"column":35},"end":{"line":143,"column":9}},"line":22},"5":{"name":"(anonymous_5)","decl":{"start":{"line":25,"column":23},"end":{"line":25,"column":24}},"loc":{"start":{"line":25,"column":29},"end":{"line":31,"column":13}},"line":25},"6":{"name":"(anonymous_6)","decl":{"start":{"line":33,"column":49},"end":{"line":33,"column":50}},"loc":{"start":{"line":33,"column":61},"end":{"line":51,"column":13}},"line":33},"7":{"name":"(anonymous_7)","decl":{"start":{"line":55,"column":48},"end":{"line":55,"column":49}},"loc":{"start":{"line":55,"column":54},"end":{"line":57,"column":13}},"line":55},"8":{"name":"(anonymous_8)","decl":{"start":{"line":56,"column":23},"end":{"line":56,"column":24}},"loc":{"start":{"line":56,"column":29},"end":{"line":56,"column":93}},"line":56},"9":{"name":"(anonymous_9)","decl":{"start":{"line":59,"column":57},"end":{"line":59,"column":58}},"loc":{"start":{"line":59,"column":63},"end":{"line":61,"column":13}},"line":59},"10":{"name":"(anonymous_10)","decl":{"start":{"line":60,"column":23},"end":{"line":60,"column":24}},"loc":{"start":{"line":60,"column":29},"end":{"line":60,"column":88}},"line":60},"11":{"name":"(anonymous_11)","decl":{"start":{"line":63,"column":64},"end":{"line":63,"column":65}},"loc":{"start":{"line":63,"column":70},"end":{"line":65,"column":13}},"line":63},"12":{"name":"(anonymous_12)","decl":{"start":{"line":64,"column":23},"end":{"line":64,"column":24}},"loc":{"start":{"line":64,"column":29},"end":{"line":64,"column":85}},"line":64},"13":{"name":"(anonymous_13)","decl":{"start":{"line":67,"column":65},"end":{"line":67,"column":66}},"loc":{"start":{"line":67,"column":71},"end":{"line":69,"column":13}},"line":67},"14":{"name":"(anonymous_14)","decl":{"start":{"line":68,"column":23},"end":{"line":68,"column":24}},"loc":{"start":{"line":68,"column":29},"end":{"line":68,"column":89}},"line":68},"15":{"name":"(anonymous_15)","decl":{"start":{"line":73,"column":51},"end":{"line":73,"column":52}},"loc":{"start":{"line":73,"column":57},"end":{"line":75,"column":13}},"line":73},"16":{"name":"(anonymous_16)","decl":{"start":{"line":74,"column":23},"end":{"line":74,"column":24}},"loc":{"start":{"line":74,"column":29},"end":{"line":74,"column":90}},"line":74},"17":{"name":"(anonymous_17)","decl":{"start":{"line":77,"column":56},"end":{"line":77,"column":57}},"loc":{"start":{"line":77,"column":62},"end":{"line":79,"column":13}},"line":77},"18":{"name":"(anonymous_18)","decl":{"start":{"line":78,"column":23},"end":{"line":78,"column":24}},"loc":{"start":{"line":78,"column":29},"end":{"line":78,"column":85}},"line":78},"19":{"name":"(anonymous_19)","decl":{"start":{"line":81,"column":63},"end":{"line":81,"column":64}},"loc":{"start":{"line":81,"column":69},"end":{"line":83,"column":13}},"line":81},"20":{"name":"(anonymous_20)","decl":{"start":{"line":82,"column":23},"end":{"line":82,"column":24}},"loc":{"start":{"line":82,"column":29},"end":{"line":82,"column":82}},"line":82},"21":{"name":"(anonymous_21)","decl":{"start":{"line":85,"column":64},"end":{"line":85,"column":65}},"loc":{"start":{"line":85,"column":70},"end":{"line":87,"column":13}},"line":85},"22":{"name":"(anonymous_22)","decl":{"start":{"line":86,"column":23},"end":{"line":86,"column":24}},"loc":{"start":{"line":86,"column":29},"end":{"line":86,"column":86}},"line":86},"23":{"name":"(anonymous_23)","decl":{"start":{"line":91,"column":48},"end":{"line":91,"column":49}},"loc":{"start":{"line":91,"column":54},"end":{"line":93,"column":13}},"line":91},"24":{"name":"(anonymous_24)","decl":{"start":{"line":92,"column":23},"end":{"line":92,"column":24}},"loc":{"start":{"line":92,"column":29},"end":{"line":92,"column":93}},"line":92},"25":{"name":"(anonymous_25)","decl":{"start":{"line":95,"column":53},"end":{"line":95,"column":54}},"loc":{"start":{"line":95,"column":59},"end":{"line":97,"column":13}},"line":95},"26":{"name":"(anonymous_26)","decl":{"start":{"line":96,"column":23},"end":{"line":96,"column":24}},"loc":{"start":{"line":96,"column":29},"end":{"line":96,"column":88}},"line":96},"27":{"name":"(anonymous_27)","decl":{"start":{"line":99,"column":60},"end":{"line":99,"column":61}},"loc":{"start":{"line":99,"column":66},"end":{"line":101,"column":13}},"line":99},"28":{"name":"(anonymous_28)","decl":{"start":{"line":100,"column":23},"end":{"line":100,"column":24}},"loc":{"start":{"line":100,"column":29},"end":{"line":100,"column":85}},"line":100},"29":{"name":"(anonymous_29)","decl":{"start":{"line":103,"column":61},"end":{"line":103,"column":62}},"loc":{"start":{"line":103,"column":67},"end":{"line":105,"column":13}},"line":103},"30":{"name":"(anonymous_30)","decl":{"start":{"line":104,"column":23},"end":{"line":104,"column":24}},"loc":{"start":{"line":104,"column":29},"end":{"line":104,"column":89}},"line":104},"31":{"name":"(anonymous_31)","decl":{"start":{"line":109,"column":52},"end":{"line":109,"column":53}},"loc":{"start":{"line":109,"column":58},"end":{"line":111,"column":13}},"line":109},"32":{"name":"(anonymous_32)","decl":{"start":{"line":110,"column":23},"end":{"line":110,"column":24}},"loc":{"start":{"line":110,"column":29},"end":{"line":110,"column":89}},"line":110},"33":{"name":"(anonymous_33)","decl":{"start":{"line":113,"column":57},"end":{"line":113,"column":58}},"loc":{"start":{"line":113,"column":63},"end":{"line":115,"column":13}},"line":113},"34":{"name":"(anonymous_34)","decl":{"start":{"line":114,"column":23},"end":{"line":114,"column":24}},"loc":{"start":{"line":114,"column":29},"end":{"line":114,"column":84}},"line":114},"35":{"name":"(anonymous_35)","decl":{"start":{"line":117,"column":64},"end":{"line":117,"column":65}},"loc":{"start":{"line":117,"column":70},"end":{"line":119,"column":13}},"line":117},"36":{"name":"(anonymous_36)","decl":{"start":{"line":118,"column":23},"end":{"line":118,"column":24}},"loc":{"start":{"line":118,"column":29},"end":{"line":118,"column":81}},"line":118},"37":{"name":"(anonymous_37)","decl":{"start":{"line":121,"column":65},"end":{"line":121,"column":66}},"loc":{"start":{"line":121,"column":71},"end":{"line":123,"column":13}},"line":121},"38":{"name":"(anonymous_38)","decl":{"start":{"line":122,"column":23},"end":{"line":122,"column":24}},"loc":{"start":{"line":122,"column":29},"end":{"line":122,"column":84}},"line":122},"39":{"name":"(anonymous_39)","decl":{"start":{"line":127,"column":52},"end":{"line":127,"column":53}},"loc":{"start":{"line":127,"column":58},"end":{"line":129,"column":13}},"line":127},"40":{"name":"(anonymous_40)","decl":{"start":{"line":128,"column":23},"end":{"line":128,"column":24}},"loc":{"start":{"line":128,"column":29},"end":{"line":128,"column":89}},"line":128},"41":{"name":"(anonymous_41)","decl":{"start":{"line":131,"column":57},"end":{"line":131,"column":58}},"loc":{"start":{"line":131,"column":63},"end":{"line":133,"column":13}},"line":131},"42":{"name":"(anonymous_42)","decl":{"start":{"line":132,"column":23},"end":{"line":132,"column":24}},"loc":{"start":{"line":132,"column":29},"end":{"line":132,"column":84}},"line":132},"43":{"name":"(anonymous_43)","decl":{"start":{"line":135,"column":64},"end":{"line":135,"column":65}},"loc":{"start":{"line":135,"column":70},"end":{"line":137,"column":13}},"line":135},"44":{"name":"(anonymous_44)","decl":{"start":{"line":136,"column":23},"end":{"line":136,"column":24}},"loc":{"start":{"line":136,"column":29},"end":{"line":136,"column":82}},"line":136},"45":{"name":"(anonymous_45)","decl":{"start":{"line":139,"column":65},"end":{"line":139,"column":66}},"loc":{"start":{"line":139,"column":71},"end":{"line":141,"column":13}},"line":139},"46":{"name":"(anonymous_46)","decl":{"start":{"line":140,"column":23},"end":{"line":140,"column":24}},"loc":{"start":{"line":140,"column":29},"end":{"line":140,"column":85}},"line":140},"47":{"name":"(anonymous_47)","decl":{"start":{"line":145,"column":33},"end":{"line":145,"column":34}},"loc":{"start":{"line":145,"column":39},"end":{"line":209,"column":9}},"line":145},"48":{"name":"(anonymous_48)","decl":{"start":{"line":147,"column":23},"end":{"line":147,"column":24}},"loc":{"start":{"line":147,"column":35},"end":{"line":155,"column":13}},"line":147},"49":{"name":"(anonymous_49)","decl":{"start":{"line":157,"column":61},"end":{"line":157,"column":62}},"loc":{"start":{"line":157,"column":67},"end":{"line":172,"column":13}},"line":157},"50":{"name":"(anonymous_50)","decl":{"start":{"line":161,"column":26},"end":{"line":161,"column":27}},"loc":{"start":{"line":161,"column":32},"end":{"line":171,"column":21}},"line":161},"51":{"name":"(anonymous_51)","decl":{"start":{"line":165,"column":34},"end":{"line":165,"column":35}},"loc":{"start":{"line":165,"column":44},"end":{"line":170,"column":29}},"line":165},"52":{"name":"(anonymous_52)","decl":{"start":{"line":176,"column":52},"end":{"line":176,"column":53}},"loc":{"start":{"line":176,"column":58},"end":{"line":178,"column":13}},"line":176},"53":{"name":"(anonymous_53)","decl":{"start":{"line":177,"column":23},"end":{"line":177,"column":24}},"loc":{"start":{"line":177,"column":29},"end":{"line":177,"column":77}},"line":177},"54":{"name":"(anonymous_54)","decl":{"start":{"line":180,"column":57},"end":{"line":180,"column":58}},"loc":{"start":{"line":180,"column":63},"end":{"line":182,"column":13}},"line":180},"55":{"name":"(anonymous_55)","decl":{"start":{"line":181,"column":23},"end":{"line":181,"column":24}},"loc":{"start":{"line":181,"column":29},"end":{"line":181,"column":73}},"line":181},"56":{"name":"(anonymous_56)","decl":{"start":{"line":184,"column":64},"end":{"line":184,"column":65}},"loc":{"start":{"line":184,"column":70},"end":{"line":186,"column":13}},"line":184},"57":{"name":"(anonymous_57)","decl":{"start":{"line":185,"column":23},"end":{"line":185,"column":24}},"loc":{"start":{"line":185,"column":29},"end":{"line":185,"column":69}},"line":185},"58":{"name":"(anonymous_58)","decl":{"start":{"line":188,"column":65},"end":{"line":188,"column":66}},"loc":{"start":{"line":188,"column":71},"end":{"line":190,"column":13}},"line":188},"59":{"name":"(anonymous_59)","decl":{"start":{"line":189,"column":23},"end":{"line":189,"column":24}},"loc":{"start":{"line":189,"column":29},"end":{"line":189,"column":72}},"line":189},"60":{"name":"(anonymous_60)","decl":{"start":{"line":194,"column":52},"end":{"line":194,"column":53}},"loc":{"start":{"line":194,"column":58},"end":{"line":196,"column":13}},"line":194},"61":{"name":"(anonymous_61)","decl":{"start":{"line":195,"column":23},"end":{"line":195,"column":24}},"loc":{"start":{"line":195,"column":29},"end":{"line":195,"column":77}},"line":195},"62":{"name":"(anonymous_62)","decl":{"start":{"line":198,"column":57},"end":{"line":198,"column":58}},"loc":{"start":{"line":198,"column":63},"end":{"line":200,"column":13}},"line":198},"63":{"name":"(anonymous_63)","decl":{"start":{"line":199,"column":23},"end":{"line":199,"column":24}},"loc":{"start":{"line":199,"column":29},"end":{"line":199,"column":73}},"line":199},"64":{"name":"(anonymous_64)","decl":{"start":{"line":202,"column":64},"end":{"line":202,"column":65}},"loc":{"start":{"line":202,"column":70},"end":{"line":204,"column":13}},"line":202},"65":{"name":"(anonymous_65)","decl":{"start":{"line":203,"column":23},"end":{"line":203,"column":24}},"loc":{"start":{"line":203,"column":29},"end":{"line":203,"column":69}},"line":203},"66":{"name":"(anonymous_66)","decl":{"start":{"line":206,"column":65},"end":{"line":206,"column":66}},"loc":{"start":{"line":206,"column":71},"end":{"line":208,"column":13}},"line":206},"67":{"name":"(anonymous_67)","decl":{"start":{"line":207,"column":23},"end":{"line":207,"column":24}},"loc":{"start":{"line":207,"column":29},"end":{"line":207,"column":72}},"line":207},"68":{"name":"(anonymous_68)","decl":{"start":{"line":211,"column":36},"end":{"line":211,"column":37}},"loc":{"start":{"line":211,"column":42},"end":{"line":236,"column":9}},"line":211},"69":{"name":"(anonymous_69)","decl":{"start":{"line":214,"column":23},"end":{"line":214,"column":24}},"loc":{"start":{"line":214,"column":35},"end":{"line":224,"column":13}},"line":214},"70":{"name":"(anonymous_70)","decl":{"start":{"line":226,"column":49},"end":{"line":226,"column":50}},"loc":{"start":{"line":226,"column":61},"end":{"line":235,"column":13}},"line":226},"71":{"name":"(anonymous_71)","decl":{"start":{"line":238,"column":29},"end":{"line":238,"column":30}},"loc":{"start":{"line":238,"column":35},"end":{"line":899,"column":9}},"line":238},"72":{"name":"(anonymous_72)","decl":{"start":{"line":239,"column":31},"end":{"line":239,"column":32}},"loc":{"start":{"line":239,"column":37},"end":{"line":393,"column":13}},"line":239},"73":{"name":"(anonymous_73)","decl":{"start":{"line":242,"column":27},"end":{"line":242,"column":28}},"loc":{"start":{"line":242,"column":39},"end":{"line":260,"column":17}},"line":242},"74":{"name":"(anonymous_74)","decl":{"start":{"line":262,"column":61},"end":{"line":262,"column":62}},"loc":{"start":{"line":262,"column":73},"end":{"line":290,"column":17}},"line":262},"75":{"name":"(anonymous_75)","decl":{"start":{"line":293,"column":54},"end":{"line":293,"column":55}},"loc":{"start":{"line":293,"column":60},"end":{"line":295,"column":17}},"line":293},"76":{"name":"(anonymous_76)","decl":{"start":{"line":294,"column":27},"end":{"line":294,"column":28}},"loc":{"start":{"line":294,"column":33},"end":{"line":294,"column":110}},"line":294},"77":{"name":"(anonymous_77)","decl":{"start":{"line":297,"column":58},"end":{"line":297,"column":59}},"loc":{"start":{"line":297,"column":64},"end":{"line":299,"column":17}},"line":297},"78":{"name":"(anonymous_78)","decl":{"start":{"line":298,"column":27},"end":{"line":298,"column":28}},"loc":{"start":{"line":298,"column":33},"end":{"line":298,"column":105}},"line":298},"79":{"name":"(anonymous_79)","decl":{"start":{"line":301,"column":65},"end":{"line":301,"column":66}},"loc":{"start":{"line":301,"column":71},"end":{"line":303,"column":17}},"line":301},"80":{"name":"(anonymous_80)","decl":{"start":{"line":302,"column":27},"end":{"line":302,"column":28}},"loc":{"start":{"line":302,"column":33},"end":{"line":302,"column":102}},"line":302},"81":{"name":"(anonymous_81)","decl":{"start":{"line":305,"column":66},"end":{"line":305,"column":67}},"loc":{"start":{"line":305,"column":72},"end":{"line":307,"column":17}},"line":305},"82":{"name":"(anonymous_82)","decl":{"start":{"line":306,"column":27},"end":{"line":306,"column":28}},"loc":{"start":{"line":306,"column":33},"end":{"line":306,"column":105}},"line":306},"83":{"name":"(anonymous_83)","decl":{"start":{"line":310,"column":60},"end":{"line":310,"column":61}},"loc":{"start":{"line":310,"column":66},"end":{"line":312,"column":17}},"line":310},"84":{"name":"(anonymous_84)","decl":{"start":{"line":311,"column":27},"end":{"line":311,"column":28}},"loc":{"start":{"line":311,"column":33},"end":{"line":311,"column":104}},"line":311},"85":{"name":"(anonymous_85)","decl":{"start":{"line":314,"column":64},"end":{"line":314,"column":65}},"loc":{"start":{"line":314,"column":70},"end":{"line":316,"column":17}},"line":314},"86":{"name":"(anonymous_86)","decl":{"start":{"line":315,"column":27},"end":{"line":315,"column":28}},"loc":{"start":{"line":315,"column":33},"end":{"line":315,"column":99}},"line":315},"87":{"name":"(anonymous_87)","decl":{"start":{"line":318,"column":71},"end":{"line":318,"column":72}},"loc":{"start":{"line":318,"column":77},"end":{"line":320,"column":17}},"line":318},"88":{"name":"(anonymous_88)","decl":{"start":{"line":319,"column":27},"end":{"line":319,"column":28}},"loc":{"start":{"line":319,"column":33},"end":{"line":319,"column":96}},"line":319},"89":{"name":"(anonymous_89)","decl":{"start":{"line":322,"column":72},"end":{"line":322,"column":73}},"loc":{"start":{"line":322,"column":78},"end":{"line":324,"column":17}},"line":322},"90":{"name":"(anonymous_90)","decl":{"start":{"line":323,"column":27},"end":{"line":323,"column":28}},"loc":{"start":{"line":323,"column":33},"end":{"line":323,"column":99}},"line":323},"91":{"name":"(anonymous_91)","decl":{"start":{"line":327,"column":53},"end":{"line":327,"column":54}},"loc":{"start":{"line":327,"column":59},"end":{"line":329,"column":17}},"line":327},"92":{"name":"(anonymous_92)","decl":{"start":{"line":328,"column":27},"end":{"line":328,"column":28}},"loc":{"start":{"line":328,"column":33},"end":{"line":328,"column":111}},"line":328},"93":{"name":"(anonymous_93)","decl":{"start":{"line":331,"column":57},"end":{"line":331,"column":58}},"loc":{"start":{"line":331,"column":63},"end":{"line":333,"column":17}},"line":331},"94":{"name":"(anonymous_94)","decl":{"start":{"line":332,"column":27},"end":{"line":332,"column":28}},"loc":{"start":{"line":332,"column":33},"end":{"line":332,"column":106}},"line":332},"95":{"name":"(anonymous_95)","decl":{"start":{"line":335,"column":64},"end":{"line":335,"column":65}},"loc":{"start":{"line":335,"column":70},"end":{"line":337,"column":17}},"line":335},"96":{"name":"(anonymous_96)","decl":{"start":{"line":336,"column":27},"end":{"line":336,"column":28}},"loc":{"start":{"line":336,"column":33},"end":{"line":336,"column":103}},"line":336},"97":{"name":"(anonymous_97)","decl":{"start":{"line":339,"column":65},"end":{"line":339,"column":66}},"loc":{"start":{"line":339,"column":71},"end":{"line":341,"column":17}},"line":339},"98":{"name":"(anonymous_98)","decl":{"start":{"line":340,"column":27},"end":{"line":340,"column":28}},"loc":{"start":{"line":340,"column":33},"end":{"line":340,"column":106}},"line":340},"99":{"name":"(anonymous_99)","decl":{"start":{"line":344,"column":54},"end":{"line":344,"column":55}},"loc":{"start":{"line":344,"column":60},"end":{"line":346,"column":17}},"line":344},"100":{"name":"(anonymous_100)","decl":{"start":{"line":345,"column":27},"end":{"line":345,"column":28}},"loc":{"start":{"line":345,"column":33},"end":{"line":345,"column":110}},"line":345},"101":{"name":"(anonymous_101)","decl":{"start":{"line":348,"column":58},"end":{"line":348,"column":59}},"loc":{"start":{"line":348,"column":64},"end":{"line":350,"column":17}},"line":348},"102":{"name":"(anonymous_102)","decl":{"start":{"line":349,"column":27},"end":{"line":349,"column":28}},"loc":{"start":{"line":349,"column":33},"end":{"line":349,"column":105}},"line":349},"103":{"name":"(anonymous_103)","decl":{"start":{"line":352,"column":65},"end":{"line":352,"column":66}},"loc":{"start":{"line":352,"column":71},"end":{"line":354,"column":17}},"line":352},"104":{"name":"(anonymous_104)","decl":{"start":{"line":353,"column":27},"end":{"line":353,"column":28}},"loc":{"start":{"line":353,"column":33},"end":{"line":353,"column":102}},"line":353},"105":{"name":"(anonymous_105)","decl":{"start":{"line":356,"column":66},"end":{"line":356,"column":67}},"loc":{"start":{"line":356,"column":72},"end":{"line":358,"column":17}},"line":356},"106":{"name":"(anonymous_106)","decl":{"start":{"line":357,"column":27},"end":{"line":357,"column":28}},"loc":{"start":{"line":357,"column":33},"end":{"line":357,"column":105}},"line":357},"107":{"name":"(anonymous_107)","decl":{"start":{"line":361,"column":53},"end":{"line":361,"column":54}},"loc":{"start":{"line":361,"column":59},"end":{"line":363,"column":17}},"line":361},"108":{"name":"(anonymous_108)","decl":{"start":{"line":362,"column":27},"end":{"line":362,"column":28}},"loc":{"start":{"line":362,"column":33},"end":{"line":362,"column":111}},"line":362},"109":{"name":"(anonymous_109)","decl":{"start":{"line":365,"column":57},"end":{"line":365,"column":58}},"loc":{"start":{"line":365,"column":63},"end":{"line":367,"column":17}},"line":365},"110":{"name":"(anonymous_110)","decl":{"start":{"line":366,"column":27},"end":{"line":366,"column":28}},"loc":{"start":{"line":366,"column":33},"end":{"line":366,"column":106}},"line":366},"111":{"name":"(anonymous_111)","decl":{"start":{"line":369,"column":64},"end":{"line":369,"column":65}},"loc":{"start":{"line":369,"column":70},"end":{"line":371,"column":17}},"line":369},"112":{"name":"(anonymous_112)","decl":{"start":{"line":370,"column":27},"end":{"line":370,"column":28}},"loc":{"start":{"line":370,"column":33},"end":{"line":370,"column":103}},"line":370},"113":{"name":"(anonymous_113)","decl":{"start":{"line":373,"column":65},"end":{"line":373,"column":66}},"loc":{"start":{"line":373,"column":71},"end":{"line":375,"column":17}},"line":373},"114":{"name":"(anonymous_114)","decl":{"start":{"line":374,"column":27},"end":{"line":374,"column":28}},"loc":{"start":{"line":374,"column":33},"end":{"line":374,"column":106}},"line":374},"115":{"name":"(anonymous_115)","decl":{"start":{"line":378,"column":55},"end":{"line":378,"column":56}},"loc":{"start":{"line":378,"column":61},"end":{"line":380,"column":17}},"line":378},"116":{"name":"(anonymous_116)","decl":{"start":{"line":379,"column":27},"end":{"line":379,"column":28}},"loc":{"start":{"line":379,"column":33},"end":{"line":379,"column":108}},"line":379},"117":{"name":"(anonymous_117)","decl":{"start":{"line":382,"column":59},"end":{"line":382,"column":60}},"loc":{"start":{"line":382,"column":65},"end":{"line":384,"column":17}},"line":382},"118":{"name":"(anonymous_118)","decl":{"start":{"line":383,"column":27},"end":{"line":383,"column":28}},"loc":{"start":{"line":383,"column":33},"end":{"line":383,"column":103}},"line":383},"119":{"name":"(anonymous_119)","decl":{"start":{"line":386,"column":66},"end":{"line":386,"column":67}},"loc":{"start":{"line":386,"column":72},"end":{"line":388,"column":17}},"line":386},"120":{"name":"(anonymous_120)","decl":{"start":{"line":387,"column":27},"end":{"line":387,"column":28}},"loc":{"start":{"line":387,"column":33},"end":{"line":387,"column":100}},"line":387},"121":{"name":"(anonymous_121)","decl":{"start":{"line":390,"column":67},"end":{"line":390,"column":68}},"loc":{"start":{"line":390,"column":73},"end":{"line":392,"column":17}},"line":390},"122":{"name":"(anonymous_122)","decl":{"start":{"line":391,"column":27},"end":{"line":391,"column":28}},"loc":{"start":{"line":391,"column":33},"end":{"line":391,"column":103}},"line":391},"123":{"name":"(anonymous_123)","decl":{"start":{"line":395,"column":29},"end":{"line":395,"column":30}},"loc":{"start":{"line":395,"column":35},"end":{"line":745,"column":13}},"line":395},"124":{"name":"(anonymous_124)","decl":{"start":{"line":398,"column":27},"end":{"line":398,"column":28}},"loc":{"start":{"line":398,"column":39},"end":{"line":413,"column":17}},"line":398},"125":{"name":"(anonymous_125)","decl":{"start":{"line":415,"column":74},"end":{"line":415,"column":75}},"loc":{"start":{"line":416,"column":20},"end":{"line":455,"column":26}},"line":416},"126":{"name":"(anonymous_126)","decl":{"start":{"line":417,"column":30},"end":{"line":417,"column":31}},"loc":{"start":{"line":417,"column":42},"end":{"line":455,"column":25}},"line":417},"127":{"name":"(anonymous_127)","decl":{"start":{"line":419,"column":38},"end":{"line":419,"column":39}},"loc":{"start":{"line":419,"column":51},"end":{"line":454,"column":33}},"line":419},"128":{"name":"(anonymous_128)","decl":{"start":{"line":458,"column":74},"end":{"line":458,"column":75}},"loc":{"start":{"line":458,"column":80},"end":{"line":460,"column":17}},"line":458},"129":{"name":"(anonymous_129)","decl":{"start":{"line":459,"column":27},"end":{"line":459,"column":28}},"loc":{"start":{"line":459,"column":33},"end":{"line":459,"column":71}},"line":459},"130":{"name":"(anonymous_130)","decl":{"start":{"line":462,"column":66},"end":{"line":462,"column":67}},"loc":{"start":{"line":462,"column":72},"end":{"line":464,"column":17}},"line":462},"131":{"name":"(anonymous_131)","decl":{"start":{"line":463,"column":27},"end":{"line":463,"column":28}},"loc":{"start":{"line":463,"column":33},"end":{"line":463,"column":69}},"line":463},"132":{"name":"(anonymous_132)","decl":{"start":{"line":466,"column":67},"end":{"line":466,"column":68}},"loc":{"start":{"line":466,"column":73},"end":{"line":468,"column":17}},"line":466},"133":{"name":"(anonymous_133)","decl":{"start":{"line":467,"column":27},"end":{"line":467,"column":28}},"loc":{"start":{"line":467,"column":33},"end":{"line":467,"column":70}},"line":467},"134":{"name":"(anonymous_134)","decl":{"start":{"line":470,"column":64},"end":{"line":470,"column":65}},"loc":{"start":{"line":471,"column":20},"end":{"line":512,"column":26}},"line":471},"135":{"name":"(anonymous_135)","decl":{"start":{"line":472,"column":30},"end":{"line":472,"column":31}},"loc":{"start":{"line":472,"column":41},"end":{"line":512,"column":25}},"line":472},"136":{"name":"(anonymous_136)","decl":{"start":{"line":474,"column":38},"end":{"line":474,"column":39}},"loc":{"start":{"line":474,"column":51},"end":{"line":511,"column":33}},"line":474},"137":{"name":"(anonymous_137)","decl":{"start":{"line":516,"column":57},"end":{"line":516,"column":58}},"loc":{"start":{"line":516,"column":63},"end":{"line":550,"column":17}},"line":516},"138":{"name":"(anonymous_138)","decl":{"start":{"line":519,"column":31},"end":{"line":519,"column":32}},"loc":{"start":{"line":519,"column":43},"end":{"line":531,"column":21}},"line":519},"139":{"name":"(anonymous_139)","decl":{"start":{"line":533,"column":80},"end":{"line":533,"column":81}},"loc":{"start":{"line":534,"column":24},"end":{"line":548,"column":30}},"line":534},"140":{"name":"(anonymous_140)","decl":{"start":{"line":535,"column":34},"end":{"line":535,"column":35}},"loc":{"start":{"line":535,"column":45},"end":{"line":548,"column":29}},"line":535},"141":{"name":"(anonymous_141)","decl":{"start":{"line":537,"column":42},"end":{"line":537,"column":43}},"loc":{"start":{"line":537,"column":54},"end":{"line":547,"column":37}},"line":537},"142":{"name":"(anonymous_142)","decl":{"start":{"line":552,"column":54},"end":{"line":552,"column":55}},"loc":{"start":{"line":552,"column":60},"end":{"line":609,"column":17}},"line":552},"143":{"name":"(anonymous_143)","decl":{"start":{"line":555,"column":31},"end":{"line":555,"column":32}},"loc":{"start":{"line":555,"column":43},"end":{"line":567,"column":21}},"line":555},"144":{"name":"(anonymous_144)","decl":{"start":{"line":569,"column":77},"end":{"line":569,"column":78}},"loc":{"start":{"line":570,"column":24},"end":{"line":588,"column":29}},"line":570},"145":{"name":"(anonymous_145)","decl":{"start":{"line":571,"column":34},"end":{"line":571,"column":35}},"loc":{"start":{"line":572,"column":32},"end":{"line":587,"column":38}},"line":572},"146":{"name":"(anonymous_146)","decl":{"start":{"line":573,"column":42},"end":{"line":573,"column":43}},"loc":{"start":{"line":573,"column":54},"end":{"line":587,"column":37}},"line":573},"147":{"name":"(anonymous_147)","decl":{"start":{"line":576,"column":50},"end":{"line":576,"column":51}},"loc":{"start":{"line":576,"column":63},"end":{"line":586,"column":45}},"line":576},"148":{"name":"(anonymous_148)","decl":{"start":{"line":592,"column":80},"end":{"line":592,"column":81}},"loc":{"start":{"line":592,"column":86},"end":{"line":594,"column":21}},"line":592},"149":{"name":"(anonymous_149)","decl":{"start":{"line":593,"column":31},"end":{"line":593,"column":32}},"loc":{"start":{"line":593,"column":37},"end":{"line":593,"column":77}},"line":593},"150":{"name":"(anonymous_150)","decl":{"start":{"line":596,"column":85},"end":{"line":596,"column":86}},"loc":{"start":{"line":596,"column":91},"end":{"line":598,"column":21}},"line":596},"151":{"name":"(anonymous_151)","decl":{"start":{"line":597,"column":31},"end":{"line":597,"column":32}},"loc":{"start":{"line":597,"column":37},"end":{"line":597,"column":71}},"line":597},"152":{"name":"(anonymous_152)","decl":{"start":{"line":600,"column":77},"end":{"line":600,"column":78}},"loc":{"start":{"line":600,"column":83},"end":{"line":602,"column":21}},"line":600},"153":{"name":"(anonymous_153)","decl":{"start":{"line":601,"column":31},"end":{"line":601,"column":32}},"loc":{"start":{"line":601,"column":37},"end":{"line":601,"column":69}},"line":601},"154":{"name":"(anonymous_154)","decl":{"start":{"line":604,"column":78},"end":{"line":604,"column":79}},"loc":{"start":{"line":604,"column":84},"end":{"line":606,"column":21}},"line":604},"155":{"name":"(anonymous_155)","decl":{"start":{"line":605,"column":31},"end":{"line":605,"column":32}},"loc":{"start":{"line":605,"column":37},"end":{"line":605,"column":73}},"line":605},"156":{"name":"(anonymous_156)","decl":{"start":{"line":611,"column":46},"end":{"line":611,"column":47}},"loc":{"start":{"line":611,"column":52},"end":{"line":659,"column":17}},"line":611},"157":{"name":"(anonymous_157)","decl":{"start":{"line":614,"column":31},"end":{"line":614,"column":32}},"loc":{"start":{"line":614,"column":43},"end":{"line":627,"column":21}},"line":614},"158":{"name":"(anonymous_158)","decl":{"start":{"line":629,"column":77},"end":{"line":629,"column":78}},"loc":{"start":{"line":630,"column":24},"end":{"line":638,"column":30}},"line":630},"159":{"name":"(anonymous_159)","decl":{"start":{"line":631,"column":34},"end":{"line":631,"column":35}},"loc":{"start":{"line":631,"column":41},"end":{"line":638,"column":29}},"line":631},"160":{"name":"(anonymous_160)","decl":{"start":{"line":642,"column":83},"end":{"line":642,"column":84}},"loc":{"start":{"line":642,"column":89},"end":{"line":644,"column":25}},"line":642},"161":{"name":"(anonymous_161)","decl":{"start":{"line":643,"column":35},"end":{"line":643,"column":36}},"loc":{"start":{"line":643,"column":41},"end":{"line":643,"column":73}},"line":643},"162":{"name":"(anonymous_162)","decl":{"start":{"line":646,"column":88},"end":{"line":646,"column":89}},"loc":{"start":{"line":646,"column":94},"end":{"line":648,"column":25}},"line":646},"163":{"name":"(anonymous_163)","decl":{"start":{"line":647,"column":35},"end":{"line":647,"column":36}},"loc":{"start":{"line":647,"column":41},"end":{"line":64
[...]
27":{"name":"(anonymous_27)","decl":{"start":{"line":342,"column":18},"end":{"line":342,"column":19}},"loc":{"start":{"line":342,"column":25},"end":{"line":342,"column":35}},"line":342},"28":{"name":"(anonymous_28)","decl":{"start":{"line":343,"column":18},"end":{"line":343,"column":19}},"loc":{"start":{"line":343,"column":25},"end":{"line":347,"column":13}},"line":343},"29":{"name":"(anonymous_29)","decl":{"start":{"line":353,"column":4},"end":{"line":353,"column":5}},"loc":{"start":{"line":353,"column":19},"end":{"line":366,"column":5}},"line":353},"30":{"name":"(anonymous_30)","decl":{"start":{"line":360,"column":18},"end":{"line":360,"column":19}},"loc":{"start":{"line":360,"column":25},"end":{"line":360,"column":35}},"line":360},"31":{"name":"(anonymous_31)","decl":{"start":{"line":361,"column":18},"end":{"line":361,"column":19}},"loc":{"start":{"line":361,"column":25},"end":{"line":365,"column":13}},"line":361},"32":{"name":"(anonymous_32)","decl":{"start":{"line":380,"column":4},"end":{"line":380,"column":5}},"loc":{"start":{"line":380,"column":34},"end":{"line":395,"column":5}},"line":380},"33":{"name":"(anonymous_33)","decl":{"start":{"line":389,"column":18},"end":{"line":389,"column":19}},"loc":{"start":{"line":389,"column":25},"end":{"line":389,"column":35}},"line":389},"34":{"name":"(anonymous_34)","decl":{"start":{"line":390,"column":18},"end":{"line":390,"column":19}},"loc":{"start":{"line":390,"column":25},"end":{"line":394,"column":13}},"line":390},"35":{"name":"(anonymous_35)","decl":{"start":{"line":409,"column":4},"end":{"line":409,"column":5}},"loc":{"start":{"line":409,"column":31},"end":{"line":427,"column":5}},"line":409},"36":{"name":"(anonymous_36)","decl":{"start":{"line":421,"column":18},"end":{"line":421,"column":19}},"loc":{"start":{"line":421,"column":25},"end":{"line":421,"column":35}},"line":421},"37":{"name":"(anonymous_37)","decl":{"start":{"line":422,"column":18},"end":{"line":422,"column":19}},"loc":{"start":{"line":422,"column":25},"end":{"line":426,"column":13}},"line":422},"38":{"name":"(anonymous_38)","decl":{"start":{"line":441,"column":4},"end":{"line":441,"column":5}},"loc":{"start":{"line":441,"column":34},"end":{"line":458,"column":5}},"line":441},"39":{"name":"(anonymous_39)","decl":{"start":{"line":452,"column":18},"end":{"line":452,"column":19}},"loc":{"start":{"line":452,"column":25},"end":{"line":452,"column":35}},"line":452},"40":{"name":"(anonymous_40)","decl":{"start":{"line":453,"column":18},"end":{"line":453,"column":19}},"loc":{"start":{"line":453,"column":25},"end":{"line":457,"column":13}},"line":453},"41":{"name":"(anonymous_41)","decl":{"start":{"line":472,"column":4},"end":{"line":472,"column":5}},"loc":{"start":{"line":472,"column":38},"end":{"line":489,"column":5}},"line":472},"42":{"name":"(anonymous_42)","decl":{"start":{"line":483,"column":18},"end":{"line":483,"column":19}},"loc":{"start":{"line":483,"column":25},"end":{"line":483,"column":35}},"line":483},"43":{"name":"(anonymous_43)","decl":{"start":{"line":484,"column":18},"end":{"line":484,"column":19}},"loc":{"start":{"line":484,"column":25},"end":{"line":488,"column":13}},"line":484},"44":{"name":"(anonymous_44)","decl":{"start":{"line":503,"column":4},"end":{"line":503,"column":5}},"loc":{"start":{"line":503,"column":36},"end":{"line":520,"column":5}},"line":503},"45":{"name":"(anonymous_45)","decl":{"start":{"line":514,"column":18},"end":{"line":514,"column":19}},"loc":{"start":{"line":514,"column":25},"end":{"line":514,"column":35}},"line":514},"46":{"name":"(anonymous_46)","decl":{"start":{"line":515,"column":18},"end":{"line":515,"column":19}},"loc":{"start":{"line":515,"column":25},"end":{"line":519,"column":13}},"line":515},"47":{"name":"(anonymous_47)","decl":{"start":{"line":534,"column":4},"end":{"line":534,"column":5}},"loc":{"start":{"line":534,"column":29},"end":{"line":551,"column":5}},"line":534},"48":{"name":"(anonymous_48)","decl":{"start":{"line":545,"column":18},"end":{"line":545,"column":19}},"loc":{"start":{"line":545,"column":25},"end":{"line":545,"column":35}},"line":545},"49":{"name":"(anonymous_49)","decl":{"start":{"line":546,"column":18},"end":{"line":546,"column":19}},"loc":{"start":{"line":546,"column":25},"end":{"line":550,"column":13}},"line":546},"50":{"name":"(anonymous_50)","decl":{"start":{"line":566,"column":4},"end":{"line":566,"column":5}},"loc":{"start":{"line":566,"column":40},"end":{"line":584,"column":5}},"line":566},"51":{"name":"(anonymous_51)","decl":{"start":{"line":580,"column":18},"end":{"line":580,"column":19}},"loc":{"start":{"line":580,"column":25},"end":{"line":580,"column":35}},"line":580},"52":{"name":"(anonymous_52)","decl":{"start":{"line":581,"column":18},"end":{"line":581,"column":19}},"loc":{"start":{"line":581,"column":25},"end":{"line":583,"column":13}},"line":581},"53":{"name":"(anonymous_53)","decl":{"start":{"line":598,"column":4},"end":{"line":598,"column":5}},"loc":{"start":{"line":598,"column":32},"end":{"line":615,"column":5}},"line":598},"54":{"name":"(anonymous_54)","decl":{"start":{"line":609,"column":14},"end":{"line":609,"column":15}},"loc":{"start":{"line":609,"column":21},"end":{"line":609,"column":31}},"line":609},"55":{"name":"(anonymous_55)","decl":{"start":{"line":610,"column":14},"end":{"line":610,"column":15}},"loc":{"start":{"line":610,"column":21},"end":{"line":614,"column":9}},"line":610},"56":{"name":"(anonymous_56)","decl":{"start":{"line":630,"column":4},"end":{"line":630,"column":5}},"loc":{"start":{"line":630,"column":40},"end":{"line":648,"column":5}},"line":630},"57":{"name":"(anonymous_57)","decl":{"start":{"line":642,"column":18},"end":{"line":642,"column":19}},"loc":{"start":{"line":642,"column":25},"end":{"line":642,"column":35}},"line":642},"58":{"name":"(anonymous_58)","decl":{"start":{"line":643,"column":18},"end":{"line":643,"column":19}},"loc":{"start":{"line":643,"column":25},"end":{"line":647,"column":13}},"line":643}},"branchMap":{"0":{"loc":{"start":{"line":8,"column":13},"end":{"line":8,"column":53}},"type":"binary-expr","locations":[{"start":{"line":8,"column":13},"end":{"line":8,"column":45}},{"start":{"line":8,"column":49},"end":{"line":8,"column":53}}],"line":8},"1":{"loc":{"start":{"line":9,"column":12},"end":{"line":9,"column":51}},"type":"binary-expr","locations":[{"start":{"line":9,"column":12},"end":{"line":9,"column":43}},{"start":{"line":9,"column":47},"end":{"line":9,"column":51}}],"line":9},"2":{"loc":{"start":{"line":47,"column":16},"end":{"line":47,"column":53}},"type":"if","locations":[{"start":{"line":47,"column":16},"end":{"line":47,"column":53}},{"start":{"line":47,"column":16},"end":{"line":47,"column":53}}],"line":47},"3":{"loc":{"start":{"line":80,"column":16},"end":{"line":80,"column":53}},"type":"if","locations":[{"start":{"line":80,"column":16},"end":{"line":80,"column":53}},{"start":{"line":80,"column":16},"end":{"line":80,"column":53}}],"line":80},"4":{"loc":{"start":{"line":113,"column":12},"end":{"line":113,"column":49}},"type":"if","locations":[{"start":{"line":113,"column":12},"end":{"line":113,"column":49}},{"start":{"line":113,"column":12},"end":{"line":113,"column":49}}],"line":113},"5":{"loc":{"start":{"line":142,"column":16},"end":{"line":142,"column":53}},"type":"if","locations":[{"start":{"line":142,"column":16},"end":{"line":142,"column":53}},{"start":{"line":142,"column":16},"end":{"line":142,"column":53}}],"line":142},"6":{"loc":{"start":{"line":174,"column":16},"end":{"line":174,"column":53}},"type":"if","locations":[{"start":{"line":174,"column":16},"end":{"line":174,"column":53}},{"start":{"line":174,"column":16},"end":{"line":174,"column":53}}],"line":174},"7":{"loc":{"start":{"line":206,"column":16},"end":{"line":206,"column":53}},"type":"if","locations":[{"start":{"line":206,"column":16},"end":{"line":206,"column":53}},{"start":{"line":206,"column":16},"end":{"line":206,"column":53}}],"line":206},"8":{"loc":{"start":{"line":273,"column":16},"end":{"line":273,"column":53}},"type":"if","locations":[{"start":{"line":273,"column":16},"end":{"line":273,"column":53}},{"start":{"line":273,"column":16},"end":{"line":273,"column":53}}],"line":273},"9":{"loc":{"start":{"line":302,"column":16},"end":{"line":302,"column":53}},"type":"if","locations":[{"start":{"line":302,"column":16},"end":{"line":302,"column":53}},{"start":{"line":302,"column":16},"end":{"line":302,"column":53}}],"line":302},"10":{"loc":{"start":{"line":330,"column":8},"end":{"line":331,"column":34}},"type":"if","locations":[{"start":{"line":330,"column":8},"end":{"line":331,"column":34}},{"start":{"line":330,"column":8},"end":{"line":331,"column":34}}],"line":330},"11":{"loc":{"start":{"line":333,"column":8},"end":{"line":334,"column":51}},"type":"if","locations":[{"start":{"line":333,"column":8},"end":{"line":334,"column":51}},{"start":{"line":333,"column":8},"end":{"line":334,"column":51}}],"line":333},"12":{"loc":{"start":{"line":334,"column":23},"end":{"line":334,"column":37}},"type":"cond-expr","locations":[{"start":{"line":334,"column":29},"end":{"line":334,"column":32}},{"start":{"line":334,"column":35},"end":{"line":334,"column":37}}],"line":334},"13":{"loc":{"start":{"line":344,"column":16},"end":{"line":344,"column":53}},"type":"if","locations":[{"start":{"line":344,"column":16},"end":{"line":344,"column":53}},{"start":{"line":344,"column":16},"end":{"line":344,"column":53}}],"line":344},"14":{"loc":{"start":{"line":362,"column":16},"end":{"line":362,"column":53}},"type":"if","locations":[{"start":{"line":362,"column":16},"end":{"line":362,"column":53}},{"start":{"line":362,"column":16},"end":{"line":362,"column":53}}],"line":362},"15":{"loc":{"start":{"line":391,"column":16},"end":{"line":391,"column":53}},"type":"if","locations":[{"start":{"line":391,"column":16},"end":{"line":391,"column":53}},{"start":{"line":391,"column":16},"end":{"line":391,"column":53}}],"line":391},"16":{"loc":{"start":{"line":423,"column":16},"end":{"line":423,"column":53}},"type":"if","locations":[{"start":{"line":423,"column":16},"end":{"line":423,"column":53}},{"start":{"line":423,"column":16},"end":{"line":423,"column":53}}],"line":423},"17":{"loc":{"start":{"line":454,"column":16},"end":{"line":454,"column":53}},"type":"if","locations":[{"start":{"line":454,"column":16},"end":{"line":454,"column":53}},{"start":{"line":454,"column":16},"end":{"line":454,"column":53}}],"line":454},"18":{"loc":{"start":{"line":485,"column":16},"end":{"line":485,"column":53}},"type":"if","locations":[{"start":{"line":485,"column":16},"end":{"line":485,"column":53}},{"start":{"line":485,"column":16},"end":{"line":485,"column":53}}],"line":485},"19":{"loc":{"start":{"line":516,"column":16},"end":{"line":516,"column":53}},"type":"if","locations":[{"start":{"line":516,"column":16},"end":{"line":516,"column":53}},{"start":{"line":516,"column":16},"end":{"line":516,"column":53}}],"line":516},"20":{"loc":{"start":{"line":547,"column":16},"end":{"line":547,"column":53}},"type":"if","locations":[{"start":{"line":547,"column":16},"end":{"line":547,"column":53}},{"start":{"line":547,"column":16},"end":{"line":547,"column":53}}],"line":547},"21":{"loc":{"start":{"line":582,"column":16},"end":{"line":582,"column":53}},"type":"if","locations":[{"start":{"line":582,"column":16},"end":{"line":582,"column":53}},{"start":{"line":582,"column":16},"end":{"line":582,"column":53}}],"line":582},"22":{"loc":{"start":{"line":611,"column":12},"end":{"line":611,"column":49}},"type":"if","locations":[{"start":{"line":611,"column":12},"end":{"line":611,"column":49}},{"start":{"line":611,"column":12},"end":{"line":611,"column":49}}],"line":611},"23":{"loc":{"start":{"line":644,"column":16},"end":{"line":644,"column":53}},"type":"if","locations":[{"start":{"line":644,"column":16},"end":{"line":644,"column":53}},{"start":{"line":644,"column":16},"end":{"line":644,"column":53}}],"line":644}},"s":{"0":1,"1":1,"2":21,"3":1,"4":1,"5":1,"6":0,"7":18,"8":10,"9":10,"10":10,"11":10,"12":0,"13":0,"14":0,"15":0,"16":0,"17":0,"18":0,"19":0,"20":0,"21":0,"22":0,"23":0,"24":0,"25":0,"26":0,"27":0,"28":0,"29":0,"30":0,"31":0,"32":0,"33":0,"34":0,"35":0,"36":0,"37":0,"38":0,"39":0,"40":0,"41":0,"42":0,"43":0,"44":0,"45":0,"46":0,"47":0,"48":0,"49":0,"50":0,"51":0,"52":0,"53":0,"54":0,"55":0,"56":0,"57":0,"58":0,"59":0,"60":0,"61":0,"62":0,"63":0,"64":0,"65":0,"66":0,"67":0,"68":0,"69":0,"70":0,"71":0,"72":0,"73":0,"74":0,"75":0,"76":0,"77":0,"78":0,"79":0,"80":0,"81":0,"82":0,"83":0,"84":0,"85":0,"86":0,"87":0,"88":0,"89":0,"90":0,"91":0,"92":0,"93":0,"94":0,"95":0,"96":0,"97":0,"98":0,"99":0,"100":0,"101":0,"102":0,"103":0,"104":0,"105":0,"106":0,"107":0,"108":0,"109":0,"110":0,"111":0,"112":0,"113":0,"114":0,"115":0,"116":0,"117":0,"118":0,"119":0,"120":0,"121":0,"122":0,"123":0,"124":0,"125":0,"126":1},"f":{"0":21,"1":1,"2":1,"3":18,"4":10,"5":10,"6":0,"7":0,"8":0,"9":0,"10":0,"11":0,"12":0,"13":0,"14":0,"15":0,"16":0,"17":0,"18":0,"19":0,"20":0,"21":0,"22":0,"23":0,"24":0,"25":0,"26":0,"27":0,"28":0,"29":0,"30":0,"31":0,"32":0,"33":0,"34":0,"35":0,"36":0,"37":0,"38":0,"39":0,"40":0,"41":0,"42":0,"43":0,"44":0,"45":0,"46":0,"47":0,"48":0,"49":0,"50":0,"51":0,"52":0,"53":0,"54":0,"55":0,"56":0,"57":0,"58":0},"b":{"0":[1,1],"1":[1,1],"2":[0,1],"3":[10,0],"4":[0,0],"5":[0,0],"6":[0,0],"7":[0,0],"8":[0,0],"9":[0,0],"10":[0,0],"11":[0,0],"12":[0,0],"13":[0,0],"14":[0,0],"15":[0,0],"16":[0,0],"17":[0,0],"18":[0,0],"19":[0,0],"20":[0,0],"21":[0,0],"22":[0,0],"23":[0,0]},"_coverageSchema":"43e27e138ebf9cfc5966b082cf9a028302ed4184","hash":"c45904ad1a4671bb8dda55b644df6050a51d1110","contentHash":"af5c71e2f48e62847b3d1bd7ee385f16"},"/Users/dani/Desktop/skylab/skylab-bootcamp-201809/staff/daniel-villegas/partyup/partyup-app/src/utilities/validate.js":{"path":"/Users/dani/Desktop/skylab/skylab-bootcamp-201809/staff/daniel-villegas/partyup/partyup-app/src/utilities/validate.js","statementMap":{"0":{"start":{"line":1,"column":23},"end":{"line":1,"column":43}},"1":{"start":{"line":4,"column":4},"end":{"line":30,"column":6}},"2":{"start":{"line":5,"column":8},"end":{"line":29,"column":9}},"3":{"start":{"line":7,"column":16},"end":{"line":7,"column":52}},"4":{"start":{"line":7,"column":47},"end":{"line":7,"column":52}},"5":{"start":{"line":9,"column":16},"end":{"line":9,"column":90}},"6":{"start":{"line":9,"column":47},"end":{"line":9,"column":90}},"7":{"start":{"line":11,"column":16},"end":{"line":11,"column":85}},"8":{"start":{"line":11,"column":42},"end":{"line":11,"column":85}},"9":{"start":{"line":13,"column":16},"end":{"line":13,"column":21}},"10":{"start":{"line":15,"column":16},"end":{"line":15,"column":52}},"11":{"start":{"line":15,"column":47},"end":{"line":15,"column":52}},"12":{"start":{"line":17,"column":16},"end":{"line":17,"column":92}},"13":{"start":{"line":17,"column":48},"end":{"line":17,"column":92}},"14":{"start":{"line":19,"column":16},"end":{"line":19,"column":21}},"15":{"start":{"line":21,"column":16},"end":{"line":21,"column":52}},"16":{"start":{"line":21,"column":47},"end":{"line":21,"column":52}},"17":{"start":{"line":23,"column":16},"end":{"line":23,"column":90}},"18":{"start":{"line":23,"column":47},"end":{"line":23,"column":90}},"19":{"start":{"line":24,"column":16},"end":{"line":24,"column":21}},"20":{"start":{"line":26,"column":16},"end":{"line":26,"column":53}},"21":{"start":{"line":26,"column":48},"end":{"line":26,"column":53}},"22":{"start":{"line":28,"column":16},"end":{"line":28,"column":87}},"23":{"start":{"line":28,"column":46},"end":{"line":28,"column":87}},"24":{"start":{"line":35,"column":0},"end":{"line":35,"column":30}}},"fnMap":{"0":{"name":"validateLogic","decl":{"start":{"line":3,"column":9},"end":{"line":3,"column":22}},"loc":{"start":{"line":3,"column":31},"end":{"line":31,"column":1}},"line":3},"1":{"name":"(anonymous_1)","decl":{"start":{"line":4,"column":19},"end":{"line":4,"column":20}},"loc":{"start":{"line":4,"column":55},"end":{"line":30,"column":5}},"line":4}},"branchMap":{"0":{"loc":{"start":{"line":5,"column":8},"end":{"line":29,"column":9}},"type":"switch","locations":[{"start":{"line":6,"column":12},"end":{"line":13,"column":21}},{"start":{"line":14,"column":12},"end":{"line":19,"column":21}},{"start":{"line":20,"column":12},"end":{"line":24,"column":21}},{"start":{"line":25,"column":12},"end":{"line":28,"column":87}}],"line":5},"1":{"loc":{"start":{"line":7,"column":16},"end":{"line":7,"column":52}},"type":"if","locations":[{"start":{"line":7,"column":16},"end":{"line":7,"column":52}},{"start":{"line":7,"column":16},"end":{"line":7,"column":52}}],"line":7},"2":{"loc":{"start":{"line":7,"column":20},"end":{"line":7,"column":45}},"type":"binary-expr","locations":[{"start":{"line":7,"column":20},"end":{"line":7,"column":28}},{"start":{"line":7,"column":32},"end":{"line":7,"column":45}}],"line":7},"3":{"loc":{"start":{"line":9,"column":16},"end":{"line":9,"column":90}},"type":"if","locations":[{"start":{"line":9,"column":16},"end":{"line":9,"column":90}},{"start":{"line":9,"column":16},"end":{"line":9,"column":90}}],"line":9},"4":{"loc":{"start":{"line":11,"column":16},"end":{"line":11,"column":85}},"type":"if","locations":[{"start":{"line":11,"column":16},"end":{"line":11,"column":85}},{"start":{"line":11,"column":16},"end":{"line":11,"column":85}}],"line":11},"5":{"loc":{"start":{"line":15,"column":16},"end":{"line":15,"column":52}},"type":"if","locations":[{"start":{"line":15,"column":16},"end":{"line":15,"column":52}},{"start":{"line":15,"column":16},"end":{"line":15,"column":52}}],"line":15},"6":{"loc":{"start":{"line":15,"column":20},"end":{"line":15,"column":45}},"type":"binary-expr","locations":[{"start":{"line":15,"column":20},"end":{"line":15,"column":28}},{"start":{"line":15,"column":32},"end":{"line":15,"column":45}}],"line":15},"7":{"loc":{"start":{"line":17,"column":16},"end":{"line":17,"column":92}},"type":"if","locations":[{"start":{"line":17,"column":16},"end":{"line":17,"column":92}},{"start":{"line":17,"column":16},"end":{"line":17,"column":92}}],"line":17},"8":{"loc":{"start":{"line":21,"column":16},"end":{"line":21,"column":52}},"type":"if","locations":[{"start":{"line":21,"column":16},"end":{"line":21,"column":52}},{"start":{"line":21,"column":16},"end":{"line":21,"column":52}}],"line":21},"9":{"loc":{"start":{"line":21,"column":20},"end":{"line":21,"column":45}},"type":"binary-expr","locations":[{"start":{"line":21,"column":20},"end":{"line":21,"column":28}},{"start":{"line":21,"column":32},"end":{"line":21,"column":45}}],"line":21},"10":{"loc":{"start":{"line":23,"column":16},"end":{"line":23,"column":90}},"type":"if","locations":[{"start":{"line":23,"column":16},"end":{"line":23,"column":90}},{"start":{"line":23,"column":16},"end":{"line":23,"column":90}}],"line":23},"11":{"loc":{"start":{"line":26,"column":16},"end":{"line":26,"column":53}},"type":"if","locations":[{"start":{"line":26,"column":16},"end":{"line":26,"column":53}},{"start":{"line":26,"column":16},"end":{"line":26,"column":53}}],"line":26},"12":{"loc":{"start":{"line":26,"column":20},"end":{"line":26,"column":46}},"type":"binary-expr","locations":[{"start":{"line":26,"column":20},"end":{"line":26,"column":28}},{"start":{"line":26,"column":32},"end":{"line":26,"column":46}}],"line":26},"13":{"loc":{"start":{"line":28,"column":16},"end":{"line":28,"column":87}},"type":"if","locations":[{"start":{"line":28,"column":16},"end":{"line":28,"column":87}},{"start":{"line":28,"column":16},"end":{"line":28,"column":87}}],"line":28}},"s":{"0":1,"1":39,"2":97,"3":97,"4":0,"5":97,"6":21,"7":76,"8":7,"9":69,"10":0,"11":0,"12":0,"13":0,"14":0,"15":0,"16":0,"17":0,"18":0,"19":0,"20":0,"21":0,"22":0,"23":0,"24":1},"f":{"0":39,"1":97},"b":{"0":[97,0,0,0],"1":[0,97],"2":[97,0],"3":[21,76],"4":[7,69],"5":[0,0],"6":[0,0],"7":[0,0],"8":[0,0],"9":[0,0],"10":[0,0],"11":[0,0],"12":[0,0],"13":[0,0]},"_coverageSchema":"43e27e138ebf9cfc5966b082cf9a028302ed4184","hash":"c45f8019411603b6680d2e32610e9e55f153f9ee","contentHash":"adbafaa2fd227c5ae4445b9add14ae13"}}